[23:26:05.374][info] [#0:/home/selecaoone/personal/.config/nvim/mason_packages/Linux/packages/lua-language-server/libexec/main.lua:66]: Lua Lsp startup, root: 	/home/selecaoone/personal/.config/nvim/mason_packages/Linux/packages/lua-language-server/libexec
[23:26:05.374][info] [#0:/home/selecaoone/personal/.config/nvim/mason_packages/Linux/packages/lua-language-server/libexec/main.lua:67]: ROOT:	/home/selecaoone/personal/.config/nvim/mason_packages/Linux/packages/lua-language-server/libexec
[23:26:05.374][info] [#0:/home/selecaoone/personal/.config/nvim/mason_packages/Linux/packages/lua-language-server/libexec/main.lua:68]: LOGPATH:	/home/selecaoone/personal/.config/nvim/mason_packages/Linux/packages/lua-language-server/libexec/log
[23:26:05.374][info] [#0:/home/selecaoone/personal/.config/nvim/mason_packages/Linux/packages/lua-language-server/libexec/main.lua:69]: METAPATH:	/home/selecaoone/personal/.config/nvim/mason_packages/Linux/packages/lua-language-server/libexec/meta
[23:26:05.375][info] [#0:/home/selecaoone/personal/.config/nvim/mason_packages/Linux/packages/lua-language-server/libexec/main.lua:70]: VERSION:	3.7.0
[23:26:05.434][info] [#0:script/service/service.lua:144]: 
========= Medical Examination Report =========
    --------------- Memory ---------------
        Total: 2.143 MB
        # 00 : 2.143 MB
        # 01 : 0.000 MB
        # 02 : 0.000 MB
        # 03 : 0.000 MB
        # 04 : 0.000 MB
    --------------- Coroutine ---------------
        Total:     0
        Running:   0
        Suspended: 0
        Normal:    0
        Dead:      0
    --------------- Cache ---------------
        Total: 1
        Dead:  0
    ---------------  RPC  ---------------
        Holdon:   0
        Waiting:  0
==============================================
[23:26:05.443][info] [#0:script/client.lua:657]: Client init	{
  capabilities = {
    textDocument = {
      callHierarchy = {
        dynamicRegistration = false
      },
      codeAction = {
        codeActionLiteralSupport = {
          codeActionKind = {
            valueSet = { "", "quickfix", "refactor", "refactor.extract", "refactor.inline", "refactor.rewrite", "source", "source.organizeImports" }
          }
        },
        dataSupport = true,
        dynamicRegistration = false,
        isPreferredSupport = true,
        resolveSupport = {
          properties = { "edit" }
        }
      },
      completion = {
        completionItem = {
          commitCharactersSupport = false,
          deprecatedSupport = false,
          documentationFormat = { "markdown", "plaintext" },
          preselectSupport = false,
          snippetSupport = false
        },
        completionItemKind = {
          valueSet = { 1, 2, 3, 4, 5, 6, 7, 8, 9, 10, 11, 12, 13, 14, 15, 16, 17, 18, 19, 20, 21, 22, 23, 24, 25 }
        },
        contextSupport = false,
        dynamicRegistration = false
      },
      declaration = {
        linkSupport = true
      },
      definition = {
        linkSupport = true
      },
      documentHighlight = {
        dynamicRegistration = false
      },
      documentSymbol = {
        dynamicRegistration = false,
        hierarchicalDocumentSymbolSupport = true,
        symbolKind = {
          valueSet = { 1, 2, 3, 4, 5, 6, 7, 8, 9, 10, 11, 12, 13, 14, 15, 16, 17, 18, 19, 20, 21, 22, 23, 24, 25, 26 }
        }
      },
      hover = {
        contentFormat = { "markdown", "plaintext" },
        dynamicRegistration = false
      },
      implementation = {
        linkSupport = true
      },
      publishDiagnostics = {
        relatedInformation = true,
        tagSupport = {
          valueSet = { 1, 2 }
        }
      },
      references = {
        dynamicRegistration = false
      },
      rename = {
        dynamicRegistration = false,
        prepareSupport = true
      },
      semanticTokens = {
        augmentsSyntaxTokens = true,
        dynamicRegistration = false,
        formats = { "relative" },
        multilineTokenSupport = false,
        overlappingTokenSupport = true,
        requests = {
          full = {
            delta = true
          },
          range = false
        },
        serverCancelSupport = false,
        tokenModifiers = { "declaration", "definition", "readonly", "static", "deprecated", "abstract", "async", "modification", "documentation", "defaultLibrary" },
        tokenTypes = { "namespace", "type", "class", "enum", "interface", "struct", "typeParameter", "parameter", "variable", "property", "enumMember", "event", "function", "method", "macro", "keyword", "modifier", "comment", "string", "number", "regexp", "operator", "decorator" }
      },
      signatureHelp = {
        dynamicRegistration = false,
        signatureInformation = {
          activeParameterSupport = true,
          documentationFormat = { "markdown", "plaintext" },
          parameterInformation = {
            labelOffsetSupport = true
          }
        }
      },
      synchronization = {
        didSave = true,
        dynamicRegistration = false,
        willSave = true,
        willSaveWaitUntil = true
      },
      typeDefinition = {
        linkSupport = true
      }
    },
    window = {
      showDocument = {
        support = true
      },
      showMessage = {
        messageActionItem = {
          additionalPropertiesSupport = false
        }
      },
      workDoneProgress = true
    },
    workspace = {
      applyEdit = true,
      configuration = true,
      didChangeWatchedFiles = {
        dynamicRegistration = false,
        relativePatternSupport = true
      },
      semanticTokens = {
        refreshSupport = true
      },
      symbol = {
        dynamicRegistration = false,
        hierarchicalWorkspaceSymbolSupport = true,
        symbolKind = {
          valueSet = { 1, 2, 3, 4, 5, 6, 7, 8, 9, 10, 11, 12, 13, 14, 15, 16, 17, 18, 19, 20, 21, 22, 23, 24, 25, 26 }
        }
      },
      workspaceEdit = {
        resourceOperations = { "rename", "create", "delete" }
      },
      workspaceFolders = true
    }
  },
  clientInfo = {
    name = "Neovim",
    version = "0.9.0"
  },
  initializationOptions = {},
  processId = 47257,
  rootPath = "/home/selecaoone/.local/share/nvim/lazy/lazy.nvim",
  rootUri = "file:///home/selecaoone/.local/share/nvim/lazy/lazy.nvim",
  trace = "off",
  workspaceFolders = { {
      name = "/home/selecaoone/.local/share/nvim/lazy/lazy.nvim",
      uri = "file:///home/selecaoone/.local/share/nvim/lazy/lazy.nvim"
    } }
}
[23:26:05.443][info] [#0:script/language.lua:137]: VSC language: nil
[23:26:05.443][info] [#0:script/language.lua:138]: LS  language: en-us
[23:26:05.443][info] [#0:script/workspace/workspace.lua:38]: Workspace init root: 	file:///home/selecaoone/.local/share/nvim/lazy/lazy.nvim
[23:26:05.443][info] [#0:script/workspace/workspace.lua:42]: Log path: 	/home/selecaoone/personal/.config/nvim/mason_packages/Linux/packages/lua-language-server/libexec/log/file_home_selecaoone_.local_share_nvim_lazy_lazy.nvim.log
[23:26:05.444][info] [#0:script/workspace/workspace.lua:48]: Workspace create: 	file:///home/selecaoone/.local/share/nvim/lazy/lazy.nvim
[23:26:05.648][info] [#0:script/provider/provider.lua:46]: Load config from client	file:///home/selecaoone/.local/share/nvim/lazy/lazy.nvim
[23:26:05.648][info] [#0:script/provider/provider.lua:47]: {
  Lua = {
    runtime = {
      version = "LuaJIT"
    },
    workspace = {
      checkThirdParty = false,
      library = { "/home/selecaoone/Downloads/squashfs-root/usr/share/nvim/runtime" }
    }
  }
}
[23:26:05.649][info] [#0:script/provider/provider.lua:46]: Load config from client	file:///home/selecaoone/.local/share/nvim/lazy/lazy.nvim
[23:26:05.649][info] [#0:script/provider/provider.lua:47]: {
  Lua = {
    runtime = {
      version = "LuaJIT"
    },
    workspace = {
      checkThirdParty = false,
      library = { "/home/selecaoone/Downloads/squashfs-root/usr/share/nvim/runtime" }
    }
  }
}
[23:26:05.649][info] [#0:script/provider/provider.lua:46]: Load config from client	file:///home/selecaoone/.local/share/nvim/lazy/lazy.nvim
[23:26:05.650][info] [#0:script/provider/provider.lua:47]: {
  Lua = {
    runtime = {
      version = "LuaJIT"
    },
    workspace = {
      checkThirdParty = false,
      library = { "/home/selecaoone/Downloads/squashfs-root/usr/share/nvim/runtime" }
    }
  }
}
[23:26:05.650][info] [#0:script/provider/provider.lua:46]: Load config from client	file:///home/selecaoone/.local/share/nvim/lazy/lazy.nvim
[23:26:05.650][info] [#0:script/provider/provider.lua:47]: {
  Lua = {
    runtime = {
      version = "LuaJIT"
    },
    workspace = {
      checkThirdParty = false,
      library = { "/home/selecaoone/Downloads/squashfs-root/usr/share/nvim/runtime" }
    }
  }
}
[23:26:05.650][info] [#0:script/provider/provider.lua:61]: Load config from client	fallback
[23:26:05.651][info] [#0:script/provider/provider.lua:62]: {
  Lua = {
    runtime = {
      version = "LuaJIT"
    },
    workspace = {
      checkThirdParty = false,
      library = { "/home/selecaoone/Downloads/squashfs-root/usr/share/nvim/runtime" }
    }
  }
}
[23:26:05.651][info] [#0:script/provider/provider.lua:61]: Load config from client	fallback
[23:26:05.651][info] [#0:script/provider/provider.lua:62]: {
  Lua = {
    runtime = {
      version = "LuaJIT"
    },
    workspace = {
      checkThirdParty = false,
      library = { "/home/selecaoone/Downloads/squashfs-root/usr/share/nvim/runtime" }
    }
  }
}
[23:26:05.651][info] [#0:script/provider/provider.lua:61]: Load config from client	fallback
[23:26:05.651][info] [#0:script/provider/provider.lua:62]: {
  Lua = {
    runtime = {
      version = "LuaJIT"
    },
    workspace = {
      checkThirdParty = false,
      library = { "/home/selecaoone/Downloads/squashfs-root/usr/share/nvim/runtime" }
    }
  }
}
[23:26:05.651][info] [#0:script/provider/provider.lua:61]: Load config from client	fallback
[23:26:05.651][info] [#0:script/provider/provider.lua:62]: {
  Lua = {
    runtime = {
      version = "LuaJIT"
    },
    workspace = {
      checkThirdParty = false,
      library = { "/home/selecaoone/Downloads/squashfs-root/usr/share/nvim/runtime" }
    }
  }
}
[23:26:05.753][info] [#0:script/library.lua:212]: Init builtin library at:	file:///home/selecaoone/.local/share/nvim/lazy/lazy.nvim
[23:26:05.806][info] [#0:script/plugin.lua:86]: plugin path:	/home/selecaoone/.local/share/nvim/lazy/lazy.nvim
[23:26:05.806][warn] [#0:script/plugin.lua:101]: plugin not found:	/home/selecaoone/.local/share/nvim/lazy/lazy.nvim
[23:26:05.806][info] [#0:script/library.lua:212]: Init builtin library at:	nil
[23:26:05.930][info] [#0:script/workspace/workspace.lua:324]: Preload start:	file:///home/selecaoone/.local/share/nvim/lazy/lazy.nvim
[23:26:05.940][info] [#0:script/workspace/workspace.lua:330]: Scan files at:	file:///home/selecaoone/.local/share/nvim/lazy/lazy.nvim
[23:26:05.944][info] [#0:script/workspace/workspace.lua:324]: Preload start:	<fallback>
[23:26:05.950][info] [#0:script/workspace/workspace.lua:353]: Scan library at:	file:///home/selecaoone/personal/.config/nvim/mason_packages/Linux/packages/lua-language-server/libexec/meta/LuaJIT%20en-us%20utf8/builtin.lua
[23:26:05.951][info] [#0:script/workspace/workspace.lua:353]: Scan library at:	file:///home/selecaoone/personal/.config/nvim/mason_packages/Linux/packages/lua-language-server/libexec/meta/LuaJIT%20en-us%20utf8/math.lua
[23:26:05.951][info] [#0:script/workspace/workspace.lua:353]: Scan library at:	file:///home/selecaoone/Downloads/squashfs-root/usr/share/nvim/runtime
[23:26:05.994][info] [#0:script/workspace/workspace.lua:353]: Scan library at:	file:///home/selecaoone/personal/.config/nvim/mason_packages/Linux/packages/lua-language-server/libexec/meta/LuaJIT%20en-us%20utf8/builtin.lua
[23:26:05.994][info] [#0:script/workspace/workspace.lua:353]: Scan library at:	file:///home/selecaoone/personal/.config/nvim/mason_packages/Linux/packages/lua-language-server/libexec/meta/LuaJIT%20en-us%20utf8/math.lua
[23:26:05.995][info] [#0:script/workspace/workspace.lua:353]: Scan library at:	file:///home/selecaoone/Downloads/squashfs-root/usr/share/nvim/runtime
[23:26:06.213][info] [#0:script/workspace/workspace.lua:353]: Scan library at:	file:///home/selecaoone/personal/.config/nvim/mason_packages/Linux/packages/lua-language-server/libexec/meta/LuaJIT%20en-us%20utf8/table/clear.lua
[23:26:06.213][info] [#0:script/workspace/workspace.lua:353]: Scan library at:	file:///home/selecaoone/personal/.config/nvim/mason_packages/Linux/packages/lua-language-server/libexec/meta/LuaJIT%20en-us%20utf8/ffi.lua
[23:26:06.214][info] [#0:script/workspace/workspace.lua:353]: Scan library at:	file:///home/selecaoone/personal/.config/nvim/mason_packages/Linux/packages/lua-language-server/libexec/meta/LuaJIT%20en-us%20utf8/basic.lua
[23:26:06.214][info] [#0:script/workspace/workspace.lua:353]: Scan library at:	file:///home/selecaoone/personal/.config/nvim/mason_packages/Linux/packages/lua-language-server/libexec/meta/LuaJIT%20en-us%20utf8/jit.lua
[23:26:06.214][info] [#0:script/workspace/workspace.lua:353]: Scan library at:	file:///home/selecaoone/personal/.config/nvim/mason_packages/Linux/packages/lua-language-server/libexec/meta/LuaJIT%20en-us%20utf8/jit/util.lua
[23:26:06.214][info] [#0:script/workspace/workspace.lua:353]: Scan library at:	file:///home/selecaoone/personal/.config/nvim/mason_packages/Linux/packages/lua-language-server/libexec/meta/LuaJIT%20en-us%20utf8/coroutine.lua
[23:26:06.215][info] [#0:script/workspace/workspace.lua:353]: Scan library at:	file:///home/selecaoone/personal/.config/nvim/mason_packages/Linux/packages/lua-language-server/libexec/meta/LuaJIT%20en-us%20utf8/debug.lua
[23:26:06.215][info] [#0:script/workspace/workspace.lua:353]: Scan library at:	file:///home/selecaoone/personal/.config/nvim/mason_packages/Linux/packages/lua-language-server/libexec/meta/LuaJIT%20en-us%20utf8/string/buffer.lua
[23:26:06.215][info] [#0:script/workspace/workspace.lua:353]: Scan library at:	file:///home/selecaoone/personal/.config/nvim/mason_packages/Linux/packages/lua-language-server/libexec/meta/LuaJIT%20en-us%20utf8/bit.lua
[23:26:06.215][info] [#0:script/workspace/workspace.lua:353]: Scan library at:	file:///home/selecaoone/personal/.config/nvim/mason_packages/Linux/packages/lua-language-server/libexec/meta/LuaJIT%20en-us%20utf8/table/new.lua
[23:26:06.215][info] [#0:script/workspace/workspace.lua:353]: Scan library at:	file:///home/selecaoone/personal/.config/nvim/mason_packages/Linux/packages/lua-language-server/libexec/meta/LuaJIT%20en-us%20utf8/string.lua
[23:26:06.216][info] [#0:script/workspace/workspace.lua:353]: Scan library at:	file:///home/selecaoone/personal/.config/nvim/mason_packages/Linux/packages/lua-language-server/libexec/meta/LuaJIT%20en-us%20utf8/package.lua
[23:26:06.216][info] [#0:script/workspace/workspace.lua:353]: Scan library at:	file:///home/selecaoone/personal/.config/nvim/mason_packages/Linux/packages/lua-language-server/libexec/meta/LuaJIT%20en-us%20utf8/table.lua
[23:26:06.216][info] [#0:script/workspace/workspace.lua:353]: Scan library at:	file:///home/selecaoone/personal/.config/nvim/mason_packages/Linux/packages/lua-language-server/libexec/meta/LuaJIT%20en-us%20utf8/io.lua
[23:26:06.216][info] [#0:script/workspace/workspace.lua:353]: Scan library at:	file:///home/selecaoone/personal/.config/nvim/mason_packages/Linux/packages/lua-language-server/libexec/meta/LuaJIT%20en-us%20utf8/os.lua
[23:26:06.216][info] [#0:script/workspace/workspace.lua:353]: Scan library at:	file:///home/selecaoone/personal/.config/nvim/mason_packages/Linux/packages/lua-language-server/libexec/meta/LuaJIT%20en-us%20utf8/jit/profile.lua
[23:26:06.219][info] [#0:script/workspace/workspace.lua:353]: Scan library at:	file:///home/selecaoone/personal/.config/nvim/mason_packages/Linux/packages/lua-language-server/libexec/meta/LuaJIT%20en-us%20utf8/table/clear.lua
[23:26:06.219][info] [#0:script/workspace/workspace.lua:353]: Scan library at:	file:///home/selecaoone/personal/.config/nvim/mason_packages/Linux/packages/lua-language-server/libexec/meta/LuaJIT%20en-us%20utf8/ffi.lua
[23:26:06.219][info] [#0:script/workspace/workspace.lua:353]: Scan library at:	file:///home/selecaoone/personal/.config/nvim/mason_packages/Linux/packages/lua-language-server/libexec/meta/LuaJIT%20en-us%20utf8/basic.lua
[23:26:06.220][info] [#0:script/workspace/workspace.lua:353]: Scan library at:	file:///home/selecaoone/personal/.config/nvim/mason_packages/Linux/packages/lua-language-server/libexec/meta/LuaJIT%20en-us%20utf8/jit.lua
[23:26:06.220][info] [#0:script/workspace/workspace.lua:353]: Scan library at:	file:///home/selecaoone/personal/.config/nvim/mason_packages/Linux/packages/lua-language-server/libexec/meta/LuaJIT%20en-us%20utf8/jit/util.lua
[23:26:06.220][info] [#0:script/workspace/workspace.lua:353]: Scan library at:	file:///home/selecaoone/personal/.config/nvim/mason_packages/Linux/packages/lua-language-server/libexec/meta/LuaJIT%20en-us%20utf8/coroutine.lua
[23:26:06.221][info] [#0:script/workspace/workspace.lua:353]: Scan library at:	file:///home/selecaoone/personal/.config/nvim/mason_packages/Linux/packages/lua-language-server/libexec/meta/LuaJIT%20en-us%20utf8/debug.lua
[23:26:06.221][info] [#0:script/workspace/workspace.lua:353]: Scan library at:	file:///home/selecaoone/personal/.config/nvim/mason_packages/Linux/packages/lua-language-server/libexec/meta/LuaJIT%20en-us%20utf8/string/buffer.lua
[23:26:06.221][info] [#0:script/workspace/workspace.lua:353]: Scan library at:	file:///home/selecaoone/personal/.config/nvim/mason_packages/Linux/packages/lua-language-server/libexec/meta/LuaJIT%20en-us%20utf8/bit.lua
[23:26:06.221][info] [#0:script/workspace/workspace.lua:353]: Scan library at:	file:///home/selecaoone/personal/.config/nvim/mason_packages/Linux/packages/lua-language-server/libexec/meta/LuaJIT%20en-us%20utf8/table/new.lua
[23:26:06.221][info] [#0:script/workspace/workspace.lua:353]: Scan library at:	file:///home/selecaoone/personal/.config/nvim/mason_packages/Linux/packages/lua-language-server/libexec/meta/LuaJIT%20en-us%20utf8/string.lua
[23:26:06.221][info] [#0:script/workspace/workspace.lua:353]: Scan library at:	file:///home/selecaoone/personal/.config/nvim/mason_packages/Linux/packages/lua-language-server/libexec/meta/LuaJIT%20en-us%20utf8/package.lua
[23:26:06.221][info] [#0:script/workspace/workspace.lua:353]: Scan library at:	file:///home/selecaoone/personal/.config/nvim/mason_packages/Linux/packages/lua-language-server/libexec/meta/LuaJIT%20en-us%20utf8/table.lua
[23:26:06.222][info] [#0:script/workspace/workspace.lua:353]: Scan library at:	file:///home/selecaoone/personal/.config/nvim/mason_packages/Linux/packages/lua-language-server/libexec/meta/LuaJIT%20en-us%20utf8/io.lua
[23:26:06.222][info] [#0:script/workspace/workspace.lua:353]: Scan library at:	file:///home/selecaoone/personal/.config/nvim/mason_packages/Linux/packages/lua-language-server/libexec/meta/LuaJIT%20en-us%20utf8/os.lua
[23:26:06.222][info] [#0:script/workspace/workspace.lua:353]: Scan library at:	file:///home/selecaoone/personal/.config/nvim/mason_packages/Linux/packages/lua-language-server/libexec/meta/LuaJIT%20en-us%20utf8/jit/profile.lua
[23:26:06.322][info] [#0:script/workspace/workspace.lua:379]: Found 83 files at:	<fallback>
[23:26:06.322][info] [#0:script/workspace/loading.lua:161]: Load files from disk:	<fallback>
[23:26:06.322][info] [#0:script/workspace/workspace.lua:379]: Found 134 files at:	file:///home/selecaoone/.local/share/nvim/lazy/lazy.nvim
[23:26:06.322][info] [#0:script/workspace/loading.lua:161]: Load files from disk:	file:///home/selecaoone/.local/share/nvim/lazy/lazy.nvim
[23:26:06.325][info] [#0:script/workspace/loading.lua:101]: Preload file at: file:///home/selecaoone/personal/.config/nvim/mason_packages/Linux/packages/lua-language-server/libexec/meta/LuaJIT%20en-us%20utf8/jit/profile.lua , size = 0.348 KB
[23:26:06.328][info] [#0:script/workspace/loading.lua:113]: ++++As library of:	file:///home/selecaoone/personal/.config/nvim/mason_packages/Linux/packages/lua-language-server/libexec/meta/LuaJIT%20en-us%20utf8/jit/profile.lua
[23:26:06.328][info] [#0:script/workspace/loading.lua:98]: Skip loaded file: file:///home/selecaoone/personal/.config/nvim/mason_packages/Linux/packages/lua-language-server/libexec/meta/LuaJIT%20en-us%20utf8/jit/profile.lua
[23:26:06.328][info] [#0:script/workspace/loading.lua:101]: Preload file at: file:///home/selecaoone/personal/.config/nvim/mason_packages/Linux/packages/lua-language-server/libexec/meta/LuaJIT%20en-us%20utf8/os.lua , size = 5.600 KB
[23:26:06.341][info] [#0:script/workspace/loading.lua:113]: ++++As library of:	file:///home/selecaoone/personal/.config/nvim/mason_packages/Linux/packages/lua-language-server/libexec/meta/LuaJIT%20en-us%20utf8/os.lua
[23:26:06.341][info] [#0:script/workspace/loading.lua:98]: Skip loaded file: file:///home/selecaoone/personal/.config/nvim/mason_packages/Linux/packages/lua-language-server/libexec/meta/LuaJIT%20en-us%20utf8/os.lua
[23:26:06.342][info] [#0:script/workspace/loading.lua:101]: Preload file at: file:///home/selecaoone/personal/.config/nvim/mason_packages/Linux/packages/lua-language-server/libexec/meta/LuaJIT%20en-us%20utf8/io.lua , size = 6.364 KB
[23:26:06.351][info] [#0:script/workspace/loading.lua:113]: ++++As library of:	file:///home/selecaoone/personal/.config/nvim/mason_packages/Linux/packages/lua-language-server/libexec/meta/LuaJIT%20en-us%20utf8/io.lua
[23:26:06.351][info] [#0:script/workspace/loading.lua:98]: Skip loaded file: file:///home/selecaoone/personal/.config/nvim/mason_packages/Linux/packages/lua-language-server/libexec/meta/LuaJIT%20en-us%20utf8/io.lua
[23:26:06.351][info] [#0:script/workspace/loading.lua:101]: Preload file at: file:///home/selecaoone/personal/.config/nvim/mason_packages/Linux/packages/lua-language-server/libexec/meta/LuaJIT%20en-us%20utf8/table.lua , size = 4.230 KB
[23:26:06.358][info] [#0:script/workspace/loading.lua:113]: ++++As library of:	file:///home/selecaoone/personal/.config/nvim/mason_packages/Linux/packages/lua-language-server/libexec/meta/LuaJIT%20en-us%20utf8/table.lua
[23:26:06.358][info] [#0:script/workspace/loading.lua:101]: Preload file at: file:///home/selecaoone/personal/.config/nvim/mason_packages/Linux/packages/lua-language-server/libexec/meta/LuaJIT%20en-us%20utf8/package.lua , size = 2.699 KB
[23:26:06.362][info] [#0:script/workspace/loading.lua:113]: ++++As library of:	file:///home/selecaoone/personal/.config/nvim/mason_packages/Linux/packages/lua-language-server/libexec/meta/LuaJIT%20en-us%20utf8/package.lua
[23:26:06.362][info] [#0:script/workspace/loading.lua:98]: Skip loaded file: file:///home/selecaoone/personal/.config/nvim/mason_packages/Linux/packages/lua-language-server/libexec/meta/LuaJIT%20en-us%20utf8/table.lua
[23:26:06.362][info] [#0:script/workspace/loading.lua:98]: Skip loaded file: file:///home/selecaoone/personal/.config/nvim/mason_packages/Linux/packages/lua-language-server/libexec/meta/LuaJIT%20en-us%20utf8/package.lua
[23:26:06.362][info] [#0:script/workspace/loading.lua:101]: Preload file at: file:///home/selecaoone/personal/.config/nvim/mason_packages/Linux/packages/lua-language-server/libexec/meta/LuaJIT%20en-us%20utf8/string.lua , size = 6.323 KB
[23:26:06.371][info] [#0:script/workspace/loading.lua:113]: ++++As library of:	file:///home/selecaoone/personal/.config/nvim/mason_packages/Linux/packages/lua-language-server/libexec/meta/LuaJIT%20en-us%20utf8/string.lua
[23:26:06.371][info] [#0:script/workspace/loading.lua:98]: Skip loaded file: file:///home/selecaoone/personal/.config/nvim/mason_packages/Linux/packages/lua-language-server/libexec/meta/LuaJIT%20en-us%20utf8/string.lua
[23:26:06.371][info] [#0:script/workspace/loading.lua:101]: Preload file at: file:///home/selecaoone/personal/.config/nvim/mason_packages/Linux/packages/lua-language-server/libexec/meta/LuaJIT%20en-us%20utf8/table/new.lua , size = 0.642 KB
[23:26:06.372][info] [#0:script/workspace/loading.lua:113]: ++++As library of:	file:///home/selecaoone/personal/.config/nvim/mason_packages/Linux/packages/lua-language-server/libexec/meta/LuaJIT%20en-us%20utf8/table/new.lua
[23:26:06.372][info] [#0:script/workspace/loading.lua:101]: Preload file at: file:///home/selecaoone/personal/.config/nvim/mason_packages/Linux/packages/lua-language-server/libexec/meta/LuaJIT%20en-us%20utf8/bit.lua , size = 1.320 KB
[23:26:06.380][info] [#0:script/workspace/loading.lua:113]: ++++As library of:	file:///home/selecaoone/personal/.config/nvim/mason_packages/Linux/packages/lua-language-server/libexec/meta/LuaJIT%20en-us%20utf8/bit.lua
[23:26:06.380][info] [#0:script/workspace/loading.lua:98]: Skip loaded file: file:///home/selecaoone/personal/.config/nvim/mason_packages/Linux/packages/lua-language-server/libexec/meta/LuaJIT%20en-us%20utf8/table/new.lua
[23:26:06.381][info] [#0:script/workspace/loading.lua:98]: Skip loaded file: file:///home/selecaoone/personal/.config/nvim/mason_packages/Linux/packages/lua-language-server/libexec/meta/LuaJIT%20en-us%20utf8/bit.lua
[23:26:06.381][info] [#0:script/workspace/loading.lua:101]: Preload file at: file:///home/selecaoone/personal/.config/nvim/mason_packages/Linux/packages/lua-language-server/libexec/meta/LuaJIT%20en-us%20utf8/string/buffer.lua , size = 18.123 KB
[23:26:06.389][info] [#0:script/workspace/loading.lua:113]: ++++As library of:	file:///home/selecaoone/personal/.config/nvim/mason_packages/Linux/packages/lua-language-server/libexec/meta/LuaJIT%20en-us%20utf8/string/buffer.lua
[23:26:06.389][info] [#0:script/workspace/loading.lua:98]: Skip loaded file: file:///home/selecaoone/personal/.config/nvim/mason_packages/Linux/packages/lua-language-server/libexec/meta/LuaJIT%20en-us%20utf8/string/buffer.lua
[23:26:06.389][info] [#0:script/workspace/loading.lua:101]: Preload file at: file:///home/selecaoone/personal/.config/nvim/mason_packages/Linux/packages/lua-language-server/libexec/meta/LuaJIT%20en-us%20utf8/debug.lua , size = 7.310 KB
[23:26:06.398][info] [#0:script/workspace/loading.lua:113]: ++++As library of:	file:///home/selecaoone/personal/.config/nvim/mason_packages/Linux/packages/lua-language-server/libexec/meta/LuaJIT%20en-us%20utf8/debug.lua
[23:26:06.398][info] [#0:script/workspace/loading.lua:98]: Skip loaded file: file:///home/selecaoone/personal/.config/nvim/mason_packages/Linux/packages/lua-language-server/libexec/meta/LuaJIT%20en-us%20utf8/debug.lua
[23:26:06.398][info] [#0:script/workspace/loading.lua:101]: Preload file at: file:///home/selecaoone/personal/.config/nvim/mason_packages/Linux/packages/lua-language-server/libexec/meta/LuaJIT%20en-us%20utf8/coroutine.lua , size = 2.541 KB
[23:26:06.401][info] [#0:script/workspace/loading.lua:113]: ++++As library of:	file:///home/selecaoone/personal/.config/nvim/mason_packages/Linux/packages/lua-language-server/libexec/meta/LuaJIT%20en-us%20utf8/coroutine.lua
[23:26:06.401][info] [#0:script/workspace/loading.lua:98]: Skip loaded file: file:///home/selecaoone/personal/.config/nvim/mason_packages/Linux/packages/lua-language-server/libexec/meta/LuaJIT%20en-us%20utf8/coroutine.lua
[23:26:06.401][info] [#0:script/workspace/loading.lua:101]: Preload file at: file:///home/selecaoone/personal/.config/nvim/mason_packages/Linux/packages/lua-language-server/libexec/meta/LuaJIT%20en-us%20utf8/jit/util.lua , size = 1.984 KB
[23:26:06.406][info] [#0:script/workspace/loading.lua:113]: ++++As library of:	file:///home/selecaoone/personal/.config/nvim/mason_packages/Linux/packages/lua-language-server/libexec/meta/LuaJIT%20en-us%20utf8/jit/util.lua
[23:26:06.406][info] [#0:script/workspace/loading.lua:101]: Preload file at: file:///home/selecaoone/personal/.config/nvim/mason_packages/Linux/packages/lua-language-server/libexec/meta/LuaJIT%20en-us%20utf8/jit.lua , size = 0.884 KB
[23:26:06.408][info] [#0:script/workspace/loading.lua:113]: ++++As library of:	file:///home/selecaoone/personal/.config/nvim/mason_packages/Linux/packages/lua-language-server/libexec/meta/LuaJIT%20en-us%20utf8/jit.lua
[23:26:06.408][info] [#0:script/workspace/loading.lua:98]: Skip loaded file: file:///home/selecaoone/personal/.config/nvim/mason_packages/Linux/packages/lua-language-server/libexec/meta/LuaJIT%20en-us%20utf8/jit/util.lua
[23:26:06.408][info] [#0:script/workspace/loading.lua:98]: Skip loaded file: file:///home/selecaoone/personal/.config/nvim/mason_packages/Linux/packages/lua-language-server/libexec/meta/LuaJIT%20en-us%20utf8/jit.lua
[23:26:06.408][info] [#0:script/workspace/loading.lua:101]: Preload file at: file:///home/selecaoone/personal/.config/nvim/mason_packages/Linux/packages/lua-language-server/libexec/meta/LuaJIT%20en-us%20utf8/basic.lua , size = 14.989 KB
[23:26:06.425][info] [#0:script/workspace/loading.lua:113]: ++++As library of:	file:///home/selecaoone/personal/.config/nvim/mason_packages/Linux/packages/lua-language-server/libexec/meta/LuaJIT%20en-us%20utf8/basic.lua
[23:26:06.425][info] [#0:script/workspace/loading.lua:101]: Preload file at: file:///home/selecaoone/personal/.config/nvim/mason_packages/Linux/packages/lua-language-server/libexec/meta/LuaJIT%20en-us%20utf8/ffi.lua , size = 2.529 KB
[23:26:06.429][info] [#0:script/workspace/loading.lua:113]: ++++As library of:	file:///home/selecaoone/personal/.config/nvim/mason_packages/Linux/packages/lua-language-server/libexec/meta/LuaJIT%20en-us%20utf8/ffi.lua
[23:26:06.429][info] [#0:script/workspace/loading.lua:98]: Skip loaded file: file:///home/selecaoone/personal/.config/nvim/mason_packages/Linux/packages/lua-language-server/libexec/meta/LuaJIT%20en-us%20utf8/basic.lua
[23:26:06.429][info] [#0:script/workspace/loading.lua:98]: Skip loaded file: file:///home/selecaoone/personal/.config/nvim/mason_packages/Linux/packages/lua-language-server/libexec/meta/LuaJIT%20en-us%20utf8/ffi.lua
[23:26:06.429][info] [#0:script/workspace/loading.lua:101]: Preload file at: file:///home/selecaoone/personal/.config/nvim/mason_packages/Linux/packages/lua-language-server/libexec/meta/LuaJIT%20en-us%20utf8/table/clear.lua , size = 0.797 KB
[23:26:06.430][info] [#0:script/workspace/loading.lua:113]: ++++As library of:	file:///home/selecaoone/personal/.config/nvim/mason_packages/Linux/packages/lua-language-server/libexec/meta/LuaJIT%20en-us%20utf8/table/clear.lua
[23:26:06.430][info] [#0:script/workspace/loading.lua:98]: Skip loaded file: file:///home/selecaoone/personal/.config/nvim/mason_packages/Linux/packages/lua-language-server/libexec/meta/LuaJIT%20en-us%20utf8/table/clear.lua
[23:26:06.430][info] [#0:script/workspace/loading.lua:101]: Preload file at: file:///home/selecaoone/Downloads/squashfs-root/usr/share/nvim/runtime/autoload/ccomplete.lua , size = 26.345 KB
[23:26:06.455][info] [#0:script/workspace/loading.lua:113]: ++++As library of:	file:///home/selecaoone/Downloads/squashfs-root/usr/share/nvim/runtime
[23:26:06.455][info] [#0:script/workspace/loading.lua:101]: Preload file at: file:///home/selecaoone/Downloads/squashfs-root/usr/share/nvim/runtime/filetype.lua , size = 1.542 KB
[23:26:06.457][info] [#0:script/workspace/loading.lua:113]: ++++As library of:	file:///home/selecaoone/Downloads/squashfs-root/usr/share/nvim/runtime
[23:26:06.457][info] [#0:script/workspace/loading.lua:98]: Skip loaded file: file:///home/selecaoone/Downloads/squashfs-root/usr/share/nvim/runtime/filetype.lua
[23:26:06.457][info] [#0:script/workspace/loading.lua:98]: Skip loaded file: file:///home/selecaoone/Downloads/squashfs-root/usr/share/nvim/runtime/autoload/ccomplete.lua
[23:26:06.457][info] [#0:script/workspace/loading.lua:101]: Preload file at: file:///home/selecaoone/Downloads/squashfs-root/usr/share/nvim/runtime/ftplugin/c.lua , size = 0.031 KB
[23:26:06.457][info] [#0:script/workspace/loading.lua:113]: ++++As library of:	file:///home/selecaoone/Downloads/squashfs-root/usr/share/nvim/runtime
[23:26:06.457][info] [#0:script/workspace/loading.lua:101]: Preload file at: file:///home/selecaoone/Downloads/squashfs-root/usr/share/nvim/runtime/ftplugin/calender.lua , size = 0.031 KB
[23:26:06.458][info] [#0:script/workspace/loading.lua:113]: ++++As library of:	file:///home/selecaoone/Downloads/squashfs-root/usr/share/nvim/runtime
[23:26:06.458][info] [#0:script/workspace/loading.lua:98]: Skip loaded file: file:///home/selecaoone/Downloads/squashfs-root/usr/share/nvim/runtime/ftplugin/c.lua
[23:26:06.458][info] [#0:script/workspace/loading.lua:98]: Skip loaded file: file:///home/selecaoone/Downloads/squashfs-root/usr/share/nvim/runtime/ftplugin/calender.lua
[23:26:06.458][info] [#0:script/workspace/loading.lua:101]: Preload file at: file:///home/selecaoone/Downloads/squashfs-root/usr/share/nvim/runtime/ftplugin/css.lua , size = 0.031 KB
[23:26:06.458][info] [#0:script/workspace/loading.lua:113]: ++++As library of:	file:///home/selecaoone/Downloads/squashfs-root/usr/share/nvim/runtime
[23:26:06.458][info] [#0:script/workspace/loading.lua:98]: Skip loaded file: file:///home/selecaoone/Downloads/squashfs-root/usr/share/nvim/runtime/ftplugin/css.lua
[23:26:06.459][info] [#0:script/workspace/loading.lua:101]: Preload file at: file:///home/selecaoone/Downloads/squashfs-root/usr/share/nvim/runtime/ftplugin/indent.lua , size = 0.031 KB
[23:26:06.459][info] [#0:script/workspace/loading.lua:113]: ++++As library of:	file:///home/selecaoone/Downloads/squashfs-root/usr/share/nvim/runtime
[23:26:06.459][info] [#0:script/workspace/loading.lua:98]: Skip loaded file: file:///home/selecaoone/Downloads/squashfs-root/usr/share/nvim/runtime/ftplugin/indent.lua
[23:26:06.459][info] [#0:script/workspace/loading.lua:101]: Preload file at: file:///home/selecaoone/Downloads/squashfs-root/usr/share/nvim/runtime/ftplugin/query.lua , size = 0.146 KB
[23:26:06.460][info] [#0:script/workspace/loading.lua:113]: ++++As library of:	file:///home/selecaoone/Downloads/squashfs-root/usr/share/nvim/runtime
[23:26:06.460][info] [#0:script/workspace/loading.lua:98]: Skip loaded file: file:///home/selecaoone/Downloads/squashfs-root/usr/share/nvim/runtime/ftplugin/query.lua
[23:26:06.460][info] [#0:script/workspace/loading.lua:101]: Preload file at: file:///home/selecaoone/Downloads/squashfs-root/usr/share/nvim/runtime/ftplugin/xdefaults.lua , size = 0.031 KB
[23:26:06.460][info] [#0:script/workspace/loading.lua:113]: ++++As library of:	file:///home/selecaoone/Downloads/squashfs-root/usr/share/nvim/runtime
[23:26:06.460][info] [#0:script/workspace/loading.lua:98]: Skip loaded file: file:///home/selecaoone/Downloads/squashfs-root/usr/share/nvim/runtime/ftplugin/xdefaults.lua
[23:26:06.460][info] [#0:script/workspace/loading.lua:101]: Preload file at: file:///home/selecaoone/Downloads/squashfs-root/usr/share/nvim/runtime/indent/query.lua , size = 0.135 KB
[23:26:06.461][info] [#0:script/workspace/loading.lua:113]: ++++As library of:	file:///home/selecaoone/Downloads/squashfs-root/usr/share/nvim/runtime
[23:26:06.461][info] [#0:script/workspace/loading.lua:98]: Skip loaded file: file:///home/selecaoone/Downloads/squashfs-root/usr/share/nvim/runtime/indent/query.lua
[23:26:06.461][info] [#0:script/workspace/loading.lua:101]: Preload file at: file:///home/selecaoone/Downloads/squashfs-root/usr/share/nvim/runtime/lua/_vim9script.lua , size = 15.439 KB
[23:26:06.479][info] [#0:script/workspace/loading.lua:113]: ++++As library of:	file:///home/selecaoone/Downloads/squashfs-root/usr/share/nvim/runtime
[23:26:06.479][info] [#0:script/workspace/loading.lua:98]: Skip loaded file: file:///home/selecaoone/Downloads/squashfs-root/usr/share/nvim/runtime/lua/_vim9script.lua
[23:26:06.479][info] [#0:script/workspace/loading.lua:101]: Preload file at: file:///home/selecaoone/Downloads/squashfs-root/usr/share/nvim/runtime/lua/editorconfig.lua , size = 6.716 KB
[23:26:06.485][info] [#0:script/workspace/loading.lua:113]: ++++As library of:	file:///home/selecaoone/Downloads/squashfs-root/usr/share/nvim/runtime
[23:26:06.485][info] [#0:script/workspace/loading.lua:98]: Skip loaded file: file:///home/selecaoone/Downloads/squashfs-root/usr/share/nvim/runtime/lua/editorconfig.lua
[23:26:06.485][info] [#0:script/workspace/loading.lua:101]: Preload file at: file:///home/selecaoone/Downloads/squashfs-root/usr/share/nvim/runtime/lua/man.lua , size = 24.703 KB
[23:26:06.511][info] [#0:script/workspace/loading.lua:113]: ++++As library of:	file:///home/selecaoone/Downloads/squashfs-root/usr/share/nvim/runtime
[23:26:06.512][info] [#0:script/workspace/loading.lua:89]: Skip loaded file: file:///home/selecaoone/Downloads/squashfs-root/usr/share/nvim/runtime/lua/man.lua
[23:26:06.512][info] [#0:script/workspace/loading.lua:113]: ++++As library of:	file:///home/selecaoone/Downloads/squashfs-root/usr/share/nvim/runtime
[23:26:06.513][info] [#0:script/workspace/loading.lua:101]: Preload file at: file:///home/selecaoone/Downloads/squashfs-root/usr/share/nvim/runtime/lua/nvim/health.lua , size = 12.706 KB
[23:26:06.531][info] [#0:script/workspace/loading.lua:113]: ++++As library of:	file:///home/selecaoone/Downloads/squashfs-root/usr/share/nvim/runtime
[23:26:06.531][info] [#0:script/workspace/loading.lua:98]: Skip loaded file: file:///home/selecaoone/Downloads/squashfs-root/usr/share/nvim/runtime/lua/nvim/health.lua
[23:26:06.531][info] [#0:script/workspace/loading.lua:101]: Preload file at: file:///home/selecaoone/Downloads/squashfs-root/usr/share/nvim/runtime/lua/vim/F.lua , size = 0.824 KB
[23:26:06.533][info] [#0:script/workspace/loading.lua:113]: ++++As library of:	file:///home/selecaoone/Downloads/squashfs-root/usr/share/nvim/runtime
[23:26:06.533][info] [#0:script/workspace/loading.lua:98]: Skip loaded file: file:///home/selecaoone/Downloads/squashfs-root/usr/share/nvim/runtime/lua/vim/F.lua
[23:26:06.534][info] [#0:script/workspace/loading.lua:101]: Preload file at: file:///home/selecaoone/Downloads/squashfs-root/usr/share/nvim/runtime/lua/vim/_editor.lua , size = 29.339 KB
[23:26:06.568][info] [#0:script/workspace/loading.lua:113]: ++++As library of:	file:///home/selecaoone/Downloads/squashfs-root/usr/share/nvim/runtime
[23:26:06.568][info] [#0:script/workspace/loading.lua:98]: Skip loaded file: file:///home/selecaoone/Downloads/squashfs-root/usr/share/nvim/runtime/lua/vim/_editor.lua
[23:26:06.568][info] [#0:script/workspace/loading.lua:101]: Preload file at: file:///home/selecaoone/Downloads/squashfs-root/usr/share/nvim/runtime/lua/vim/_init_packages.lua , size = 2.773 KB
[23:26:06.572][info] [#0:script/workspace/loading.lua:113]: ++++As library of:	file:///home/selecaoone/Downloads/squashfs-root/usr/share/nvim/runtime
[23:26:06.572][info] [#0:script/workspace/loading.lua:89]: Skip loaded file: file:///home/selecaoone/Downloads/squashfs-root/usr/share/nvim/runtime/lua/vim/_init_packages.lua
[23:26:06.572][info] [#0:script/workspace/loading.lua:113]: ++++As library of:	file:///home/selecaoone/Downloads/squashfs-root/usr/share/nvim/runtime
[23:26:06.573][info] [#0:script/workspace/loading.lua:101]: Preload file at: file:///home/selecaoone/Downloads/squashfs-root/usr/share/nvim/runtime/lua/vim/_inspector.lua , size = 7.792 KB
[23:26:06.583][info] [#0:script/workspace/loading.lua:113]: ++++As library of:	file:///home/selecaoone/Downloads/squashfs-root/usr/share/nvim/runtime
[23:26:06.583][info] [#0:script/workspace/loading.lua:98]: Skip loaded file: file:///home/selecaoone/Downloads/squashfs-root/usr/share/nvim/runtime/lua/vim/_inspector.lua
[23:26:06.583][info] [#0:script/workspace/loading.lua:101]: Preload file at: file:///home/selecaoone/Downloads/squashfs-root/usr/share/nvim/runtime/lua/vim/_meta.lua , size = 12.077 KB
[23:26:06.608][info] [#0:script/workspace/loading.lua:113]: ++++As library of:	file:///home/selecaoone/Downloads/squashfs-root/usr/share/nvim/runtime
[23:26:06.608][info] [#0:script/workspace/loading.lua:101]: Preload file at: file:///home/selecaoone/Downloads/squashfs-root/usr/share/nvim/runtime/lua/vim/_watch.lua , size = 5.115 KB
[23:26:06.613][info] [#0:script/workspace/loading.lua:113]: ++++As library of:	file:///home/selecaoone/Downloads/squashfs-root/usr/share/nvim/runtime
[23:26:06.613][info] [#0:script/workspace/loading.lua:98]: Skip loaded file: file:///home/selecaoone/Downloads/squashfs-root/usr/share/nvim/runtime/lua/vim/_meta.lua
[23:26:06.613][info] [#0:script/workspace/loading.lua:98]: Skip loaded file: file:///home/selecaoone/Downloads/squashfs-root/usr/share/nvim/runtime/lua/vim/_watch.lua
[23:26:06.613][info] [#0:script/workspace/loading.lua:101]: Preload file at: file:///home/selecaoone/Downloads/squashfs-root/usr/share/nvim/runtime/lua/vim/diagnostic.lua , size = 56.640 KB
[23:26:06.653][info] [#0:script/workspace/loading.lua:113]: ++++As library of:	file:///home/selecaoone/Downloads/squashfs-root/usr/share/nvim/runtime
[23:26:06.653][info] [#0:script/workspace/loading.lua:98]: Skip loaded file: file:///home/selecaoone/Downloads/squashfs-root/usr/share/nvim/runtime/lua/vim/diagnostic.lua
[23:26:06.653][info] [#0:script/workspace/loading.lua:101]: Preload file at: file:///home/selecaoone/Downloads/squashfs-root/usr/share/nvim/runtime/lua/vim/filetype/detect.lua , size = 47.479 KB
[23:26:06.687][info] [#0:script/workspace/loading.lua:113]: ++++As library of:	file:///home/selecaoone/Downloads/squashfs-root/usr/share/nvim/runtime
[23:26:06.687][info] [#0:script/workspace/loading.lua:101]: Preload file at: file:///home/selecaoone/Downloads/squashfs-root/usr/share/nvim/runtime/lua/vim/filetype/options.lua , size = 2.561 KB
[23:26:06.689][info] [#0:script/workspace/loading.lua:113]: ++++As library of:	file:///home/selecaoone/Downloads/squashfs-root/usr/share/nvim/runtime
[23:26:06.689][info] [#0:script/workspace/loading.lua:98]: Skip loaded file: file:///home/selecaoone/Downloads/squashfs-root/usr/share/nvim/runtime/lua/vim/filetype/detect.lua
[23:26:06.689][info] [#0:script/workspace/loading.lua:98]: Skip loaded file: file:///home/selecaoone/Downloads/squashfs-root/usr/share/nvim/runtime/lua/vim/filetype/options.lua
[23:26:06.690][info] [#0:script/workspace/loading.lua:101]: Preload file at: file:///home/selecaoone/Downloads/squashfs-root/usr/share/nvim/runtime/lua/vim/filetype.lua , size = 74.400 KB
[23:26:06.751][info] [#0:script/workspace/loading.lua:113]: ++++As library of:	file:///home/selecaoone/Downloads/squashfs-root/usr/share/nvim/runtime
[23:26:06.751][info] [#0:script/workspace/loading.lua:98]: Skip loaded file: file:///home/selecaoone/Downloads/squashfs-root/usr/share/nvim/runtime/lua/vim/filetype.lua
[23:26:06.751][info] [#0:script/workspace/loading.lua:101]: Preload file at: file:///home/selecaoone/Downloads/squashfs-root/usr/share/nvim/runtime/lua/vim/fs.lua , size = 10.662 KB
[23:26:06.759][info] [#0:script/workspace/loading.lua:113]: ++++As library of:	file:///home/selecaoone/Downloads/squashfs-root/usr/share/nvim/runtime
[23:26:06.759][info] [#0:script/workspace/loading.lua:98]: Skip loaded file: file:///home/selecaoone/Downloads/squashfs-root/usr/share/nvim/runtime/lua/vim/fs.lua
[23:26:06.759][info] [#0:script/workspace/loading.lua:101]: Preload file at: file:///home/selecaoone/Downloads/squashfs-root/usr/share/nvim/runtime/lua/vim/health.lua , size = 1.537 KB
[23:26:06.761][info] [#0:script/workspace/loading.lua:113]: ++++As library of:	file:///home/selecaoone/Downloads/squashfs-root/usr/share/nvim/runtime
[23:26:06.761][info] [#0:script/workspace/loading.lua:98]: Skip loaded file: file:///home/selecaoone/Downloads/squashfs-root/usr/share/nvim/runtime/lua/vim/health.lua
[23:26:06.761][info] [#0:script/workspace/loading.lua:101]: Preload file at: file:///home/selecaoone/Downloads/squashfs-root/usr/share/nvim/runtime/lua/vim/highlight.lua , size = 3.749 KB
[23:26:06.764][info] [#0:script/workspace/loading.lua:113]: ++++As library of:	file:///home/selecaoone/Downloads/squashfs-root/usr/share/nvim/runtime
[23:26:06.764][info] [#0:script/workspace/loading.lua:98]: Skip loaded file: file:///home/selecaoone/Downloads/squashfs-root/usr/share/nvim/runtime/lua/vim/highlight.lua
[23:26:06.764][info] [#0:script/workspace/loading.lua:101]: Preload file at: file:///home/selecaoone/Downloads/squashfs-root/usr/share/nvim/runtime/lua/vim/inspect.lua , size = 8.864 KB
[23:26:06.772][info] [#0:script/workspace/loading.lua:113]: ++++As library of:	file:///home/selecaoone/Downloads/squashfs-root/usr/share/nvim/runtime
[23:26:06.772][info] [#0:script/workspace/loading.lua:98]: Skip loaded file: file:///home/selecaoone/Downloads/squashfs-root/usr/share/nvim/runtime/lua/vim/inspect.lua
[23:26:06.772][info] [#0:script/workspace/loading.lua:101]: Preload file at: file:///home/selecaoone/Downloads/squashfs-root/usr/share/nvim/runtime/lua/vim/keymap.lua , size = 3.573 KB
[23:26:06.775][info] [#0:script/workspace/loading.lua:113]: ++++As library of:	file:///home/selecaoone/Downloads/squashfs-root/usr/share/nvim/runtime
[23:26:06.775][info] [#0:script/workspace/loading.lua:98]: Skip loaded file: file:///home/selecaoone/Downloads/squashfs-root/usr/share/nvim/runtime/lua/vim/keymap.lua
[23:26:06.775][info] [#0:script/workspace/loading.lua:101]: Preload file at: file:///home/selecaoone/Downloads/squashfs-root/usr/share/nvim/runtime/lua/vim/loader.lua , size = 15.990 KB
[23:26:06.790][info] [#0:script/workspace/loading.lua:113]: ++++As library of:	file:///home/selecaoone/Downloads/squashfs-root/usr/share/nvim/runtime
[23:26:06.790][info] [#0:script/workspace/loading.lua:98]: Skip loaded file: file:///home/selecaoone/Downloads/squashfs-root/usr/share/nvim/runtime/lua/vim/loader.lua
[23:26:06.790][info] [#0:script/workspace/loading.lua:101]: Preload file at: file:///home/selecaoone/Downloads/squashfs-root/usr/share/nvim/runtime/lua/vim/lsp/_snippet.lua , size = 10.744 KB
[23:26:06.801][info] [#0:script/workspace/loading.lua:113]: ++++As library of:	file:///home/selecaoone/Downloads/squashfs-root/usr/share/nvim/runtime
[23:26:06.801][info] [#0:script/workspace/loading.lua:98]: Skip loaded file: file:///home/selecaoone/Downloads/squashfs-root/usr/share/nvim/runtime/lua/vim/lsp/_snippet.lua
[23:26:06.801][info] [#0:script/workspace/loading.lua:101]: Preload file at: file:///home/selecaoone/Downloads/squashfs-root/usr/share/nvim/runtime/lua/vim/lsp/_watchfiles.lua , size = 9.196 KB
[23:26:06.809][info] [#0:script/workspace/loading.lua:113]: ++++As library of:	file:///home/selecaoone/Downloads/squashfs-root/usr/share/nvim/runtime
[23:26:06.809][info] [#0:script/workspace/loading.lua:98]: Skip loaded file: file:///home/selecaoone/Downloads/squashfs-root/usr/share/nvim/runtime/lua/vim/lsp/_watchfiles.lua
[23:26:06.809][info] [#0:script/workspace/loading.lua:101]: Preload file at: file:///home/selecaoone/Downloads/squashfs-root/usr/share/nvim/runtime/lua/vim/lsp/buf.lua , size = 27.860 KB
[23:26:06.826][info] [#0:script/workspace/loading.lua:113]: ++++As library of:	file:///home/selecaoone/Downloads/squashfs-root/usr/share/nvim/runtime
[23:26:06.826][info] [#0:script/workspace/loading.lua:98]: Skip loaded file: file:///home/selecaoone/Downloads/squashfs-root/usr/share/nvim/runtime/lua/vim/lsp/buf.lua
[23:26:06.826][info] [#0:script/workspace/loading.lua:101]: Preload file at: file:///home/selecaoone/Downloads/squashfs-root/usr/share/nvim/runtime/lua/vim/lsp/codelens.lua , size = 8.261 KB
[23:26:06.833][info] [#0:script/workspace/loading.lua:113]: ++++As library of:	file:///home/selecaoone/Downloads/squashfs-root/usr/share/nvim/runtime
[23:26:06.833][info] [#0:script/workspace/loading.lua:98]: Skip loaded file: file:///home/selecaoone/Downloads/squashfs-root/usr/share/nvim/runtime/lua/vim/lsp/codelens.lua
[23:26:06.833][info] [#0:script/workspace/loading.lua:101]: Preload file at: file:///home/selecaoone/Downloads/squashfs-root/usr/share/nvim/runtime/lua/vim/lsp/diagnostic.lua , size = 8.867 KB
[23:26:06.840][info] [#0:script/workspace/loading.lua:113]: ++++As library of:	file:///home/selecaoone/Downloads/squashfs-root/usr/share/nvim/runtime
[23:26:06.840][info] [#0:script/workspace/loading.lua:98]: Skip loaded file: file:///home/selecaoone/Downloads/squashfs-root/usr/share/nvim/runtime/lua/vim/lsp/diagnostic.lua
[23:26:06.840][info] [#0:script/workspace/loading.lua:101]: Preload file at: file:///home/selecaoone/Downloads/squashfs-root/usr/share/nvim/runtime/lua/vim/lsp/handlers.lua , size = 23.587 KB
[23:26:06.856][info] [#0:script/workspace/loading.lua:113]: ++++As library of:	file:///home/selecaoone/Downloads/squashfs-root/usr/share/nvim/runtime
[23:26:06.856][info] [#0:script/workspace/loading.lua:101]: Preload file at: file:///home/selecaoone/Downloads/squashfs-root/usr/share/nvim/runtime/lua/vim/lsp/health.lua , size = 1.240 KB
[23:26:06.858][info] [#0:script/workspace/loading.lua:113]: ++++As library of:	file:///home/selecaoone/Downloads/squashfs-root/usr/share/nvim/runtime
[23:26:06.858][info] [#0:script/workspace/loading.lua:98]: Skip loaded file: file:///home/selecaoone/Downloads/squashfs-root/usr/share/nvim/runtime/lua/vim/lsp/handlers.lua
[23:26:06.858][info] [#0:script/workspace/loading.lua:98]: Skip loaded file: file:///home/selecaoone/Downloads/squashfs-root/usr/share/nvim/runtime/lua/vim/lsp/health.lua
[23:26:06.858][info] [#0:script/workspace/loading.lua:101]: Preload file at: file:///home/selecaoone/Downloads/squashfs-root/usr/share/nvim/runtime/lua/vim/lsp/log.lua , size = 5.151 KB
[23:26:06.862][info] [#0:script/workspace/loading.lua:113]: ++++As library of:	file:///home/selecaoone/Downloads/squashfs-root/usr/share/nvim/runtime
[23:26:06.862][info] [#0:script/workspace/loading.lua:98]: Skip loaded file: file:///home/selecaoone/Downloads/squashfs-root/usr/share/nvim/runtime/lua/vim/lsp/log.lua
[23:26:06.862][info] [#0:script/workspace/loading.lua:101]: Preload file at: file:///home/selecaoone/Downloads/squashfs-root/usr/share/nvim/runtime/lua/vim/lsp/protocol.lua , size = 28.367 KB
[23:26:06.875][info] [#0:script/workspace/loading.lua:113]: ++++As library of:	file:///home/selecaoone/Downloads/squashfs-root/usr/share/nvim/runtime
[23:26:06.876][info] [#0:script/workspace/loading.lua:89]: Skip loaded file: file:///home/selecaoone/Downloads/squashfs-root/usr/share/nvim/runtime/lua/vim/lsp/protocol.lua
[23:26:06.876][info] [#0:script/workspace/loading.lua:113]: ++++As library of:	file:///home/selecaoone/Downloads/squashfs-root/usr/share/nvim/runtime
[23:26:06.876][info] [#0:script/workspace/loading.lua:101]: Preload file at: file:///home/selecaoone/Downloads/squashfs-root/usr/share/nvim/runtime/lua/vim/lsp/rpc.lua , size = 23.695 KB
[23:26:06.941][info] [#0:script/workspace/loading.lua:113]: ++++As library of:	file:///home/selecaoone/Downloads/squashfs-root/usr/share/nvim/runtime
[23:26:06.941][info] [#0:script/workspace/loading.lua:98]: Skip loaded file: file:///home/selecaoone/Downloads/squashfs-root/usr/share/nvim/runtime/lua/vim/lsp/rpc.lua
[23:26:06.941][info] [#0:script/workspace/loading.lua:101]: Preload file at: file:///home/selecaoone/Downloads/squashfs-root/usr/share/nvim/runtime/lua/vim/lsp/semantic_tokens.lua , size = 24.755 KB
[23:26:06.957][info] [#0:script/workspace/loading.lua:113]: ++++As library of:	file:///home/selecaoone/Downloads/squashfs-root/usr/share/nvim/runtime
[23:26:06.957][info] [#0:script/workspace/loading.lua:101]: Preload file at: file:///home/selecaoone/Downloads/squashfs-root/usr/share/nvim/runtime/lua/vim/lsp/sync.lua , size = 15.681 KB
[23:26:06.965][info] [#0:script/workspace/loading.lua:113]: ++++As library of:	file:///home/selecaoone/Downloads/squashfs-root/usr/share/nvim/runtime
[23:26:06.965][info] [#0:script/workspace/loading.lua:98]: Skip loaded file: file:///home/selecaoone/Downloads/squashfs-root/usr/share/nvim/runtime/lua/vim/lsp/semantic_tokens.lua
[23:26:06.965][info] [#0:script/workspace/loading.lua:98]: Skip loaded file: file:///home/selecaoone/Downloads/squashfs-root/usr/share/nvim/runtime/lua/vim/lsp/sync.lua
[23:26:06.965][info] [#0:script/workspace/loading.lua:101]: Preload file at: file:///home/selecaoone/Downloads/squashfs-root/usr/share/nvim/runtime/lua/vim/lsp/tagfunc.lua , size = 2.339 KB
[23:26:06.968][info] [#0:script/workspace/loading.lua:113]: ++++As library of:	file:///home/selecaoone/Downloads/squashfs-root/usr/share/nvim/runtime
[23:26:06.968][info] [#0:script/workspace/loading.lua:101]: Preload file at: file:///home/selecaoone/Downloads/squashfs-root/usr/share/nvim/runtime/lua/vim/lsp/types.lua , size = 0.924 KB
[23:26:06.969][info] [#0:script/workspace/loading.lua:113]: ++++As library of:	file:///home/selecaoone/Downloads/squashfs-root/usr/share/nvim/runtime
[23:26:06.969][info] [#0:script/workspace/loading.lua:98]: Skip loaded file: file:///home/selecaoone/Downloads/squashfs-root/usr/share/nvim/runtime/lua/vim/lsp/tagfunc.lua
[23:26:06.969][info] [#0:script/workspace/loading.lua:98]: Skip loaded file: file:///home/selecaoone/Downloads/squashfs-root/usr/share/nvim/runtime/lua/vim/lsp/types.lua
[23:26:06.969][info] [#0:script/workspace/loading.lua:101]: Preload file at: file:///home/selecaoone/Downloads/squashfs-root/usr/share/nvim/runtime/lua/vim/lsp/util.lua , size = 70.763 KB
[23:26:07.019][info] [#0:script/workspace/loading.lua:113]: ++++As library of:	file:///home/selecaoone/Downloads/squashfs-root/usr/share/nvim/runtime
[23:26:07.019][info] [#0:script/workspace/loading.lua:98]: Skip loaded file: file:///home/selecaoone/Downloads/squashfs-root/usr/share/nvim/runtime/lua/vim/lsp/util.lua
[23:26:07.019][info] [#0:script/workspace/loading.lua:101]: Preload file at: file:///home/selecaoone/Downloads/squashfs-root/usr/share/nvim/runtime/lua/vim/lsp.lua , size = 82.409 KB
[23:26:07.070][info] [#0:script/workspace/loading.lua:113]: ++++As library of:	file:///home/selecaoone/Downloads/squashfs-root/usr/share/nvim/runtime
[23:26:07.071][info] [#0:script/workspace/loading.lua:98]: Skip loaded file: file:///home/selecaoone/Downloads/squashfs-root/usr/share/nvim/runtime/lua/vim/lsp.lua
[23:26:07.071][info] [#0:script/workspace/loading.lua:101]: Preload file at: file:///home/selecaoone/Downloads/squashfs-root/usr/share/nvim/runtime/lua/vim/secure.lua , size = 4.830 KB
[23:26:07.076][info] [#0:script/workspace/loading.lua:113]: ++++As library of:	file:///home/selecaoone/Downloads/squashfs-root/usr/share/nvim/runtime
[23:26:07.076][info] [#0:script/workspace/loading.lua:98]: Skip loaded file: file:///home/selecaoone/Downloads/squashfs-root/usr/share/nvim/runtime/lua/vim/secure.lua
[23:26:07.076][info] [#0:script/workspace/loading.lua:101]: Preload file at: file:///home/selecaoone/Downloads/squashfs-root/usr/share/nvim/runtime/lua/vim/shared.lua , size = 22.392 KB
[23:26:07.094][info] [#0:script/workspace/loading.lua:113]: ++++As library of:	file:///home/selecaoone/Downloads/squashfs-root/usr/share/nvim/runtime
[23:26:07.094][info] [#0:script/workspace/loading.lua:101]: Preload file at: file:///home/selecaoone/Downloads/squashfs-root/usr/share/nvim/runtime/lua/vim/treesitter/_fold.lua , size = 6.753 KB
[23:26:07.101][info] [#0:script/workspace/loading.lua:113]: ++++As library of:	file:///home/selecaoone/Downloads/squashfs-root/usr/share/nvim/runtime
[23:26:07.101][info] [#0:script/workspace/loading.lua:98]: Skip loaded file: file:///home/selecaoone/Downloads/squashfs-root/usr/share/nvim/runtime/lua/vim/shared.lua
[23:26:07.101][info] [#0:script/workspace/loading.lua:98]: Skip loaded file: file:///home/selecaoone/Downloads/squashfs-root/usr/share/nvim/runtime/lua/vim/treesitter/_fold.lua
[23:26:07.101][info] [#0:script/workspace/loading.lua:101]: Preload file at: file:///home/selecaoone/Downloads/squashfs-root/usr/share/nvim/runtime/lua/vim/treesitter/_meta.lua , size = 2.839 KB
[23:26:07.105][info] [#0:script/workspace/loading.lua:113]: ++++As library of:	file:///home/selecaoone/Downloads/squashfs-root/usr/share/nvim/runtime
[23:26:07.105][info] [#0:script/workspace/loading.lua:98]: Skip loaded file: file:///home/selecaoone/Downloads/squashfs-root/usr/share/nvim/runtime/lua/vim/treesitter/_meta.lua
[23:26:07.105][info] [#0:script/workspace/loading.lua:101]: Preload file at: file:///home/selecaoone/Downloads/squashfs-root/usr/share/nvim/runtime/lua/vim/treesitter/_range.lua , size = 3.646 KB
[23:26:07.110][info] [#0:script/workspace/loading.lua:113]: ++++As library of:	file:///home/selecaoone/Downloads/squashfs-root/usr/share/nvim/runtime
[23:26:07.110][info] [#0:script/workspace/loading.lua:98]: Skip loaded file: file:///home/selecaoone/Downloads/squashfs-root/usr/share/nvim/runtime/lua/vim/treesitter/_range.lua
[23:26:07.110][info] [#0:script/workspace/loading.lua:101]: Preload file at: file:///home/selecaoone/Downloads/squashfs-root/usr/share/nvim/runtime/lua/vim/treesitter/health.lua , size = 0.888 KB
[23:26:07.112][info] [#0:script/workspace/loading.lua:113]: ++++As library of:	file:///home/selecaoone/Downloads/squashfs-root/usr/share/nvim/runtime
[23:26:07.112][info] [#0:script/workspace/loading.lua:98]: Skip loaded file: file:///home/selecaoone/Downloads/squashfs-root/usr/share/nvim/runtime/lua/vim/treesitter/health.lua
[23:26:07.112][info] [#0:script/workspace/loading.lua:101]: Preload file at: file:///home/selecaoone/Downloads/squashfs-root/usr/share/nvim/runtime/lua/vim/treesitter/highlighter.lua , size = 8.609 KB
[23:26:07.120][info] [#0:script/workspace/loading.lua:113]: ++++As library of:	file:///home/selecaoone/Downloads/squashfs-root/usr/share/nvim/runtime
[23:26:07.120][info] [#0:script/workspace/loading.lua:98]: Skip loaded file: file:///home/selecaoone/Downloads/squashfs-root/usr/share/nvim/runtime/lua/vim/treesitter/highlighter.lua
[23:26:07.120][info] [#0:script/workspace/loading.lua:101]: Preload file at: file:///home/selecaoone/Downloads/squashfs-root/usr/share/nvim/runtime/lua/vim/treesitter/language.lua , size = 3.528 KB
[23:26:07.124][info] [#0:script/workspace/loading.lua:113]: ++++As library of:	file:///home/selecaoone/Downloads/squashfs-root/usr/share/nvim/runtime
[23:26:07.124][info] [#0:script/workspace/loading.lua:98]: Skip loaded file: file:///home/selecaoone/Downloads/squashfs-root/usr/share/nvim/runtime/lua/vim/treesitter/language.lua
[23:26:07.124][info] [#0:script/workspace/loading.lua:101]: Preload file at: file:///home/selecaoone/Downloads/squashfs-root/usr/share/nvim/runtime/lua/vim/treesitter/languagetree.lua , size = 26.168 KB
[23:26:07.146][info] [#0:script/workspace/loading.lua:113]: ++++As library of:	file:///home/selecaoone/Downloads/squashfs-root/usr/share/nvim/runtime
[23:26:07.146][info] [#0:script/workspace/loading.lua:89]: Skip loaded file: file:///home/selecaoone/Downloads/squashfs-root/usr/share/nvim/runtime/lua/vim/treesitter/languagetree.lua
[23:26:07.146][info] [#0:script/workspace/loading.lua:113]: ++++As library of:	file:///home/selecaoone/Downloads/squashfs-root/usr/share/nvim/runtime
[23:26:07.146][info] [#0:script/workspace/loading.lua:101]: Preload file at: file:///home/selecaoone/Downloads/squashfs-root/usr/share/nvim/runtime/lua/vim/treesitter/playground.lua , size = 12.551 KB
[23:26:07.158][info] [#0:script/workspace/loading.lua:113]: ++++As library of:	file:///home/selecaoone/Downloads/squashfs-root/usr/share/nvim/runtime
[23:26:07.158][info] [#0:script/workspace/loading.lua:98]: Skip loaded file: file:///home/selecaoone/Downloads/squashfs-root/usr/share/nvim/runtime/lua/vim/treesitter/playground.lua
[23:26:07.158][info] [#0:script/workspace/loading.lua:101]: Preload file at: file:///home/selecaoone/Downloads/squashfs-root/usr/share/nvim/runtime/lua/vim/treesitter/query.lua , size = 21.253 KB
[23:26:07.219][info] [#0:script/workspace/loading.lua:113]: ++++As library of:	file:///home/selecaoone/Downloads/squashfs-root/usr/share/nvim/runtime
[23:26:07.219][info] [#0:script/workspace/loading.lua:98]: Skip loaded file: file:///home/selecaoone/Downloads/squashfs-root/usr/share/nvim/runtime/lua/vim/treesitter/query.lua
[23:26:07.220][info] [#0:script/workspace/loading.lua:101]: Preload file at: file:///home/selecaoone/Downloads/squashfs-root/usr/share/nvim/runtime/lua/vim/treesitter.lua , size = 15.442 KB
[23:26:07.232][info] [#0:script/workspace/loading.lua:113]: ++++As library of:	file:///home/selecaoone/Downloads/squashfs-root/usr/share/nvim/runtime
[23:26:07.232][info] [#0:script/workspace/loading.lua:98]: Skip loaded file: file:///home/selecaoone/Downloads/squashfs-root/usr/share/nvim/runtime/lua/vim/treesitter.lua
[23:26:07.232][info] [#0:script/workspace/loading.lua:101]: Preload file at: file:///home/selecaoone/Downloads/squashfs-root/usr/share/nvim/runtime/lua/vim/ui.lua , size = 3.672 KB
[23:26:07.234][info] [#0:script/workspace/loading.lua:113]: ++++As library of:	file:///home/selecaoone/Downloads/squashfs-root/usr/share/nvim/runtime
[23:26:07.234][info] [#0:script/workspace/loading.lua:98]: Skip loaded file: file:///home/selecaoone/Downloads/squashfs-root/usr/share/nvim/runtime/lua/vim/ui.lua
[23:26:07.234][info] [#0:script/workspace/loading.lua:101]: Preload file at: file:///home/selecaoone/Downloads/squashfs-root/usr/share/nvim/runtime/lua/vim/uri.lua , size = 3.376 KB
[23:26:07.237][info] [#0:script/workspace/loading.lua:113]: ++++As library of:	file:///home/selecaoone/Downloads/squashfs-root/usr/share/nvim/runtime
[23:26:07.237][info] [#0:script/workspace/loading.lua:98]: Skip loaded file: file:///home/selecaoone/Downloads/squashfs-root/usr/share/nvim/runtime/lua/vim/uri.lua
[23:26:07.238][info] [#0:script/workspace/loading.lua:101]: Preload file at: file:///home/selecaoone/Downloads/squashfs-root/usr/share/nvim/runtime/lua/vim/version.lua , size = 12.146 KB
[23:26:07.247][info] [#0:script/workspace/loading.lua:113]: ++++As library of:	file:///home/selecaoone/Downloads/squashfs-root/usr/share/nvim/runtime
[23:26:07.248][info] [#0:script/workspace/loading.lua:98]: Skip loaded file: file:///home/selecaoone/Downloads/squashfs-root/usr/share/nvim/runtime/lua/vim/version.lua
[23:26:07.248][info] [#0:script/workspace/loading.lua:101]: Preload file at: file:///home/selecaoone/Downloads/squashfs-root/usr/share/nvim/runtime/pack/dist/opt/cfilter/plugin/cfilter.lua , size = 3.266 KB
[23:26:07.250][info] [#0:script/workspace/loading.lua:113]: ++++As library of:	file:///home/selecaoone/Downloads/squashfs-root/usr/share/nvim/runtime
[23:26:07.250][info] [#0:script/workspace/loading.lua:98]: Skip loaded file: file:///home/selecaoone/Downloads/squashfs-root/usr/share/nvim/runtime/pack/dist/opt/cfilter/plugin/cfilter.lua
[23:26:07.250][info] [#0:script/workspace/loading.lua:101]: Preload file at: file:///home/selecaoone/Downloads/squashfs-root/usr/share/nvim/runtime/plugin/editorconfig.lua , size = 0.410 KB
[23:26:07.251][info] [#0:script/workspace/loading.lua:113]: ++++As library of:	file:///home/selecaoone/Downloads/squashfs-root/usr/share/nvim/runtime
[23:26:07.251][info] [#0:script/workspace/loading.lua:98]: Skip loaded file: file:///home/selecaoone/Downloads/squashfs-root/usr/share/nvim/runtime/plugin/editorconfig.lua
[23:26:07.251][info] [#0:script/workspace/loading.lua:101]: Preload file at: file:///home/selecaoone/Downloads/squashfs-root/usr/share/nvim/runtime/plugin/man.lua , size = 0.772 KB
[23:26:07.252][info] [#0:script/workspace/loading.lua:113]: ++++As library of:	file:///home/selecaoone/Downloads/squashfs-root/usr/share/nvim/runtime
[23:26:07.252][info] [#0:script/workspace/loading.lua:98]: Skip loaded file: file:///home/selecaoone/Downloads/squashfs-root/usr/share/nvim/runtime/plugin/man.lua
[23:26:07.252][info] [#0:script/workspace/loading.lua:101]: Preload file at: file:///home/selecaoone/Downloads/squashfs-root/usr/share/nvim/runtime/plugin/nvim.lua , size = 0.639 KB
[23:26:07.253][info] [#0:script/workspace/loading.lua:113]: ++++As library of:	file:///home/selecaoone/Downloads/squashfs-root/usr/share/nvim/runtime
[23:26:07.253][info] [#0:script/workspace/loading.lua:98]: Skip loaded file: file:///home/selecaoone/Downloads/squashfs-root/usr/share/nvim/runtime/plugin/nvim.lua
[23:26:07.253][info] [#0:script/workspace/loading.lua:101]: Preload file at: file:///home/selecaoone/Downloads/squashfs-root/usr/share/nvim/runtime/syntax/query.lua , size = 0.135 KB
[23:26:07.254][info] [#0:script/workspace/loading.lua:113]: ++++As library of:	file:///home/selecaoone/Downloads/squashfs-root/usr/share/nvim/runtime
[23:26:07.254][info] [#0:script/workspace/loading.lua:98]: Skip loaded file: file:///home/selecaoone/Downloads/squashfs-root/usr/share/nvim/runtime/syntax/query.lua
[23:26:07.254][info] [#0:script/workspace/loading.lua:101]: Preload file at: file:///home/selecaoone/personal/.config/nvim/mason_packages/Linux/packages/lua-language-server/libexec/meta/LuaJIT%20en-us%20utf8/math.lua , size = 7.949 KB
[23:26:07.260][info] [#0:script/workspace/loading.lua:113]: ++++As library of:	file:///home/selecaoone/personal/.config/nvim/mason_packages/Linux/packages/lua-language-server/libexec/meta/LuaJIT%20en-us%20utf8/math.lua
[23:26:07.260][info] [#0:script/workspace/loading.lua:89]: Skip loaded file: file:///home/selecaoone/personal/.config/nvim/mason_packages/Linux/packages/lua-language-server/libexec/meta/LuaJIT%20en-us%20utf8/math.lua
[23:26:07.260][info] [#0:script/workspace/loading.lua:113]: ++++As library of:	file:///home/selecaoone/personal/.config/nvim/mason_packages/Linux/packages/lua-language-server/libexec/meta/LuaJIT%20en-us%20utf8/math.lua
[23:26:07.260][info] [#0:script/workspace/loading.lua:101]: Preload file at: file:///home/selecaoone/personal/.config/nvim/mason_packages/Linux/packages/lua-language-server/libexec/meta/LuaJIT%20en-us%20utf8/builtin.lua , size = 0.302 KB
[23:26:07.261][info] [#0:script/workspace/loading.lua:113]: ++++As library of:	file:///home/selecaoone/personal/.config/nvim/mason_packages/Linux/packages/lua-language-server/libexec/meta/LuaJIT%20en-us%20utf8/builtin.lua
[23:26:07.261][info] [#0:script/workspace/loading.lua:98]: Skip loaded file: file:///home/selecaoone/personal/.config/nvim/mason_packages/Linux/packages/lua-language-server/libexec/meta/LuaJIT%20en-us%20utf8/builtin.lua
[23:26:07.261][info] [#0:script/workspace/loading.lua:101]: Preload file at: file:///home/selecaoone/.local/share/nvim/lazy/lazy.nvim/lua/lazy/core/handler/cmd.lua , size = 1.590 KB
[23:26:07.263][info] [#0:script/workspace/loading.lua:101]: Preload file at: file:///home/selecaoone/.local/share/nvim/lazy/lazy.nvim/lua/lazy/core/handler/event.lua , size = 5.147 KB
[23:26:07.269][info] [#0:script/workspace/loading.lua:101]: Preload file at: file:///home/selecaoone/.local/share/nvim/lazy/lazy.nvim/lua/lazy/core/handler/ft.lua , size = 0.421 KB
[23:26:07.270][info] [#0:script/workspace/loading.lua:101]: Preload file at: file:///home/selecaoone/.local/share/nvim/lazy/lazy.nvim/lua/lazy/core/handler/init.lua , size = 2.478 KB
[23:26:07.273][info] [#0:script/workspace/loading.lua:101]: Preload file at: file:///home/selecaoone/.local/share/nvim/lazy/lazy.nvim/lua/lazy/core/handler/keys.lua , size = 4.437 KB
[23:26:07.278][info] [#0:script/workspace/loading.lua:101]: Preload file at: file:///home/selecaoone/.local/share/nvim/lazy/lazy.nvim/lua/lazy/core/cache.lua , size = 16.600 KB
[23:26:07.290][info] [#0:script/workspace/loading.lua:89]: Skip loaded file: file:///home/selecaoone/.local/share/nvim/lazy/lazy.nvim/lua/lazy/core/util.lua
[23:26:07.290][info] [#0:script/workspace/loading.lua:101]: Preload file at: file:///home/selecaoone/.local/share/nvim/lazy/lazy.nvim/lua/lazy/core/config.lua , size = 8.789 KB
[23:26:07.294][info] [#0:script/workspace/loading.lua:101]: Preload file at: file:///home/selecaoone/.local/share/nvim/lazy/lazy.nvim/lua/lazy/core/loader.lua , size = 13.427 KB
[23:26:07.303][info] [#0:script/workspace/loading.lua:101]: Preload file at: file:///home/selecaoone/.local/share/nvim/lazy/lazy.nvim/lua/lazy/core/plugin.lua , size = 15.691 KB
[23:26:07.315][info] [#0:script/workspace/loading.lua:101]: Preload file at: file:///home/selecaoone/.local/share/nvim/lazy/lazy.nvim/lua/lazy/docs.lua , size = 4.453 KB
[23:26:07.318][info] [#0:script/workspace/loading.lua:101]: Preload file at: file:///home/selecaoone/.local/share/nvim/lazy/lazy.nvim/lua/lazy/example.lua , size = 2.643 KB
[23:26:07.320][info] [#0:script/workspace/loading.lua:101]: Preload file at: file:///home/selecaoone/.local/share/nvim/lazy/lazy.nvim/lua/lazy/manage/semver.lua , size = 4.409 KB
[23:26:07.324][info] [#0:script/workspace/loading.lua:101]: Preload file at: file:///home/selecaoone/.local/share/nvim/lazy/lazy.nvim/lua/lazy/manage/task/fs.lua , size = 0.740 KB
[23:26:07.325][info] [#0:script/workspace/loading.lua:101]: Preload file at: file:///home/selecaoone/.local/share/nvim/lazy/lazy.nvim/lua/lazy/manage/task/init.lua , size = 3.822 KB
[23:26:07.328][info] [#0:script/workspace/loading.lua:101]: Preload file at: file:///home/selecaoone/.local/share/nvim/lazy/lazy.nvim/lua/lazy/manage/task/plugin.lua , size = 2.294 KB
[23:26:07.330][info] [#0:script/workspace/loading.lua:101]: Preload file at: file:///home/selecaoone/.local/share/nvim/lazy/lazy.nvim/lua/lazy/manage/task/git.lua , size = 7.719 KB
[23:26:07.335][info] [#0:script/workspace/loading.lua:101]: Preload file at: file:///home/selecaoone/.local/share/nvim/lazy/lazy.nvim/lua/lazy/manage/checker.lua , size = 2.306 KB
[23:26:07.344][info] [#0:script/workspace/loading.lua:101]: Preload file at: file:///home/selecaoone/.local/share/nvim/lazy/lazy.nvim/lua/lazy/manage/git.lua , size = 6.040 KB
[23:26:07.349][info] [#0:script/workspace/loading.lua:101]: Preload file at: file:///home/selecaoone/.local/share/nvim/lazy/lazy.nvim/lua/lazy/manage/lock.lua , size = 1.811 KB
[23:26:07.351][info] [#0:script/workspace/loading.lua:101]: Preload file at: file:///home/selecaoone/.local/share/nvim/lazy/lazy.nvim/lua/lazy/manage/init.lua , size = 5.484 KB
[23:26:07.355][info] [#0:script/workspace/loading.lua:101]: Preload file at: file:///home/selecaoone/.local/share/nvim/lazy/lazy.nvim/lua/lazy/manage/process.lua , size = 3.989 KB
[23:26:07.358][info] [#0:script/workspace/loading.lua:101]: Preload file at: file:///home/selecaoone/.local/share/nvim/lazy/lazy.nvim/lua/lazy/manage/reloader.lua , size = 2.487 KB
[23:26:07.361][info] [#0:script/workspace/loading.lua:101]: Preload file at: file:///home/selecaoone/.local/share/nvim/lazy/lazy.nvim/lua/lazy/manage/runner.lua , size = 3.957 KB
[23:26:07.364][info] [#0:script/workspace/loading.lua:101]: Preload file at: file:///home/selecaoone/.local/share/nvim/lazy/lazy.nvim/lua/lazy/view/diff.lua , size = 1.585 KB
[23:26:07.366][info] [#0:script/workspace/loading.lua:101]: Preload file at: file:///home/selecaoone/.local/share/nvim/lazy/lazy.nvim/lua/lazy/status.lua , size = 0.353 KB
[23:26:07.366][info] [#0:script/workspace/loading.lua:101]: Preload file at: file:///home/selecaoone/.local/share/nvim/lazy/lazy.nvim/lua/lazy/view/sections.lua , size = 2.250 KB
[23:26:07.368][info] [#0:script/workspace/loading.lua:101]: Preload file at: file:///home/selecaoone/.local/share/nvim/lazy/lazy.nvim/lua/lazy/view/config.lua , size = 3.462 KB
[23:26:07.370][info] [#0:script/workspace/loading.lua:101]: Preload file at: file:///home/selecaoone/.local/share/nvim/lazy/lazy.nvim/lua/lazy/view/text.lua , size = 3.820 KB
[23:26:07.374][info] [#0:script/workspace/loading.lua:101]: Preload file at: file:///home/selecaoone/.local/share/nvim/lazy/lazy.nvim/lua/lazy/view/commands.lua , size = 3.386 KB
[23:26:07.377][info] [#0:script/workspace/loading.lua:101]: Preload file at: file:///home/selecaoone/.local/share/nvim/lazy/lazy.nvim/lua/lazy/view/colors.lua , size = 1.526 KB
[23:26:07.378][info] [#0:script/workspace/loading.lua:173]: Loaded files takes [1.080] sec: <fallback>
[23:26:07.378][info] [#0:script/workspace/loading.lua:182]: Compile files takes [0.000] sec: <fallback>
[23:26:07.378][info] [#0:script/workspace/loading.lua:183]: Loaded finish:	<fallback>
[23:26:07.378][info] [#0:script/workspace/workspace.lua:381]: Preload finish at:	<fallback>
[23:26:07.395][info] [#0:script/workspace/loading.lua:101]: Preload file at: file:///home/selecaoone/.local/share/nvim/lazy/lazy.nvim/lua/lazy/view/float.lua , size = 7.009 KB
[23:26:07.402][info] [#0:script/workspace/loading.lua:101]: Preload file at: file:///home/selecaoone/.local/share/nvim/lazy/lazy.nvim/lua/lazy/view/init.lua , size = 7.479 KB
[23:26:07.409][info] [#0:script/workspace/loading.lua:101]: Preload file at: file:///home/selecaoone/.local/share/nvim/lazy/lazy.nvim/lua/lazy/view/render.lua , size = 21.483 KB
[23:26:07.426][info] [#0:script/workspace/loading.lua:101]: Preload file at: file:///home/selecaoone/.local/share/nvim/lazy/lazy.nvim/lua/lazy/health.lua , size = 3.313 KB
[23:26:07.428][info] [#0:script/workspace/loading.lua:101]: Preload file at: file:///home/selecaoone/.local/share/nvim/lazy/lazy.nvim/lua/lazy/help.lua , size = 2.242 KB
[23:26:07.431][info] [#0:script/workspace/loading.lua:101]: Preload file at: file:///home/selecaoone/.local/share/nvim/lazy/lazy.nvim/lua/lazy/init.lua , size = 3.717 KB
[23:26:07.433][info] [#0:script/workspace/loading.lua:101]: Preload file at: file:///home/selecaoone/.local/share/nvim/lazy/lazy.nvim/lua/lazy/state.lua , size = 0.859 KB
[23:26:07.435][info] [#0:script/workspace/loading.lua:101]: Preload file at: file:///home/selecaoone/.local/share/nvim/lazy/lazy.nvim/lua/lazy/stats.lua , size = 2.068 KB
[23:26:07.436][info] [#0:script/workspace/loading.lua:101]: Preload file at: file:///home/selecaoone/.local/share/nvim/lazy/lazy.nvim/lua/lazy/types.lua , size = 3.003 KB
[23:26:07.439][info] [#0:script/workspace/loading.lua:101]: Preload file at: file:///home/selecaoone/.local/share/nvim/lazy/lazy.nvim/lua/lazy/util.lua , size = 5.759 KB
[23:26:07.444][info] [#0:script/workspace/loading.lua:101]: Preload file at: file:///home/selecaoone/.local/share/nvim/lazy/lazy.nvim/tests/core/init_spec.lua , size = 0.224 KB
[23:26:07.444][info] [#0:script/workspace/loading.lua:101]: Preload file at: file:///home/selecaoone/.local/share/nvim/lazy/lazy.nvim/tests/core/e2e_spec.lua , size = 1.214 KB
[23:26:07.445][info] [#0:script/workspace/loading.lua:101]: Preload file at: file:///home/selecaoone/.local/share/nvim/lazy/lazy.nvim/tests/core/plugin_spec.lua , size = 12.740 KB
[23:26:07.453][info] [#0:script/workspace/loading.lua:101]: Preload file at: file:///home/selecaoone/.local/share/nvim/lazy/lazy.nvim/tests/core/util_spec.lua , size = 4.033 KB
[23:26:07.457][info] [#0:script/workspace/loading.lua:101]: Preload file at: file:///home/selecaoone/.local/share/nvim/lazy/lazy.nvim/tests/helpers.lua , size = 0.745 KB
[23:26:07.458][info] [#0:script/workspace/loading.lua:101]: Preload file at: file:///home/selecaoone/.local/share/nvim/lazy/lazy.nvim/tests/manage/runner_spec.lua , size = 2.369 KB
[23:26:07.460][info] [#0:script/workspace/loading.lua:101]: Preload file at: file:///home/selecaoone/.local/share/nvim/lazy/lazy.nvim/tests/manage/semver_spec.lua , size = 3.599 KB
[23:26:07.463][info] [#0:script/workspace/loading.lua:101]: Preload file at: file:///home/selecaoone/.local/share/nvim/lazy/lazy.nvim/tests/init.lua , size = 0.969 KB
[23:26:07.464][info] [#0:script/workspace/loading.lua:101]: Preload file at: file:///home/selecaoone/.local/share/nvim/lazy/lazy.nvim/tests/manage/task_spec.lua , size = 2.644 KB
[23:26:07.466][info] [#0:script/workspace/loading.lua:101]: Preload file at: file:///home/selecaoone/.local/share/nvim/lazy/lazy.nvim/tests/handlers/keys_spec.lua , size = 0.478 KB
[23:26:07.568][info] [#0:script/workspace/loading.lua:173]: Loaded files takes [1.170] sec: file:///home/selecaoone/.local/share/nvim/lazy/lazy.nvim
[23:26:07.568][info] [#0:script/workspace/loading.lua:182]: Compile files takes [0.000] sec: file:///home/selecaoone/.local/share/nvim/lazy/lazy.nvim
[23:26:07.568][info] [#0:script/workspace/loading.lua:183]: Loaded finish:	file:///home/selecaoone/.local/share/nvim/lazy/lazy.nvim
[23:26:07.568][info] [#0:script/workspace/workspace.lua:381]: Preload finish at:	file:///home/selecaoone/.local/share/nvim/lazy/lazy.nvim
[23:26:07.616][warn] [#0:script/proto/proto.lua:187]: Method [textDocument/didOpen] takes [1.600]sec. {
  jsonrpc = "2.0",
  method = "textDocument/didOpen",
  params = {
    textDocument = {
      languageId = "lua",
      text = '"***"',
      uri = "file:///home/selecaoone/.local/share/nvim/lazy/lazy.nvim/lua/lazy/core/util.lua",
      version = 0
    }
  }
}
[23:26:07.617][info] [#0:script/provider/diagnostic.lua:557]: Diagnostics scope [file:///home/selecaoone/.local/share/nvim/lazy/lazy.nvim], files count:[134]
[23:26:07.759][warn] [#0:script/proto/proto.lua:187]: Method [textDocument/semanticTokens/full] takes [1.670]sec. {
  id = 10,
  jsonrpc = "2.0",
  method = "textDocument/semanticTokens/full",
  params = {
    textDocument = {
      uri = "file:///home/selecaoone/.local/share/nvim/lazy/lazy.nvim/lua/lazy/core/util.lua"
    }
  }
}
[23:26:08.945][info] [#0:script/provider/diagnostic.lua:574]: Diagnostics scope [file:///home/selecaoone/.local/share/nvim/lazy/lazy.nvim] finished, takes [1.330] sec.
[23:27:28.658][info] [#0:script/provider/provider.lua:169]: Server shutdown.
[23:27:28.760][info] [#0:script/provider/provider.lua:162]: Server exited.
