[23:04:43.290][info] [#0:/home/selecaoone/personal/.config/nvim/mason_packages/Linux/packages/lua-language-server/libexec/main.lua:66]: Lua Lsp startup, root: 	/home/selecaoone/personal/.config/nvim/mason_packages/Linux/packages/lua-language-server/libexec
[23:04:43.290][info] [#0:/home/selecaoone/personal/.config/nvim/mason_packages/Linux/packages/lua-language-server/libexec/main.lua:67]: ROOT:	/home/selecaoone/personal/.config/nvim/mason_packages/Linux/packages/lua-language-server/libexec
[23:04:43.290][info] [#0:/home/selecaoone/personal/.config/nvim/mason_packages/Linux/packages/lua-language-server/libexec/main.lua:68]: LOGPATH:	/home/selecaoone/personal/.config/nvim/mason_packages/Linux/packages/lua-language-server/libexec/log
[23:04:43.290][info] [#0:/home/selecaoone/personal/.config/nvim/mason_packages/Linux/packages/lua-language-server/libexec/main.lua:69]: METAPATH:	/home/selecaoone/personal/.config/nvim/mason_packages/Linux/packages/lua-language-server/libexec/meta
[23:04:43.290][info] [#0:/home/selecaoone/personal/.config/nvim/mason_packages/Linux/packages/lua-language-server/libexec/main.lua:70]: VERSION:	3.7.0
[23:04:43.326][info] [#0:script/service/service.lua:144]: 
========= Medical Examination Report =========
    --------------- Memory ---------------
        Total: 2.143 MB
        # 00 : 2.143 MB
        # 01 : 0.000 MB
        # 02 : 0.000 MB
        # 03 : 0.000 MB
        # 04 : 0.000 MB
    --------------- Coroutine ---------------
        Total:     0
        Running:   0
        Suspended: 0
        Normal:    0
        Dead:      0
    --------------- Cache ---------------
        Total: 1
        Dead:  0
    ---------------  RPC  ---------------
        Holdon:   0
        Waiting:  0
==============================================
[23:04:43.433][info] [#0:script/client.lua:657]: Client init	{
  capabilities = {
    textDocument = {
      callHierarchy = {
        dynamicRegistration = false
      },
      codeAction = {
        codeActionLiteralSupport = {
          codeActionKind = {
            valueSet = { "", "quickfix", "refactor", "refactor.extract", "refactor.inline", "refactor.rewrite", "source", "source.organizeImports" }
          }
        },
        dataSupport = true,
        dynamicRegistration = false,
        isPreferredSupport = true,
        resolveSupport = {
          properties = { "edit" }
        }
      },
      completion = {
        completionItem = {
          commitCharactersSupport = false,
          deprecatedSupport = false,
          documentationFormat = { "markdown", "plaintext" },
          preselectSupport = false,
          snippetSupport = false
        },
        completionItemKind = {
          valueSet = { 1, 2, 3, 4, 5, 6, 7, 8, 9, 10, 11, 12, 13, 14, 15, 16, 17, 18, 19, 20, 21, 22, 23, 24, 25 }
        },
        contextSupport = false,
        dynamicRegistration = false
      },
      declaration = {
        linkSupport = true
      },
      definition = {
        linkSupport = true
      },
      documentHighlight = {
        dynamicRegistration = false
      },
      documentSymbol = {
        dynamicRegistration = false,
        hierarchicalDocumentSymbolSupport = true,
        symbolKind = {
          valueSet = { 1, 2, 3, 4, 5, 6, 7, 8, 9, 10, 11, 12, 13, 14, 15, 16, 17, 18, 19, 20, 21, 22, 23, 24, 25, 26 }
        }
      },
      hover = {
        contentFormat = { "markdown", "plaintext" },
        dynamicRegistration = false
      },
      implementation = {
        linkSupport = true
      },
      publishDiagnostics = {
        relatedInformation = true,
        tagSupport = {
          valueSet = { 1, 2 }
        }
      },
      references = {
        dynamicRegistration = false
      },
      rename = {
        dynamicRegistration = false,
        prepareSupport = true
      },
      semanticTokens = {
        augmentsSyntaxTokens = true,
        dynamicRegistration = false,
        formats = { "relative" },
        multilineTokenSupport = false,
        overlappingTokenSupport = true,
        requests = {
          full = {
            delta = true
          },
          range = false
        },
        serverCancelSupport = false,
        tokenModifiers = { "declaration", "definition", "readonly", "static", "deprecated", "abstract", "async", "modification", "documentation", "defaultLibrary" },
        tokenTypes = { "namespace", "type", "class", "enum", "interface", "struct", "typeParameter", "parameter", "variable", "property", "enumMember", "event", "function", "method", "macro", "keyword", "modifier", "comment", "string", "number", "regexp", "operator", "decorator" }
      },
      signatureHelp = {
        dynamicRegistration = false,
        signatureInformation = {
          activeParameterSupport = true,
          documentationFormat = { "markdown", "plaintext" },
          parameterInformation = {
            labelOffsetSupport = true
          }
        }
      },
      synchronization = {
        didSave = true,
        dynamicRegistration = false,
        willSave = true,
        willSaveWaitUntil = true
      },
      typeDefinition = {
        linkSupport = true
      }
    },
    window = {
      showDocument = {
        support = true
      },
      showMessage = {
        messageActionItem = {
          additionalPropertiesSupport = false
        }
      },
      workDoneProgress = true
    },
    workspace = {
      applyEdit = true,
      configuration = true,
      didChangeWatchedFiles = {
        dynamicRegistration = false,
        relativePatternSupport = true
      },
      semanticTokens = {
        refreshSupport = true
      },
      symbol = {
        dynamicRegistration = false,
        hierarchicalWorkspaceSymbolSupport = true,
        symbolKind = {
          valueSet = { 1, 2, 3, 4, 5, 6, 7, 8, 9, 10, 11, 12, 13, 14, 15, 16, 17, 18, 19, 20, 21, 22, 23, 24, 25, 26 }
        }
      },
      workspaceEdit = {
        resourceOperations = { "rename", "create", "delete" }
      },
      workspaceFolders = true
    }
  },
  clientInfo = {
    name = "Neovim",
    version = "0.9.0"
  },
  initializationOptions = {},
  processId = 41130,
  rootPath = "/home/selecaoone/personal/.config/nvim/bundle/fidget.nvim",
  rootUri = "file:///home/selecaoone/personal/.config/nvim/bundle/fidget.nvim",
  trace = "off",
  workspaceFolders = { {
      name = "/home/selecaoone/personal/.config/nvim/bundle/fidget.nvim",
      uri = "file:///home/selecaoone/personal/.config/nvim/bundle/fidget.nvim"
    } }
}
[23:04:43.433][info] [#0:script/language.lua:137]: VSC language: nil
[23:04:43.433][info] [#0:script/language.lua:138]: LS  language: en-us
[23:04:43.433][info] [#0:script/workspace/workspace.lua:38]: Workspace init root: 	file:///home/selecaoone/personal/.config/nvim/bundle/fidget.nvim
[23:04:43.433][info] [#0:script/workspace/workspace.lua:42]: Log path: 	/home/selecaoone/personal/.config/nvim/mason_packages/Linux/packages/lua-language-server/libexec/log/file_home_selecaoone_personal_.config_nvim_bundle_fidget.nvim.log
[23:04:43.435][info] [#0:script/workspace/workspace.lua:48]: Workspace create: 	file:///home/selecaoone/personal/.config/nvim/bundle/fidget.nvim
[23:08:38.583][info] [#0:script/provider/provider.lua:46]: Load config from client	file:///home/selecaoone/personal/.config/nvim/bundle/fidget.nvim
[23:08:38.583][info] [#0:script/provider/provider.lua:47]: {
  Lua = {
    runtime = {
      version = "LuaJIT"
    },
    workspace = {
      checkThirdParty = false,
      library = { "/home/selecaoone/Downloads/squashfs-root/usr/share/nvim/runtime" }
    }
  }
}
[23:08:38.583][info] [#0:script/provider/provider.lua:46]: Load config from client	file:///home/selecaoone/personal/.config/nvim/bundle/fidget.nvim
[23:08:38.584][info] [#0:script/provider/provider.lua:47]: {
  Lua = {
    runtime = {
      version = "LuaJIT"
    },
    workspace = {
      checkThirdParty = false,
      library = { "/home/selecaoone/Downloads/squashfs-root/usr/share/nvim/runtime" }
    }
  }
}
[23:08:38.584][info] [#0:script/provider/provider.lua:46]: Load config from client	file:///home/selecaoone/personal/.config/nvim/bundle/fidget.nvim
[23:08:38.584][info] [#0:script/provider/provider.lua:47]: {
  Lua = {
    runtime = {
      version = "LuaJIT"
    },
    workspace = {
      checkThirdParty = false,
      library = { "/home/selecaoone/Downloads/squashfs-root/usr/share/nvim/runtime" }
    }
  }
}
[23:08:38.585][info] [#0:script/provider/provider.lua:46]: Load config from client	file:///home/selecaoone/personal/.config/nvim/bundle/fidget.nvim
[23:08:38.585][info] [#0:script/provider/provider.lua:47]: {
  Lua = {
    runtime = {
      version = "LuaJIT"
    },
    workspace = {
      checkThirdParty = false,
      library = { "/home/selecaoone/Downloads/squashfs-root/usr/share/nvim/runtime" }
    }
  }
}
[23:08:38.585][info] [#0:script/provider/provider.lua:61]: Load config from client	fallback
[23:08:38.585][info] [#0:script/provider/provider.lua:62]: {
  Lua = {
    runtime = {
      version = "LuaJIT"
    },
    workspace = {
      checkThirdParty = false,
      library = { "/home/selecaoone/Downloads/squashfs-root/usr/share/nvim/runtime" }
    }
  }
}
[23:08:38.585][info] [#0:script/provider/provider.lua:61]: Load config from client	fallback
[23:08:38.586][info] [#0:script/provider/provider.lua:62]: {
  Lua = {
    runtime = {
      version = "LuaJIT"
    },
    workspace = {
      checkThirdParty = false,
      library = { "/home/selecaoone/Downloads/squashfs-root/usr/share/nvim/runtime" }
    }
  }
}
[23:08:38.586][info] [#0:script/provider/provider.lua:61]: Load config from client	fallback
[23:08:38.586][info] [#0:script/provider/provider.lua:62]: {
  Lua = {
    runtime = {
      version = "LuaJIT"
    },
    workspace = {
      checkThirdParty = false,
      library = { "/home/selecaoone/Downloads/squashfs-root/usr/share/nvim/runtime" }
    }
  }
}
[23:08:38.586][info] [#0:script/provider/provider.lua:61]: Load config from client	fallback
[23:08:38.586][info] [#0:script/provider/provider.lua:62]: {
  Lua = {
    runtime = {
      version = "LuaJIT"
    },
    workspace = {
      checkThirdParty = false,
      library = { "/home/selecaoone/Downloads/squashfs-root/usr/share/nvim/runtime" }
    }
  }
}
[23:08:38.688][info] [#0:script/library.lua:212]: Init builtin library at:	file:///home/selecaoone/personal/.config/nvim/bundle/fidget.nvim
[23:08:38.741][info] [#0:script/plugin.lua:86]: plugin path:	/home/selecaoone/personal/.config/nvim/bundle/fidget.nvim
[23:08:38.741][warn] [#0:script/plugin.lua:101]: plugin not found:	/home/selecaoone/personal/.config/nvim/bundle/fidget.nvim
[23:08:38.742][info] [#0:script/library.lua:212]: Init builtin library at:	nil
[23:08:38.864][info] [#0:script/workspace/workspace.lua:324]: Preload start:	file:///home/selecaoone/personal/.config/nvim/bundle/fidget.nvim
[23:08:38.873][info] [#0:script/workspace/workspace.lua:330]: Scan files at:	file:///home/selecaoone/personal/.config/nvim/bundle/fidget.nvim
[23:08:38.875][info] [#0:script/workspace/workspace.lua:324]: Preload start:	<fallback>
[23:08:38.888][info] [#0:script/workspace/workspace.lua:353]: Scan library at:	file:///home/selecaoone/personal/.config/nvim/mason_packages/Linux/packages/lua-language-server/libexec/meta/LuaJIT%20en-us%20utf8/builtin.lua
[23:08:38.889][info] [#0:script/workspace/workspace.lua:353]: Scan library at:	file:///home/selecaoone/personal/.config/nvim/mason_packages/Linux/packages/lua-language-server/libexec/meta/LuaJIT%20en-us%20utf8/math.lua
[23:08:38.889][info] [#0:script/workspace/workspace.lua:353]: Scan library at:	file:///home/selecaoone/Downloads/squashfs-root/usr/share/nvim/runtime
[23:08:38.935][info] [#0:script/workspace/workspace.lua:353]: Scan library at:	file:///home/selecaoone/personal/.config/nvim/mason_packages/Linux/packages/lua-language-server/libexec/meta/LuaJIT%20en-us%20utf8/builtin.lua
[23:08:38.935][info] [#0:script/workspace/workspace.lua:353]: Scan library at:	file:///home/selecaoone/personal/.config/nvim/mason_packages/Linux/packages/lua-language-server/libexec/meta/LuaJIT%20en-us%20utf8/math.lua
[23:08:38.936][info] [#0:script/workspace/workspace.lua:353]: Scan library at:	file:///home/selecaoone/Downloads/squashfs-root/usr/share/nvim/runtime
[23:08:39.165][info] [#0:script/workspace/workspace.lua:353]: Scan library at:	file:///home/selecaoone/personal/.config/nvim/mason_packages/Linux/packages/lua-language-server/libexec/meta/LuaJIT%20en-us%20utf8/table/clear.lua
[23:08:39.165][info] [#0:script/workspace/workspace.lua:353]: Scan library at:	file:///home/selecaoone/personal/.config/nvim/mason_packages/Linux/packages/lua-language-server/libexec/meta/LuaJIT%20en-us%20utf8/ffi.lua
[23:08:39.166][info] [#0:script/workspace/workspace.lua:353]: Scan library at:	file:///home/selecaoone/personal/.config/nvim/mason_packages/Linux/packages/lua-language-server/libexec/meta/LuaJIT%20en-us%20utf8/basic.lua
[23:08:39.166][info] [#0:script/workspace/workspace.lua:353]: Scan library at:	file:///home/selecaoone/personal/.config/nvim/mason_packages/Linux/packages/lua-language-server/libexec/meta/LuaJIT%20en-us%20utf8/jit.lua
[23:08:39.166][info] [#0:script/workspace/workspace.lua:353]: Scan library at:	file:///home/selecaoone/personal/.config/nvim/mason_packages/Linux/packages/lua-language-server/libexec/meta/LuaJIT%20en-us%20utf8/jit/util.lua
[23:08:39.166][info] [#0:script/workspace/workspace.lua:353]: Scan library at:	file:///home/selecaoone/personal/.config/nvim/mason_packages/Linux/packages/lua-language-server/libexec/meta/LuaJIT%20en-us%20utf8/coroutine.lua
[23:08:39.167][info] [#0:script/workspace/workspace.lua:353]: Scan library at:	file:///home/selecaoone/personal/.config/nvim/mason_packages/Linux/packages/lua-language-server/libexec/meta/LuaJIT%20en-us%20utf8/debug.lua
[23:08:39.167][info] [#0:script/workspace/workspace.lua:353]: Scan library at:	file:///home/selecaoone/personal/.config/nvim/mason_packages/Linux/packages/lua-language-server/libexec/meta/LuaJIT%20en-us%20utf8/string/buffer.lua
[23:08:39.167][info] [#0:script/workspace/workspace.lua:353]: Scan library at:	file:///home/selecaoone/personal/.config/nvim/mason_packages/Linux/packages/lua-language-server/libexec/meta/LuaJIT%20en-us%20utf8/bit.lua
[23:08:39.167][info] [#0:script/workspace/workspace.lua:353]: Scan library at:	file:///home/selecaoone/personal/.config/nvim/mason_packages/Linux/packages/lua-language-server/libexec/meta/LuaJIT%20en-us%20utf8/table/new.lua
[23:08:39.168][info] [#0:script/workspace/workspace.lua:353]: Scan library at:	file:///home/selecaoone/personal/.config/nvim/mason_packages/Linux/packages/lua-language-server/libexec/meta/LuaJIT%20en-us%20utf8/table/clear.lua
[23:08:39.168][info] [#0:script/workspace/workspace.lua:353]: Scan library at:	file:///home/selecaoone/personal/.config/nvim/mason_packages/Linux/packages/lua-language-server/libexec/meta/LuaJIT%20en-us%20utf8/string.lua
[23:08:39.168][info] [#0:script/workspace/workspace.lua:353]: Scan library at:	file:///home/selecaoone/personal/.config/nvim/mason_packages/Linux/packages/lua-language-server/libexec/meta/LuaJIT%20en-us%20utf8/ffi.lua
[23:08:39.168][info] [#0:script/workspace/workspace.lua:353]: Scan library at:	file:///home/selecaoone/personal/.config/nvim/mason_packages/Linux/packages/lua-language-server/libexec/meta/LuaJIT%20en-us%20utf8/package.lua
[23:08:39.168][info] [#0:script/workspace/workspace.lua:353]: Scan library at:	file:///home/selecaoone/personal/.config/nvim/mason_packages/Linux/packages/lua-language-server/libexec/meta/LuaJIT%20en-us%20utf8/basic.lua
[23:08:39.168][info] [#0:script/workspace/workspace.lua:353]: Scan library at:	file:///home/selecaoone/personal/.config/nvim/mason_packages/Linux/packages/lua-language-server/libexec/meta/LuaJIT%20en-us%20utf8/table.lua
[23:08:39.168][info] [#0:script/workspace/workspace.lua:353]: Scan library at:	file:///home/selecaoone/personal/.config/nvim/mason_packages/Linux/packages/lua-language-server/libexec/meta/LuaJIT%20en-us%20utf8/jit.lua
[23:08:39.169][info] [#0:script/workspace/workspace.lua:353]: Scan library at:	file:///home/selecaoone/personal/.config/nvim/mason_packages/Linux/packages/lua-language-server/libexec/meta/LuaJIT%20en-us%20utf8/io.lua
[23:08:39.169][info] [#0:script/workspace/workspace.lua:353]: Scan library at:	file:///home/selecaoone/personal/.config/nvim/mason_packages/Linux/packages/lua-language-server/libexec/meta/LuaJIT%20en-us%20utf8/jit/util.lua
[23:08:39.169][info] [#0:script/workspace/workspace.lua:353]: Scan library at:	file:///home/selecaoone/personal/.config/nvim/mason_packages/Linux/packages/lua-language-server/libexec/meta/LuaJIT%20en-us%20utf8/os.lua
[23:08:39.169][info] [#0:script/workspace/workspace.lua:353]: Scan library at:	file:///home/selecaoone/personal/.config/nvim/mason_packages/Linux/packages/lua-language-server/libexec/meta/LuaJIT%20en-us%20utf8/coroutine.lua
[23:08:39.169][info] [#0:script/workspace/workspace.lua:353]: Scan library at:	file:///home/selecaoone/personal/.config/nvim/mason_packages/Linux/packages/lua-language-server/libexec/meta/LuaJIT%20en-us%20utf8/jit/profile.lua
[23:08:39.169][info] [#0:script/workspace/workspace.lua:353]: Scan library at:	file:///home/selecaoone/personal/.config/nvim/mason_packages/Linux/packages/lua-language-server/libexec/meta/LuaJIT%20en-us%20utf8/debug.lua
[23:08:39.169][info] [#0:script/workspace/workspace.lua:353]: Scan library at:	file:///home/selecaoone/personal/.config/nvim/mason_packages/Linux/packages/lua-language-server/libexec/meta/LuaJIT%20en-us%20utf8/string/buffer.lua
[23:08:39.169][info] [#0:script/workspace/workspace.lua:353]: Scan library at:	file:///home/selecaoone/personal/.config/nvim/mason_packages/Linux/packages/lua-language-server/libexec/meta/LuaJIT%20en-us%20utf8/bit.lua
[23:08:39.170][info] [#0:script/workspace/workspace.lua:353]: Scan library at:	file:///home/selecaoone/personal/.config/nvim/mason_packages/Linux/packages/lua-language-server/libexec/meta/LuaJIT%20en-us%20utf8/table/new.lua
[23:08:39.170][info] [#0:script/workspace/workspace.lua:353]: Scan library at:	file:///home/selecaoone/personal/.config/nvim/mason_packages/Linux/packages/lua-language-server/libexec/meta/LuaJIT%20en-us%20utf8/string.lua
[23:08:39.170][info] [#0:script/workspace/workspace.lua:353]: Scan library at:	file:///home/selecaoone/personal/.config/nvim/mason_packages/Linux/packages/lua-language-server/libexec/meta/LuaJIT%20en-us%20utf8/package.lua
[23:08:39.170][info] [#0:script/workspace/workspace.lua:353]: Scan library at:	file:///home/selecaoone/personal/.config/nvim/mason_packages/Linux/packages/lua-language-server/libexec/meta/LuaJIT%20en-us%20utf8/table.lua
[23:08:39.170][info] [#0:script/workspace/workspace.lua:353]: Scan library at:	file:///home/selecaoone/personal/.config/nvim/mason_packages/Linux/packages/lua-language-server/libexec/meta/LuaJIT%20en-us%20utf8/io.lua
[23:08:39.170][info] [#0:script/workspace/workspace.lua:353]: Scan library at:	file:///home/selecaoone/personal/.config/nvim/mason_packages/Linux/packages/lua-language-server/libexec/meta/LuaJIT%20en-us%20utf8/os.lua
[23:08:39.170][info] [#0:script/workspace/workspace.lua:353]: Scan library at:	file:///home/selecaoone/personal/.config/nvim/mason_packages/Linux/packages/lua-language-server/libexec/meta/LuaJIT%20en-us%20utf8/jit/profile.lua
[23:08:39.271][info] [#0:script/workspace/workspace.lua:379]: Found 83 files at:	<fallback>
[23:08:39.271][info] [#0:script/workspace/loading.lua:161]: Load files from disk:	<fallback>
[23:08:39.271][info] [#0:script/workspace/workspace.lua:379]: Found 86 files at:	file:///home/selecaoone/personal/.config/nvim/bundle/fidget.nvim
[23:08:39.271][info] [#0:script/workspace/loading.lua:161]: Load files from disk:	file:///home/selecaoone/personal/.config/nvim/bundle/fidget.nvim
[23:08:39.273][info] [#0:script/workspace/loading.lua:101]: Preload file at: file:///home/selecaoone/personal/.config/nvim/mason_packages/Linux/packages/lua-language-server/libexec/meta/LuaJIT%20en-us%20utf8/jit/profile.lua , size = 0.348 KB
[23:08:39.277][info] [#0:script/workspace/loading.lua:113]: ++++As library of:	file:///home/selecaoone/personal/.config/nvim/mason_packages/Linux/packages/lua-language-server/libexec/meta/LuaJIT%20en-us%20utf8/jit/profile.lua
[23:08:39.277][info] [#0:script/workspace/loading.lua:98]: Skip loaded file: file:///home/selecaoone/personal/.config/nvim/mason_packages/Linux/packages/lua-language-server/libexec/meta/LuaJIT%20en-us%20utf8/jit/profile.lua
[23:08:39.277][info] [#0:script/workspace/loading.lua:101]: Preload file at: file:///home/selecaoone/personal/.config/nvim/mason_packages/Linux/packages/lua-language-server/libexec/meta/LuaJIT%20en-us%20utf8/os.lua , size = 5.600 KB
[23:08:39.287][info] [#0:script/workspace/loading.lua:113]: ++++As library of:	file:///home/selecaoone/personal/.config/nvim/mason_packages/Linux/packages/lua-language-server/libexec/meta/LuaJIT%20en-us%20utf8/os.lua
[23:08:39.287][info] [#0:script/workspace/loading.lua:98]: Skip loaded file: file:///home/selecaoone/personal/.config/nvim/mason_packages/Linux/packages/lua-language-server/libexec/meta/LuaJIT%20en-us%20utf8/os.lua
[23:08:39.287][info] [#0:script/workspace/loading.lua:101]: Preload file at: file:///home/selecaoone/personal/.config/nvim/mason_packages/Linux/packages/lua-language-server/libexec/meta/LuaJIT%20en-us%20utf8/io.lua , size = 6.364 KB
[23:08:39.298][info] [#0:script/workspace/loading.lua:113]: ++++As library of:	file:///home/selecaoone/personal/.config/nvim/mason_packages/Linux/packages/lua-language-server/libexec/meta/LuaJIT%20en-us%20utf8/io.lua
[23:08:39.298][info] [#0:script/workspace/loading.lua:98]: Skip loaded file: file:///home/selecaoone/personal/.config/nvim/mason_packages/Linux/packages/lua-language-server/libexec/meta/LuaJIT%20en-us%20utf8/io.lua
[23:08:39.298][info] [#0:script/workspace/loading.lua:101]: Preload file at: file:///home/selecaoone/personal/.config/nvim/mason_packages/Linux/packages/lua-language-server/libexec/meta/LuaJIT%20en-us%20utf8/table.lua , size = 4.230 KB
[23:08:39.309][info] [#0:script/workspace/loading.lua:113]: ++++As library of:	file:///home/selecaoone/personal/.config/nvim/mason_packages/Linux/packages/lua-language-server/libexec/meta/LuaJIT%20en-us%20utf8/table.lua
[23:08:39.309][info] [#0:script/workspace/loading.lua:98]: Skip loaded file: file:///home/selecaoone/personal/.config/nvim/mason_packages/Linux/packages/lua-language-server/libexec/meta/LuaJIT%20en-us%20utf8/table.lua
[23:08:39.309][info] [#0:script/workspace/loading.lua:101]: Preload file at: file:///home/selecaoone/personal/.config/nvim/mason_packages/Linux/packages/lua-language-server/libexec/meta/LuaJIT%20en-us%20utf8/package.lua , size = 2.699 KB
[23:08:39.312][info] [#0:script/workspace/loading.lua:113]: ++++As library of:	file:///home/selecaoone/personal/.config/nvim/mason_packages/Linux/packages/lua-language-server/libexec/meta/LuaJIT%20en-us%20utf8/package.lua
[23:08:39.312][info] [#0:script/workspace/loading.lua:98]: Skip loaded file: file:///home/selecaoone/personal/.config/nvim/mason_packages/Linux/packages/lua-language-server/libexec/meta/LuaJIT%20en-us%20utf8/package.lua
[23:08:39.312][info] [#0:script/workspace/loading.lua:101]: Preload file at: file:///home/selecaoone/personal/.config/nvim/mason_packages/Linux/packages/lua-language-server/libexec/meta/LuaJIT%20en-us%20utf8/string.lua , size = 6.323 KB
[23:08:39.320][info] [#0:script/workspace/loading.lua:113]: ++++As library of:	file:///home/selecaoone/personal/.config/nvim/mason_packages/Linux/packages/lua-language-server/libexec/meta/LuaJIT%20en-us%20utf8/string.lua
[23:08:39.320][info] [#0:script/workspace/loading.lua:101]: Preload file at: file:///home/selecaoone/personal/.config/nvim/mason_packages/Linux/packages/lua-language-server/libexec/meta/LuaJIT%20en-us%20utf8/table/new.lua , size = 0.642 KB
[23:08:39.321][info] [#0:script/workspace/loading.lua:113]: ++++As library of:	file:///home/selecaoone/personal/.config/nvim/mason_packages/Linux/packages/lua-language-server/libexec/meta/LuaJIT%20en-us%20utf8/table/new.lua
[23:08:39.321][info] [#0:script/workspace/loading.lua:98]: Skip loaded file: file:///home/selecaoone/personal/.config/nvim/mason_packages/Linux/packages/lua-language-server/libexec/meta/LuaJIT%20en-us%20utf8/string.lua
[23:08:39.321][info] [#0:script/workspace/loading.lua:98]: Skip loaded file: file:///home/selecaoone/personal/.config/nvim/mason_packages/Linux/packages/lua-language-server/libexec/meta/LuaJIT%20en-us%20utf8/table/new.lua
[23:08:39.321][info] [#0:script/workspace/loading.lua:101]: Preload file at: file:///home/selecaoone/personal/.config/nvim/mason_packages/Linux/packages/lua-language-server/libexec/meta/LuaJIT%20en-us%20utf8/bit.lua , size = 1.320 KB
[23:08:39.325][info] [#0:script/workspace/loading.lua:113]: ++++As library of:	file:///home/selecaoone/personal/.config/nvim/mason_packages/Linux/packages/lua-language-server/libexec/meta/LuaJIT%20en-us%20utf8/bit.lua
[23:08:39.325][info] [#0:script/workspace/loading.lua:98]: Skip loaded file: file:///home/selecaoone/personal/.config/nvim/mason_packages/Linux/packages/lua-language-server/libexec/meta/LuaJIT%20en-us%20utf8/bit.lua
[23:08:39.325][info] [#0:script/workspace/loading.lua:101]: Preload file at: file:///home/selecaoone/personal/.config/nvim/mason_packages/Linux/packages/lua-language-server/libexec/meta/LuaJIT%20en-us%20utf8/string/buffer.lua , size = 18.123 KB
[23:08:39.334][info] [#0:script/workspace/loading.lua:113]: ++++As library of:	file:///home/selecaoone/personal/.config/nvim/mason_packages/Linux/packages/lua-language-server/libexec/meta/LuaJIT%20en-us%20utf8/string/buffer.lua
[23:08:39.335][info] [#0:script/workspace/loading.lua:98]: Skip loaded file: file:///home/selecaoone/personal/.config/nvim/mason_packages/Linux/packages/lua-language-server/libexec/meta/LuaJIT%20en-us%20utf8/string/buffer.lua
[23:08:39.335][info] [#0:script/workspace/loading.lua:101]: Preload file at: file:///home/selecaoone/personal/.config/nvim/mason_packages/Linux/packages/lua-language-server/libexec/meta/LuaJIT%20en-us%20utf8/debug.lua , size = 7.310 KB
[23:08:39.349][info] [#0:script/workspace/loading.lua:113]: ++++As library of:	file:///home/selecaoone/personal/.config/nvim/mason_packages/Linux/packages/lua-language-server/libexec/meta/LuaJIT%20en-us%20utf8/debug.lua
[23:08:39.349][info] [#0:script/workspace/loading.lua:98]: Skip loaded file: file:///home/selecaoone/personal/.config/nvim/mason_packages/Linux/packages/lua-language-server/libexec/meta/LuaJIT%20en-us%20utf8/debug.lua
[23:08:39.349][info] [#0:script/workspace/loading.lua:101]: Preload file at: file:///home/selecaoone/personal/.config/nvim/mason_packages/Linux/packages/lua-language-server/libexec/meta/LuaJIT%20en-us%20utf8/coroutine.lua , size = 2.541 KB
[23:08:39.352][info] [#0:script/workspace/loading.lua:113]: ++++As library of:	file:///home/selecaoone/personal/.config/nvim/mason_packages/Linux/packages/lua-language-server/libexec/meta/LuaJIT%20en-us%20utf8/coroutine.lua
[23:08:39.352][info] [#0:script/workspace/loading.lua:98]: Skip loaded file: file:///home/selecaoone/personal/.config/nvim/mason_packages/Linux/packages/lua-language-server/libexec/meta/LuaJIT%20en-us%20utf8/coroutine.lua
[23:08:39.352][info] [#0:script/workspace/loading.lua:101]: Preload file at: file:///home/selecaoone/personal/.config/nvim/mason_packages/Linux/packages/lua-language-server/libexec/meta/LuaJIT%20en-us%20utf8/jit/util.lua , size = 1.984 KB
[23:08:39.355][info] [#0:script/workspace/loading.lua:113]: ++++As library of:	file:///home/selecaoone/personal/.config/nvim/mason_packages/Linux/packages/lua-language-server/libexec/meta/LuaJIT%20en-us%20utf8/jit/util.lua
[23:08:39.355][info] [#0:script/workspace/loading.lua:101]: Preload file at: file:///home/selecaoone/personal/.config/nvim/mason_packages/Linux/packages/lua-language-server/libexec/meta/LuaJIT%20en-us%20utf8/jit.lua , size = 0.884 KB
[23:08:39.357][info] [#0:script/workspace/loading.lua:113]: ++++As library of:	file:///home/selecaoone/personal/.config/nvim/mason_packages/Linux/packages/lua-language-server/libexec/meta/LuaJIT%20en-us%20utf8/jit.lua
[23:08:39.357][info] [#0:script/workspace/loading.lua:98]: Skip loaded file: file:///home/selecaoone/personal/.config/nvim/mason_packages/Linux/packages/lua-language-server/libexec/meta/LuaJIT%20en-us%20utf8/jit/util.lua
[23:08:39.357][info] [#0:script/workspace/loading.lua:98]: Skip loaded file: file:///home/selecaoone/personal/.config/nvim/mason_packages/Linux/packages/lua-language-server/libexec/meta/LuaJIT%20en-us%20utf8/jit.lua
[23:08:39.357][info] [#0:script/workspace/loading.lua:101]: Preload file at: file:///home/selecaoone/personal/.config/nvim/mason_packages/Linux/packages/lua-language-server/libexec/meta/LuaJIT%20en-us%20utf8/basic.lua , size = 14.989 KB
[23:08:39.369][info] [#0:script/workspace/loading.lua:113]: ++++As library of:	file:///home/selecaoone/personal/.config/nvim/mason_packages/Linux/packages/lua-language-server/libexec/meta/LuaJIT%20en-us%20utf8/basic.lua
[23:08:39.369][info] [#0:script/workspace/loading.lua:101]: Preload file at: file:///home/selecaoone/personal/.config/nvim/mason_packages/Linux/packages/lua-language-server/libexec/meta/LuaJIT%20en-us%20utf8/ffi.lua , size = 2.529 KB
[23:08:39.374][info] [#0:script/workspace/loading.lua:113]: ++++As library of:	file:///home/selecaoone/personal/.config/nvim/mason_packages/Linux/packages/lua-language-server/libexec/meta/LuaJIT%20en-us%20utf8/ffi.lua
[23:08:39.374][info] [#0:script/workspace/loading.lua:98]: Skip loaded file: file:///home/selecaoone/personal/.config/nvim/mason_packages/Linux/packages/lua-language-server/libexec/meta/LuaJIT%20en-us%20utf8/ffi.lua
[23:08:39.374][info] [#0:script/workspace/loading.lua:98]: Skip loaded file: file:///home/selecaoone/personal/.config/nvim/mason_packages/Linux/packages/lua-language-server/libexec/meta/LuaJIT%20en-us%20utf8/basic.lua
[23:08:39.374][info] [#0:script/workspace/loading.lua:101]: Preload file at: file:///home/selecaoone/personal/.config/nvim/mason_packages/Linux/packages/lua-language-server/libexec/meta/LuaJIT%20en-us%20utf8/table/clear.lua , size = 0.797 KB
[23:08:39.375][info] [#0:script/workspace/loading.lua:113]: ++++As library of:	file:///home/selecaoone/personal/.config/nvim/mason_packages/Linux/packages/lua-language-server/libexec/meta/LuaJIT%20en-us%20utf8/table/clear.lua
[23:08:39.375][info] [#0:script/workspace/loading.lua:98]: Skip loaded file: file:///home/selecaoone/personal/.config/nvim/mason_packages/Linux/packages/lua-language-server/libexec/meta/LuaJIT%20en-us%20utf8/table/clear.lua
[23:08:39.375][info] [#0:script/workspace/loading.lua:101]: Preload file at: file:///home/selecaoone/Downloads/squashfs-root/usr/share/nvim/runtime/autoload/ccomplete.lua , size = 26.345 KB
[23:08:39.404][info] [#0:script/workspace/loading.lua:113]: ++++As library of:	file:///home/selecaoone/Downloads/squashfs-root/usr/share/nvim/runtime
[23:08:39.404][info] [#0:script/workspace/loading.lua:98]: Skip loaded file: file:///home/selecaoone/Downloads/squashfs-root/usr/share/nvim/runtime/autoload/ccomplete.lua
[23:08:39.404][info] [#0:script/workspace/loading.lua:101]: Preload file at: file:///home/selecaoone/Downloads/squashfs-root/usr/share/nvim/runtime/filetype.lua , size = 1.542 KB
[23:08:39.405][info] [#0:script/workspace/loading.lua:113]: ++++As library of:	file:///home/selecaoone/Downloads/squashfs-root/usr/share/nvim/runtime
[23:08:39.405][info] [#0:script/workspace/loading.lua:98]: Skip loaded file: file:///home/selecaoone/Downloads/squashfs-root/usr/share/nvim/runtime/filetype.lua
[23:08:39.406][info] [#0:script/workspace/loading.lua:101]: Preload file at: file:///home/selecaoone/Downloads/squashfs-root/usr/share/nvim/runtime/ftplugin/c.lua , size = 0.031 KB
[23:08:39.406][info] [#0:script/workspace/loading.lua:113]: ++++As library of:	file:///home/selecaoone/Downloads/squashfs-root/usr/share/nvim/runtime
[23:08:39.406][info] [#0:script/workspace/loading.lua:98]: Skip loaded file: file:///home/selecaoone/Downloads/squashfs-root/usr/share/nvim/runtime/ftplugin/c.lua
[23:08:39.406][info] [#0:script/workspace/loading.lua:101]: Preload file at: file:///home/selecaoone/Downloads/squashfs-root/usr/share/nvim/runtime/ftplugin/calender.lua , size = 0.031 KB
[23:08:39.406][info] [#0:script/workspace/loading.lua:113]: ++++As library of:	file:///home/selecaoone/Downloads/squashfs-root/usr/share/nvim/runtime
[23:08:39.406][info] [#0:script/workspace/loading.lua:98]: Skip loaded file: file:///home/selecaoone/Downloads/squashfs-root/usr/share/nvim/runtime/ftplugin/calender.lua
[23:08:39.406][info] [#0:script/workspace/loading.lua:101]: Preload file at: file:///home/selecaoone/Downloads/squashfs-root/usr/share/nvim/runtime/ftplugin/css.lua , size = 0.031 KB
[23:08:39.407][info] [#0:script/workspace/loading.lua:113]: ++++As library of:	file:///home/selecaoone/Downloads/squashfs-root/usr/share/nvim/runtime
[23:08:39.407][info] [#0:script/workspace/loading.lua:98]: Skip loaded file: file:///home/selecaoone/Downloads/squashfs-root/usr/share/nvim/runtime/ftplugin/css.lua
[23:08:39.407][info] [#0:script/workspace/loading.lua:101]: Preload file at: file:///home/selecaoone/Downloads/squashfs-root/usr/share/nvim/runtime/ftplugin/indent.lua , size = 0.031 KB
[23:08:39.407][info] [#0:script/workspace/loading.lua:113]: ++++As library of:	file:///home/selecaoone/Downloads/squashfs-root/usr/share/nvim/runtime
[23:08:39.407][info] [#0:script/workspace/loading.lua:98]: Skip loaded file: file:///home/selecaoone/Downloads/squashfs-root/usr/share/nvim/runtime/ftplugin/indent.lua
[23:08:39.407][info] [#0:script/workspace/loading.lua:101]: Preload file at: file:///home/selecaoone/Downloads/squashfs-root/usr/share/nvim/runtime/ftplugin/query.lua , size = 0.146 KB
[23:08:39.408][info] [#0:script/workspace/loading.lua:113]: ++++As library of:	file:///home/selecaoone/Downloads/squashfs-root/usr/share/nvim/runtime
[23:08:39.408][info] [#0:script/workspace/loading.lua:98]: Skip loaded file: file:///home/selecaoone/Downloads/squashfs-root/usr/share/nvim/runtime/ftplugin/query.lua
[23:08:39.408][info] [#0:script/workspace/loading.lua:101]: Preload file at: file:///home/selecaoone/Downloads/squashfs-root/usr/share/nvim/runtime/ftplugin/xdefaults.lua , size = 0.031 KB
[23:08:39.408][info] [#0:script/workspace/loading.lua:113]: ++++As library of:	file:///home/selecaoone/Downloads/squashfs-root/usr/share/nvim/runtime
[23:08:39.408][info] [#0:script/workspace/loading.lua:98]: Skip loaded file: file:///home/selecaoone/Downloads/squashfs-root/usr/share/nvim/runtime/ftplugin/xdefaults.lua
[23:08:39.408][info] [#0:script/workspace/loading.lua:101]: Preload file at: file:///home/selecaoone/Downloads/squashfs-root/usr/share/nvim/runtime/indent/query.lua , size = 0.135 KB
[23:08:39.408][info] [#0:script/workspace/loading.lua:113]: ++++As library of:	file:///home/selecaoone/Downloads/squashfs-root/usr/share/nvim/runtime
[23:08:39.408][info] [#0:script/workspace/loading.lua:98]: Skip loaded file: file:///home/selecaoone/Downloads/squashfs-root/usr/share/nvim/runtime/indent/query.lua
[23:08:39.409][info] [#0:script/workspace/loading.lua:101]: Preload file at: file:///home/selecaoone/Downloads/squashfs-root/usr/share/nvim/runtime/lua/_vim9script.lua , size = 15.439 KB
[23:08:39.420][info] [#0:script/workspace/loading.lua:113]: ++++As library of:	file:///home/selecaoone/Downloads/squashfs-root/usr/share/nvim/runtime
[23:08:39.420][info] [#0:script/workspace/loading.lua:98]: Skip loaded file: file:///home/selecaoone/Downloads/squashfs-root/usr/share/nvim/runtime/lua/_vim9script.lua
[23:08:39.420][info] [#0:script/workspace/loading.lua:101]: Preload file at: file:///home/selecaoone/Downloads/squashfs-root/usr/share/nvim/runtime/lua/editorconfig.lua , size = 6.716 KB
[23:08:39.427][info] [#0:script/workspace/loading.lua:113]: ++++As library of:	file:///home/selecaoone/Downloads/squashfs-root/usr/share/nvim/runtime
[23:08:39.427][info] [#0:script/workspace/loading.lua:98]: Skip loaded file: file:///home/selecaoone/Downloads/squashfs-root/usr/share/nvim/runtime/lua/editorconfig.lua
[23:08:39.427][info] [#0:script/workspace/loading.lua:101]: Preload file at: file:///home/selecaoone/Downloads/squashfs-root/usr/share/nvim/runtime/lua/man.lua , size = 24.703 KB
[23:08:39.447][info] [#0:script/workspace/loading.lua:113]: ++++As library of:	file:///home/selecaoone/Downloads/squashfs-root/usr/share/nvim/runtime
[23:08:39.447][info] [#0:script/workspace/loading.lua:98]: Skip loaded file: file:///home/selecaoone/Downloads/squashfs-root/usr/share/nvim/runtime/lua/man.lua
[23:08:39.447][info] [#0:script/workspace/loading.lua:101]: Preload file at: file:///home/selecaoone/Downloads/squashfs-root/usr/share/nvim/runtime/lua/nvim/health.lua , size = 12.706 KB
[23:08:39.457][info] [#0:script/workspace/loading.lua:113]: ++++As library of:	file:///home/selecaoone/Downloads/squashfs-root/usr/share/nvim/runtime
[23:08:39.457][info] [#0:script/workspace/loading.lua:98]: Skip loaded file: file:///home/selecaoone/Downloads/squashfs-root/usr/share/nvim/runtime/lua/nvim/health.lua
[23:08:39.457][info] [#0:script/workspace/loading.lua:101]: Preload file at: file:///home/selecaoone/Downloads/squashfs-root/usr/share/nvim/runtime/lua/vim/F.lua , size = 0.824 KB
[23:08:39.458][info] [#0:script/workspace/loading.lua:113]: ++++As library of:	file:///home/selecaoone/Downloads/squashfs-root/usr/share/nvim/runtime
[23:08:39.458][info] [#0:script/workspace/loading.lua:98]: Skip loaded file: file:///home/selecaoone/Downloads/squashfs-root/usr/share/nvim/runtime/lua/vim/F.lua
[23:08:39.458][info] [#0:script/workspace/loading.lua:101]: Preload file at: file:///home/selecaoone/Downloads/squashfs-root/usr/share/nvim/runtime/lua/vim/_editor.lua , size = 29.339 KB
[23:08:39.485][info] [#0:script/workspace/loading.lua:113]: ++++As library of:	file:///home/selecaoone/Downloads/squashfs-root/usr/share/nvim/runtime
[23:08:39.485][info] [#0:script/workspace/loading.lua:98]: Skip loaded file: file:///home/selecaoone/Downloads/squashfs-root/usr/share/nvim/runtime/lua/vim/_editor.lua
[23:08:39.485][info] [#0:script/workspace/loading.lua:101]: Preload file at: file:///home/selecaoone/Downloads/squashfs-root/usr/share/nvim/runtime/lua/vim/_init_packages.lua , size = 2.773 KB
[23:08:39.488][info] [#0:script/workspace/loading.lua:113]: ++++As library of:	file:///home/selecaoone/Downloads/squashfs-root/usr/share/nvim/runtime
[23:08:39.488][info] [#0:script/workspace/loading.lua:98]: Skip loaded file: file:///home/selecaoone/Downloads/squashfs-root/usr/share/nvim/runtime/lua/vim/_init_packages.lua
[23:08:39.488][info] [#0:script/workspace/loading.lua:101]: Preload file at: file:///home/selecaoone/Downloads/squashfs-root/usr/share/nvim/runtime/lua/vim/_inspector.lua , size = 7.792 KB
[23:08:39.494][info] [#0:script/workspace/loading.lua:113]: ++++As library of:	file:///home/selecaoone/Downloads/squashfs-root/usr/share/nvim/runtime
[23:08:39.494][info] [#0:script/workspace/loading.lua:98]: Skip loaded file: file:///home/selecaoone/Downloads/squashfs-root/usr/share/nvim/runtime/lua/vim/_inspector.lua
[23:08:39.494][info] [#0:script/workspace/loading.lua:101]: Preload file at: file:///home/selecaoone/Downloads/squashfs-root/usr/share/nvim/runtime/lua/vim/_meta.lua , size = 12.077 KB
[23:08:39.504][info] [#0:script/workspace/loading.lua:113]: ++++As library of:	file:///home/selecaoone/Downloads/squashfs-root/usr/share/nvim/runtime
[23:08:39.504][info] [#0:script/workspace/loading.lua:98]: Skip loaded file: file:///home/selecaoone/Downloads/squashfs-root/usr/share/nvim/runtime/lua/vim/_meta.lua
[23:08:39.504][info] [#0:script/workspace/loading.lua:101]: Preload file at: file:///home/selecaoone/Downloads/squashfs-root/usr/share/nvim/runtime/lua/vim/_watch.lua , size = 5.115 KB
[23:08:39.508][info] [#0:script/workspace/loading.lua:113]: ++++As library of:	file:///home/selecaoone/Downloads/squashfs-root/usr/share/nvim/runtime
[23:08:39.508][info] [#0:script/workspace/loading.lua:98]: Skip loaded file: file:///home/selecaoone/Downloads/squashfs-root/usr/share/nvim/runtime/lua/vim/_watch.lua
[23:08:39.508][info] [#0:script/workspace/loading.lua:101]: Preload file at: file:///home/selecaoone/Downloads/squashfs-root/usr/share/nvim/runtime/lua/vim/diagnostic.lua , size = 56.640 KB
[23:08:39.547][info] [#0:script/workspace/loading.lua:113]: ++++As library of:	file:///home/selecaoone/Downloads/squashfs-root/usr/share/nvim/runtime
[23:08:39.547][info] [#0:script/workspace/loading.lua:98]: Skip loaded file: file:///home/selecaoone/Downloads/squashfs-root/usr/share/nvim/runtime/lua/vim/diagnostic.lua
[23:08:39.547][info] [#0:script/workspace/loading.lua:101]: Preload file at: file:///home/selecaoone/Downloads/squashfs-root/usr/share/nvim/runtime/lua/vim/filetype/detect.lua , size = 47.479 KB
[23:08:39.591][info] [#0:script/workspace/loading.lua:113]: ++++As library of:	file:///home/selecaoone/Downloads/squashfs-root/usr/share/nvim/runtime
[23:08:39.591][info] [#0:script/workspace/loading.lua:98]: Skip loaded file: file:///home/selecaoone/Downloads/squashfs-root/usr/share/nvim/runtime/lua/vim/filetype/detect.lua
[23:08:39.591][info] [#0:script/workspace/loading.lua:101]: Preload file at: file:///home/selecaoone/Downloads/squashfs-root/usr/share/nvim/runtime/lua/vim/filetype/options.lua , size = 2.561 KB
[23:08:39.594][info] [#0:script/workspace/loading.lua:113]: ++++As library of:	file:///home/selecaoone/Downloads/squashfs-root/usr/share/nvim/runtime
[23:08:39.594][info] [#0:script/workspace/loading.lua:89]: Skip loaded file: file:///home/selecaoone/Downloads/squashfs-root/usr/share/nvim/runtime/lua/vim/filetype/options.lua
[23:08:39.594][info] [#0:script/workspace/loading.lua:113]: ++++As library of:	file:///home/selecaoone/Downloads/squashfs-root/usr/share/nvim/runtime
[23:08:39.594][info] [#0:script/workspace/loading.lua:101]: Preload file at: file:///home/selecaoone/Downloads/squashfs-root/usr/share/nvim/runtime/lua/vim/filetype.lua , size = 74.400 KB
[23:08:39.642][info] [#0:script/workspace/loading.lua:113]: ++++As library of:	file:///home/selecaoone/Downloads/squashfs-root/usr/share/nvim/runtime
[23:08:39.643][info] [#0:script/workspace/loading.lua:101]: Preload file at: file:///home/selecaoone/Downloads/squashfs-root/usr/share/nvim/runtime/lua/vim/fs.lua , size = 10.662 KB
[23:08:39.651][info] [#0:script/workspace/loading.lua:113]: ++++As library of:	file:///home/selecaoone/Downloads/squashfs-root/usr/share/nvim/runtime
[23:08:39.651][info] [#0:script/workspace/loading.lua:98]: Skip loaded file: file:///home/selecaoone/Downloads/squashfs-root/usr/share/nvim/runtime/lua/vim/filetype.lua
[23:08:39.651][info] [#0:script/workspace/loading.lua:98]: Skip loaded file: file:///home/selecaoone/Downloads/squashfs-root/usr/share/nvim/runtime/lua/vim/fs.lua
[23:08:39.651][info] [#0:script/workspace/loading.lua:101]: Preload file at: file:///home/selecaoone/Downloads/squashfs-root/usr/share/nvim/runtime/lua/vim/health.lua , size = 1.537 KB
[23:08:39.653][info] [#0:script/workspace/loading.lua:113]: ++++As library of:	file:///home/selecaoone/Downloads/squashfs-root/usr/share/nvim/runtime
[23:08:39.653][info] [#0:script/workspace/loading.lua:98]: Skip loaded file: file:///home/selecaoone/Downloads/squashfs-root/usr/share/nvim/runtime/lua/vim/health.lua
[23:08:39.653][info] [#0:script/workspace/loading.lua:101]: Preload file at: file:///home/selecaoone/Downloads/squashfs-root/usr/share/nvim/runtime/lua/vim/highlight.lua , size = 3.749 KB
[23:08:39.656][info] [#0:script/workspace/loading.lua:113]: ++++As library of:	file:///home/selecaoone/Downloads/squashfs-root/usr/share/nvim/runtime
[23:08:39.656][info] [#0:script/workspace/loading.lua:98]: Skip loaded file: file:///home/selecaoone/Downloads/squashfs-root/usr/share/nvim/runtime/lua/vim/highlight.lua
[23:08:39.656][info] [#0:script/workspace/loading.lua:101]: Preload file at: file:///home/selecaoone/Downloads/squashfs-root/usr/share/nvim/runtime/lua/vim/inspect.lua , size = 8.864 KB
[23:08:39.664][info] [#0:script/workspace/loading.lua:113]: ++++As library of:	file:///home/selecaoone/Downloads/squashfs-root/usr/share/nvim/runtime
[23:08:39.664][info] [#0:script/workspace/loading.lua:98]: Skip loaded file: file:///home/selecaoone/Downloads/squashfs-root/usr/share/nvim/runtime/lua/vim/inspect.lua
[23:08:39.664][info] [#0:script/workspace/loading.lua:101]: Preload file at: file:///home/selecaoone/Downloads/squashfs-root/usr/share/nvim/runtime/lua/vim/keymap.lua , size = 3.573 KB
[23:08:39.667][info] [#0:script/workspace/loading.lua:113]: ++++As library of:	file:///home/selecaoone/Downloads/squashfs-root/usr/share/nvim/runtime
[23:08:39.667][info] [#0:script/workspace/loading.lua:98]: Skip loaded file: file:///home/selecaoone/Downloads/squashfs-root/usr/share/nvim/runtime/lua/vim/keymap.lua
[23:08:39.667][info] [#0:script/workspace/loading.lua:101]: Preload file at: file:///home/selecaoone/Downloads/squashfs-root/usr/share/nvim/runtime/lua/vim/loader.lua , size = 15.990 KB
[23:08:39.682][info] [#0:script/workspace/loading.lua:113]: ++++As library of:	file:///home/selecaoone/Downloads/squashfs-root/usr/share/nvim/runtime
[23:08:39.682][info] [#0:script/workspace/loading.lua:98]: Skip loaded file: file:///home/selecaoone/Downloads/squashfs-root/usr/share/nvim/runtime/lua/vim/loader.lua
[23:08:39.683][info] [#0:script/workspace/loading.lua:101]: Preload file at: file:///home/selecaoone/Downloads/squashfs-root/usr/share/nvim/runtime/lua/vim/lsp/_snippet.lua , size = 10.744 KB
[23:08:39.696][info] [#0:script/workspace/loading.lua:113]: ++++As library of:	file:///home/selecaoone/Downloads/squashfs-root/usr/share/nvim/runtime
[23:08:39.696][info] [#0:script/workspace/loading.lua:98]: Skip loaded file: file:///home/selecaoone/Downloads/squashfs-root/usr/share/nvim/runtime/lua/vim/lsp/_snippet.lua
[23:08:39.696][info] [#0:script/workspace/loading.lua:101]: Preload file at: file:///home/selecaoone/Downloads/squashfs-root/usr/share/nvim/runtime/lua/vim/lsp/_watchfiles.lua , size = 9.196 KB
[23:08:39.705][info] [#0:script/workspace/loading.lua:113]: ++++As library of:	file:///home/selecaoone/Downloads/squashfs-root/usr/share/nvim/runtime
[23:08:39.705][info] [#0:script/workspace/loading.lua:98]: Skip loaded file: file:///home/selecaoone/Downloads/squashfs-root/usr/share/nvim/runtime/lua/vim/lsp/_watchfiles.lua
[23:08:39.705][info] [#0:script/workspace/loading.lua:101]: Preload file at: file:///home/selecaoone/Downloads/squashfs-root/usr/share/nvim/runtime/lua/vim/lsp/buf.lua , size = 27.860 KB
[23:08:39.751][info] [#0:script/workspace/loading.lua:113]: ++++As library of:	file:///home/selecaoone/Downloads/squashfs-root/usr/share/nvim/runtime
[23:08:39.751][info] [#0:script/workspace/loading.lua:98]: Skip loaded file: file:///home/selecaoone/Downloads/squashfs-root/usr/share/nvim/runtime/lua/vim/lsp/buf.lua
[23:08:39.752][info] [#0:script/workspace/loading.lua:101]: Preload file at: file:///home/selecaoone/Downloads/squashfs-root/usr/share/nvim/runtime/lua/vim/lsp/codelens.lua , size = 8.261 KB
[23:08:39.758][info] [#0:script/workspace/loading.lua:113]: ++++As library of:	file:///home/selecaoone/Downloads/squashfs-root/usr/share/nvim/runtime
[23:08:39.758][info] [#0:script/workspace/loading.lua:98]: Skip loaded file: file:///home/selecaoone/Downloads/squashfs-root/usr/share/nvim/runtime/lua/vim/lsp/codelens.lua
[23:08:39.758][info] [#0:script/workspace/loading.lua:101]: Preload file at: file:///home/selecaoone/Downloads/squashfs-root/usr/share/nvim/runtime/lua/vim/lsp/diagnostic.lua , size = 8.867 KB
[23:08:39.765][info] [#0:script/workspace/loading.lua:113]: ++++As library of:	file:///home/selecaoone/Downloads/squashfs-root/usr/share/nvim/runtime
[23:08:39.765][info] [#0:script/workspace/loading.lua:98]: Skip loaded file: file:///home/selecaoone/Downloads/squashfs-root/usr/share/nvim/runtime/lua/vim/lsp/diagnostic.lua
[23:08:39.765][info] [#0:script/workspace/loading.lua:101]: Preload file at: file:///home/selecaoone/Downloads/squashfs-root/usr/share/nvim/runtime/lua/vim/lsp/handlers.lua , size = 23.587 KB
[23:08:39.780][info] [#0:script/workspace/loading.lua:113]: ++++As library of:	file:///home/selecaoone/Downloads/squashfs-root/usr/share/nvim/runtime
[23:08:39.780][info] [#0:script/workspace/loading.lua:98]: Skip loaded file: file:///home/selecaoone/Downloads/squashfs-root/usr/share/nvim/runtime/lua/vim/lsp/handlers.lua
[23:08:39.780][info] [#0:script/workspace/loading.lua:101]: Preload file at: file:///home/selecaoone/Downloads/squashfs-root/usr/share/nvim/runtime/lua/vim/lsp/health.lua , size = 1.240 KB
[23:08:39.782][info] [#0:script/workspace/loading.lua:113]: ++++As library of:	file:///home/selecaoone/Downloads/squashfs-root/usr/share/nvim/runtime
[23:08:39.782][info] [#0:script/workspace/loading.lua:98]: Skip loaded file: file:///home/selecaoone/Downloads/squashfs-root/usr/share/nvim/runtime/lua/vim/lsp/health.lua
[23:08:39.782][info] [#0:script/workspace/loading.lua:101]: Preload file at: file:///home/selecaoone/Downloads/squashfs-root/usr/share/nvim/runtime/lua/vim/lsp/log.lua , size = 5.151 KB
[23:08:39.786][info] [#0:script/workspace/loading.lua:113]: ++++As library of:	file:///home/selecaoone/Downloads/squashfs-root/usr/share/nvim/runtime
[23:08:39.786][info] [#0:script/workspace/loading.lua:98]: Skip loaded file: file:///home/selecaoone/Downloads/squashfs-root/usr/share/nvim/runtime/lua/vim/lsp/log.lua
[23:08:39.786][info] [#0:script/workspace/loading.lua:101]: Preload file at: file:///home/selecaoone/Downloads/squashfs-root/usr/share/nvim/runtime/lua/vim/lsp/protocol.lua , size = 28.367 KB
[23:08:39.795][info] [#0:script/workspace/loading.lua:113]: ++++As library of:	file:///home/selecaoone/Downloads/squashfs-root/usr/share/nvim/runtime
[23:08:39.795][info] [#0:script/workspace/loading.lua:98]: Skip loaded file: file:///home/selecaoone/Downloads/squashfs-root/usr/share/nvim/runtime/lua/vim/lsp/protocol.lua
[23:08:39.796][info] [#0:script/workspace/loading.lua:101]: Preload file at: file:///home/selecaoone/Downloads/squashfs-root/usr/share/nvim/runtime/lua/vim/lsp/rpc.lua , size = 23.695 KB
[23:08:39.813][info] [#0:script/workspace/loading.lua:113]: ++++As library of:	file:///home/selecaoone/Downloads/squashfs-root/usr/share/nvim/runtime
[23:08:39.814][info] [#0:script/workspace/loading.lua:98]: Skip loaded file: file:///home/selecaoone/Downloads/squashfs-root/usr/share/nvim/runtime/lua/vim/lsp/rpc.lua
[23:08:39.814][info] [#0:script/workspace/loading.lua:101]: Preload file at: file:///home/selecaoone/Downloads/squashfs-root/usr/share/nvim/runtime/lua/vim/lsp/semantic_tokens.lua , size = 24.755 KB
[23:08:39.830][info] [#0:script/workspace/loading.lua:113]: ++++As library of:	file:///home/selecaoone/Downloads/squashfs-root/usr/share/nvim/runtime
[23:08:39.830][info] [#0:script/workspace/loading.lua:98]: Skip loaded file: file:///home/selecaoone/Downloads/squashfs-root/usr/share/nvim/runtime/lua/vim/lsp/semantic_tokens.lua
[23:08:39.830][info] [#0:script/workspace/loading.lua:101]: Preload file at: file:///home/selecaoone/Downloads/squashfs-root/usr/share/nvim/runtime/lua/vim/lsp/sync.lua , size = 15.681 KB
[23:08:39.839][info] [#0:script/workspace/loading.lua:113]: ++++As library of:	file:///home/selecaoone/Downloads/squashfs-root/usr/share/nvim/runtime
[23:08:39.839][info] [#0:script/workspace/loading.lua:101]: Preload file at: file:///home/selecaoone/Downloads/squashfs-root/usr/share/nvim/runtime/lua/vim/lsp/tagfunc.lua , size = 2.339 KB
[23:08:39.841][info] [#0:script/workspace/loading.lua:113]: ++++As library of:	file:///home/selecaoone/Downloads/squashfs-root/usr/share/nvim/runtime
[23:08:39.841][info] [#0:script/workspace/loading.lua:98]: Skip loaded file: file:///home/selecaoone/Downloads/squashfs-root/usr/share/nvim/runtime/lua/vim/lsp/sync.lua
[23:08:39.841][info] [#0:script/workspace/loading.lua:98]: Skip loaded file: file:///home/selecaoone/Downloads/squashfs-root/usr/share/nvim/runtime/lua/vim/lsp/tagfunc.lua
[23:08:39.841][info] [#0:script/workspace/loading.lua:101]: Preload file at: file:///home/selecaoone/Downloads/squashfs-root/usr/share/nvim/runtime/lua/vim/lsp/types.lua , size = 0.924 KB
[23:08:39.843][info] [#0:script/workspace/loading.lua:113]: ++++As library of:	file:///home/selecaoone/Downloads/squashfs-root/usr/share/nvim/runtime
[23:08:39.843][info] [#0:script/workspace/loading.lua:98]: Skip loaded file: file:///home/selecaoone/Downloads/squashfs-root/usr/share/nvim/runtime/lua/vim/lsp/types.lua
[23:08:39.843][info] [#0:script/workspace/loading.lua:101]: Preload file at: file:///home/selecaoone/Downloads/squashfs-root/usr/share/nvim/runtime/lua/vim/lsp/util.lua , size = 70.763 KB
[23:08:39.894][info] [#0:script/workspace/loading.lua:113]: ++++As library of:	file:///home/selecaoone/Downloads/squashfs-root/usr/share/nvim/runtime
[23:08:39.894][info] [#0:script/workspace/loading.lua:98]: Skip loaded file: file:///home/selecaoone/Downloads/squashfs-root/usr/share/nvim/runtime/lua/vim/lsp/util.lua
[23:08:39.894][info] [#0:script/workspace/loading.lua:101]: Preload file at: file:///home/selecaoone/Downloads/squashfs-root/usr/share/nvim/runtime/lua/vim/lsp.lua , size = 82.409 KB
[23:08:39.979][info] [#0:script/workspace/loading.lua:113]: ++++As library of:	file:///home/selecaoone/Downloads/squashfs-root/usr/share/nvim/runtime
[23:08:39.979][info] [#0:script/workspace/loading.lua:101]: Preload file at: file:///home/selecaoone/Downloads/squashfs-root/usr/share/nvim/runtime/lua/vim/secure.lua , size = 4.830 KB
[23:08:39.984][info] [#0:script/workspace/loading.lua:113]: ++++As library of:	file:///home/selecaoone/Downloads/squashfs-root/usr/share/nvim/runtime
[23:08:39.984][info] [#0:script/workspace/loading.lua:98]: Skip loaded file: file:///home/selecaoone/Downloads/squashfs-root/usr/share/nvim/runtime/lua/vim/lsp.lua
[23:08:39.984][info] [#0:script/workspace/loading.lua:98]: Skip loaded file: file:///home/selecaoone/Downloads/squashfs-root/usr/share/nvim/runtime/lua/vim/secure.lua
[23:08:39.984][info] [#0:script/workspace/loading.lua:101]: Preload file at: file:///home/selecaoone/Downloads/squashfs-root/usr/share/nvim/runtime/lua/vim/shared.lua , size = 22.392 KB
[23:08:40.001][info] [#0:script/workspace/loading.lua:113]: ++++As library of:	file:///home/selecaoone/Downloads/squashfs-root/usr/share/nvim/runtime
[23:08:40.001][info] [#0:script/workspace/loading.lua:98]: Skip loaded file: file:///home/selecaoone/Downloads/squashfs-root/usr/share/nvim/runtime/lua/vim/shared.lua
[23:08:40.001][info] [#0:script/workspace/loading.lua:101]: Preload file at: file:///home/selecaoone/Downloads/squashfs-root/usr/share/nvim/runtime/lua/vim/treesitter/_fold.lua , size = 6.753 KB
[23:08:40.008][info] [#0:script/workspace/loading.lua:113]: ++++As library of:	file:///home/selecaoone/Downloads/squashfs-root/usr/share/nvim/runtime
[23:08:40.008][info] [#0:script/workspace/loading.lua:98]: Skip loaded file: file:///home/selecaoone/Downloads/squashfs-root/usr/share/nvim/runtime/lua/vim/treesitter/_fold.lua
[23:08:40.008][info] [#0:script/workspace/loading.lua:101]: Preload file at: file:///home/selecaoone/Downloads/squashfs-root/usr/share/nvim/runtime/lua/vim/treesitter/_meta.lua , size = 2.839 KB
[23:08:40.011][info] [#0:script/workspace/loading.lua:113]: ++++As library of:	file:///home/selecaoone/Downloads/squashfs-root/usr/share/nvim/runtime
[23:08:40.011][info] [#0:script/workspace/loading.lua:89]: Skip loaded file: file:///home/selecaoone/Downloads/squashfs-root/usr/share/nvim/runtime/lua/vim/treesitter/_meta.lua
[23:08:40.011][info] [#0:script/workspace/loading.lua:113]: ++++As library of:	file:///home/selecaoone/Downloads/squashfs-root/usr/share/nvim/runtime
[23:08:40.012][info] [#0:script/workspace/loading.lua:101]: Preload file at: file:///home/selecaoone/Downloads/squashfs-root/usr/share/nvim/runtime/lua/vim/treesitter/_range.lua , size = 3.646 KB
[23:08:40.016][info] [#0:script/workspace/loading.lua:113]: ++++As library of:	file:///home/selecaoone/Downloads/squashfs-root/usr/share/nvim/runtime
[23:08:40.016][info] [#0:script/workspace/loading.lua:98]: Skip loaded file: file:///home/selecaoone/Downloads/squashfs-root/usr/share/nvim/runtime/lua/vim/treesitter/_range.lua
[23:08:40.016][info] [#0:script/workspace/loading.lua:101]: Preload file at: file:///home/selecaoone/Downloads/squashfs-root/usr/share/nvim/runtime/lua/vim/treesitter/health.lua , size = 0.888 KB
[23:08:40.017][info] [#0:script/workspace/loading.lua:113]: ++++As library of:	file:///home/selecaoone/Downloads/squashfs-root/usr/share/nvim/runtime
[23:08:40.017][info] [#0:script/workspace/loading.lua:98]: Skip loaded file: file:///home/selecaoone/Downloads/squashfs-root/usr/share/nvim/runtime/lua/vim/treesitter/health.lua
[23:08:40.017][info] [#0:script/workspace/loading.lua:101]: Preload file at: file:///home/selecaoone/Downloads/squashfs-root/usr/share/nvim/runtime/lua/vim/treesitter/highlighter.lua , size = 8.609 KB
[23:08:40.025][info] [#0:script/workspace/loading.lua:113]: ++++As library of:	file:///home/selecaoone/Downloads/squashfs-root/usr/share/nvim/runtime
[23:08:40.025][info] [#0:script/workspace/loading.lua:101]: Preload file at: file:///home/selecaoone/Downloads/squashfs-root/usr/share/nvim/runtime/lua/vim/treesitter/language.lua , size = 3.528 KB
[23:08:40.028][info] [#0:script/workspace/loading.lua:113]: ++++As library of:	file:///home/selecaoone/Downloads/squashfs-root/usr/share/nvim/runtime
[23:08:40.029][info] [#0:script/workspace/loading.lua:98]: Skip loaded file: file:///home/selecaoone/Downloads/squashfs-root/usr/share/nvim/runtime/lua/vim/treesitter/highlighter.lua
[23:08:40.029][info] [#0:script/workspace/loading.lua:98]: Skip loaded file: file:///home/selecaoone/Downloads/squashfs-root/usr/share/nvim/runtime/lua/vim/treesitter/language.lua
[23:08:40.029][info] [#0:script/workspace/loading.lua:101]: Preload file at: file:///home/selecaoone/Downloads/squashfs-root/usr/share/nvim/runtime/lua/vim/treesitter/languagetree.lua , size = 26.168 KB
[23:08:40.049][info] [#0:script/workspace/loading.lua:113]: ++++As library of:	file:///home/selecaoone/Downloads/squashfs-root/usr/share/nvim/runtime
[23:08:40.049][info] [#0:script/workspace/loading.lua:98]: Skip loaded file: file:///home/selecaoone/Downloads/squashfs-root/usr/share/nvim/runtime/lua/vim/treesitter/languagetree.lua
[23:08:40.049][info] [#0:script/workspace/loading.lua:101]: Preload file at: file:///home/selecaoone/Downloads/squashfs-root/usr/share/nvim/runtime/lua/vim/treesitter/playground.lua , size = 12.551 KB
[23:08:40.060][info] [#0:script/workspace/loading.lua:113]: ++++As library of:	file:///home/selecaoone/Downloads/squashfs-root/usr/share/nvim/runtime
[23:08:40.060][info] [#0:script/workspace/loading.lua:98]: Skip loaded file: file:///home/selecaoone/Downloads/squashfs-root/usr/share/nvim/runtime/lua/vim/treesitter/playground.lua
[23:08:40.060][info] [#0:script/workspace/loading.lua:101]: Preload file at: file:///home/selecaoone/Downloads/squashfs-root/usr/share/nvim/runtime/lua/vim/treesitter/query.lua , size = 21.253 KB
[23:08:40.076][info] [#0:script/workspace/loading.lua:113]: ++++As library of:	file:///home/selecaoone/Downloads/squashfs-root/usr/share/nvim/runtime
[23:08:40.076][info] [#0:script/workspace/loading.lua:89]: Skip loaded file: file:///home/selecaoone/Downloads/squashfs-root/usr/share/nvim/runtime/lua/vim/treesitter/query.lua
[23:08:40.076][info] [#0:script/workspace/loading.lua:113]: ++++As library of:	file:///home/selecaoone/Downloads/squashfs-root/usr/share/nvim/runtime
[23:08:40.077][info] [#0:script/workspace/loading.lua:101]: Preload file at: file:///home/selecaoone/Downloads/squashfs-root/usr/share/nvim/runtime/lua/vim/treesitter.lua , size = 15.442 KB
[23:08:40.089][info] [#0:script/workspace/loading.lua:113]: ++++As library of:	file:///home/selecaoone/Downloads/squashfs-root/usr/share/nvim/runtime
[23:08:40.089][info] [#0:script/workspace/loading.lua:98]: Skip loaded file: file:///home/selecaoone/Downloads/squashfs-root/usr/share/nvim/runtime/lua/vim/treesitter.lua
[23:08:40.089][info] [#0:script/workspace/loading.lua:101]: Preload file at: file:///home/selecaoone/Downloads/squashfs-root/usr/share/nvim/runtime/lua/vim/ui.lua , size = 3.672 KB
[23:08:40.092][info] [#0:script/workspace/loading.lua:113]: ++++As library of:	file:///home/selecaoone/Downloads/squashfs-root/usr/share/nvim/runtime
[23:08:40.092][info] [#0:script/workspace/loading.lua:98]: Skip loaded file: file:///home/selecaoone/Downloads/squashfs-root/usr/share/nvim/runtime/lua/vim/ui.lua
[23:08:40.092][info] [#0:script/workspace/loading.lua:101]: Preload file at: file:///home/selecaoone/Downloads/squashfs-root/usr/share/nvim/runtime/lua/vim/uri.lua , size = 3.376 KB
[23:08:40.095][info] [#0:script/workspace/loading.lua:113]: ++++As library of:	file:///home/selecaoone/Downloads/squashfs-root/usr/share/nvim/runtime
[23:08:40.095][info] [#0:script/workspace/loading.lua:98]: Skip loaded file: file:///home/selecaoone/Downloads/squashfs-root/usr/share/nvim/runtime/lua/vim/uri.lua
[23:08:40.095][info] [#0:script/workspace/loading.lua:101]: Preload file at: file:///home/selecaoone/Downloads/squashfs-root/usr/share/nvim/runtime/lua/vim/version.lua , size = 12.146 KB
[23:08:40.106][info] [#0:script/workspace/loading.lua:113]: ++++As library of:	file:///home/selecaoone/Downloads/squashfs-root/usr/share/nvim/runtime
[23:08:40.106][info] [#0:script/workspace/loading.lua:98]: Skip loaded file: file:///home/selecaoone/Downloads/squashfs-root/usr/share/nvim/runtime/lua/vim/version.lua
[23:08:40.106][info] [#0:script/workspace/loading.lua:101]: Preload file at: file:///home/selecaoone/Downloads/squashfs-root/usr/share/nvim/runtime/pack/dist/opt/cfilter/plugin/cfilter.lua , size = 3.266 KB
[23:08:40.109][info] [#0:script/workspace/loading.lua:113]: ++++As library of:	file:///home/selecaoone/Downloads/squashfs-root/usr/share/nvim/runtime
[23:08:40.109][info] [#0:script/workspace/loading.lua:98]: Skip loaded file: file:///home/selecaoone/Downloads/squashfs-root/usr/share/nvim/runtime/pack/dist/opt/cfilter/plugin/cfilter.lua
[23:08:40.109][info] [#0:script/workspace/loading.lua:101]: Preload file at: file:///home/selecaoone/Downloads/squashfs-root/usr/share/nvim/runtime/plugin/editorconfig.lua , size = 0.410 KB
[23:08:40.110][info] [#0:script/workspace/loading.lua:113]: ++++As library of:	file:///home/selecaoone/Downloads/squashfs-root/usr/share/nvim/runtime
[23:08:40.110][info] [#0:script/workspace/loading.lua:98]: Skip loaded file: file:///home/selecaoone/Downloads/squashfs-root/usr/share/nvim/runtime/plugin/editorconfig.lua
[23:08:40.110][info] [#0:script/workspace/loading.lua:101]: Preload file at: file:///home/selecaoone/Downloads/squashfs-root/usr/share/nvim/runtime/plugin/man.lua , size = 0.772 KB
[23:08:40.111][info] [#0:script/workspace/loading.lua:113]: ++++As library of:	file:///home/selecaoone/Downloads/squashfs-root/usr/share/nvim/runtime
[23:08:40.111][info] [#0:script/workspace/loading.lua:89]: Skip loaded file: file:///home/selecaoone/Downloads/squashfs-root/usr/share/nvim/runtime/plugin/man.lua
[23:08:40.111][info] [#0:script/workspace/loading.lua:113]: ++++As library of:	file:///home/selecaoone/Downloads/squashfs-root/usr/share/nvim/runtime
[23:08:40.111][info] [#0:script/workspace/loading.lua:101]: Preload file at: file:///home/selecaoone/Downloads/squashfs-root/usr/share/nvim/runtime/plugin/nvim.lua , size = 0.639 KB
[23:08:40.112][info] [#0:script/workspace/loading.lua:113]: ++++As library of:	file:///home/selecaoone/Downloads/squashfs-root/usr/share/nvim/runtime
[23:08:40.112][info] [#0:script/workspace/loading.lua:98]: Skip loaded file: file:///home/selecaoone/Downloads/squashfs-root/usr/share/nvim/runtime/plugin/nvim.lua
[23:08:40.112][info] [#0:script/workspace/loading.lua:101]: Preload file at: file:///home/selecaoone/Downloads/squashfs-root/usr/share/nvim/runtime/syntax/query.lua , size = 0.135 KB
[23:08:40.113][info] [#0:script/workspace/loading.lua:113]: ++++As library of:	file:///home/selecaoone/Downloads/squashfs-root/usr/share/nvim/runtime
[23:08:40.113][info] [#0:script/workspace/loading.lua:98]: Skip loaded file: file:///home/selecaoone/Downloads/squashfs-root/usr/share/nvim/runtime/syntax/query.lua
[23:08:40.113][info] [#0:script/workspace/loading.lua:101]: Preload file at: file:///home/selecaoone/personal/.config/nvim/mason_packages/Linux/packages/lua-language-server/libexec/meta/LuaJIT%20en-us%20utf8/math.lua , size = 7.949 KB
[23:08:40.120][info] [#0:script/workspace/loading.lua:113]: ++++As library of:	file:///home/selecaoone/personal/.config/nvim/mason_packages/Linux/packages/lua-language-server/libexec/meta/LuaJIT%20en-us%20utf8/math.lua
[23:08:40.120][info] [#0:script/workspace/loading.lua:101]: Preload file at: file:///home/selecaoone/personal/.config/nvim/mason_packages/Linux/packages/lua-language-server/libexec/meta/LuaJIT%20en-us%20utf8/builtin.lua , size = 0.302 KB
[23:08:40.121][info] [#0:script/workspace/loading.lua:113]: ++++As library of:	file:///home/selecaoone/personal/.config/nvim/mason_packages/Linux/packages/lua-language-server/libexec/meta/LuaJIT%20en-us%20utf8/builtin.lua
[23:08:40.121][info] [#0:script/workspace/loading.lua:98]: Skip loaded file: file:///home/selecaoone/personal/.config/nvim/mason_packages/Linux/packages/lua-language-server/libexec/meta/LuaJIT%20en-us%20utf8/math.lua
[23:08:40.121][info] [#0:script/workspace/loading.lua:89]: Skip loaded file: file:///home/selecaoone/personal/.config/nvim/mason_packages/Linux/packages/lua-language-server/libexec/meta/LuaJIT%20en-us%20utf8/builtin.lua
[23:08:40.121][info] [#0:script/workspace/loading.lua:113]: ++++As library of:	file:///home/selecaoone/personal/.config/nvim/mason_packages/Linux/packages/lua-language-server/libexec/meta/LuaJIT%20en-us%20utf8/builtin.lua
[23:08:40.121][info] [#0:script/workspace/loading.lua:173]: Loaded files takes [0.870] sec: <fallback>
[23:08:40.121][info] [#0:script/workspace/loading.lua:182]: Compile files takes [0.000] sec: <fallback>
[23:08:40.121][info] [#0:script/workspace/loading.lua:183]: Loaded finish:	<fallback>
[23:08:40.121][info] [#0:script/workspace/workspace.lua:381]: Preload finish at:	<fallback>
[23:08:40.139][info] [#0:script/workspace/loading.lua:89]: Skip loaded file: file:///home/selecaoone/personal/.config/nvim/bundle/fidget.nvim/lua/fidget.lua
[23:08:40.240][info] [#0:script/workspace/loading.lua:101]: Preload file at: file:///home/selecaoone/personal/.config/nvim/bundle/fidget.nvim/lua/fidget/log.lua , size = 3.809 KB
[23:08:40.247][info] [#0:script/workspace/loading.lua:101]: Preload file at: file:///home/selecaoone/personal/.config/nvim/bundle/fidget.nvim/lua/fidget/spinners.lua , size = 5.176 KB
[23:08:40.372][info] [#0:script/workspace/loading.lua:173]: Loaded files takes [0.920] sec: file:///home/selecaoone/personal/.config/nvim/bundle/fidget.nvim
[23:08:40.372][info] [#0:script/workspace/loading.lua:182]: Compile files takes [0.000] sec: file:///home/selecaoone/personal/.config/nvim/bundle/fidget.nvim
[23:08:40.372][info] [#0:script/workspace/loading.lua:183]: Loaded finish:	file:///home/selecaoone/personal/.config/nvim/bundle/fidget.nvim
[23:08:40.372][info] [#0:script/workspace/workspace.lua:381]: Preload finish at:	file:///home/selecaoone/personal/.config/nvim/bundle/fidget.nvim
[23:08:40.423][warn] [#0:script/proto/proto.lua:187]: Method [textDocument/didOpen] takes [1.380]sec. {
  jsonrpc = "2.0",
  method = "textDocument/didOpen",
  params = {
    textDocument = {
      languageId = "lua",
      text = '"***"',
      uri = "file:///home/selecaoone/personal/.config/nvim/bundle/fidget.nvim/lua/fidget.lua",
      version = 0
    }
  }
}
[23:08:40.436][info] [#0:script/provider/diagnostic.lua:557]: Diagnostics scope [file:///home/selecaoone/personal/.config/nvim/bundle/fidget.nvim], files count:[86]
[23:08:40.523][warn] [#0:script/proto/proto.lua:187]: Method [textDocument/semanticTokens/full] takes [1.380]sec. {
  id = 10,
  jsonrpc = "2.0",
  method = "textDocument/semanticTokens/full",
  params = {
    textDocument = {
      uri = "file:///home/selecaoone/personal/.config/nvim/bundle/fidget.nvim/lua/fidget.lua"
    }
  }
}
[23:08:40.624][info] [#0:script/provider/diagnostic.lua:574]: Diagnostics scope [file:///home/selecaoone/personal/.config/nvim/bundle/fidget.nvim] finished, takes [0.180] sec.
[23:14:43.321][info] [#0:script/service/service.lua:144]: 
========= Medical Examination Report =========
    --------------- Memory ---------------
        Total: 75.776 MB
        # 00 : 75.241 MB
        # 01 : 0.053 MB
        # 02 : 0.211 MB
        # 03 : 0.219 MB
        # 04 : 0.053 MB
    --------------- Coroutine ---------------
        Total:     84
        Running:   0
        Suspended: 0
        Normal:    0
        Dead:      84
    --------------- Cache ---------------
        Total: 3
        Dead:  2
    ---------------  RPC  ---------------
        Holdon:   0
        Waiting:  0
==============================================
[23:24:43.403][info] [#0:script/service/service.lua:144]: 
========= Medical Examination Report =========
    --------------- Memory ---------------
        Total: 76.581 MB
        # 00 : 76.045 MB
        # 01 : 0.053 MB
        # 02 : 0.211 MB
        # 03 : 0.219 MB
        # 04 : 0.053 MB
    --------------- Coroutine ---------------
        Total:     84
        Running:   0
        Suspended: 0
        Normal:    0
        Dead:      84
    --------------- Cache ---------------
        Total: 3
        Dead:  2
    ---------------  RPC  ---------------
        Holdon:   0
        Waiting:  0
==============================================
[23:27:31.526][info] [#0:script/provider/provider.lua:169]: Server shutdown.
[23:27:31.526][warn] [#0:script/pub/report.lua:25]: Load proto error:	Disconnected!
