[20:26:24.984][info] [#0:/home/selecaoone/personal/.config/nvim/mason_packages/Linux/packages/lua-language-server/libexec/main.lua:66]: Lua Lsp startup, root: 	/home/selecaoone/personal/.config/nvim/mason_packages/Linux/packages/lua-language-server/libexec
[20:26:24.985][info] [#0:/home/selecaoone/personal/.config/nvim/mason_packages/Linux/packages/lua-language-server/libexec/main.lua:67]: ROOT:	/home/selecaoone/personal/.config/nvim/mason_packages/Linux/packages/lua-language-server/libexec
[20:26:24.985][info] [#0:/home/selecaoone/personal/.config/nvim/mason_packages/Linux/packages/lua-language-server/libexec/main.lua:68]: LOGPATH:	/home/selecaoone/personal/.config/nvim/mason_packages/Linux/packages/lua-language-server/libexec/log
[20:26:24.985][info] [#0:/home/selecaoone/personal/.config/nvim/mason_packages/Linux/packages/lua-language-server/libexec/main.lua:69]: METAPATH:	/home/selecaoone/personal/.config/nvim/mason_packages/Linux/packages/lua-language-server/libexec/meta
[20:26:24.986][info] [#0:/home/selecaoone/personal/.config/nvim/mason_packages/Linux/packages/lua-language-server/libexec/main.lua:70]: VERSION:	3.7.0
[20:26:25.052][info] [#0:script/service/service.lua:144]: 
========= Medical Examination Report =========
    --------------- Memory ---------------
        Total: 2.143 MB
        # 00 : 2.143 MB
        # 01 : 0.000 MB
        # 02 : 0.000 MB
        # 03 : 0.000 MB
        # 04 : 0.000 MB
    --------------- Coroutine ---------------
        Total:     0
        Running:   0
        Suspended: 0
        Normal:    0
        Dead:      0
    --------------- Cache ---------------
        Total: 1
        Dead:  0
    ---------------  RPC  ---------------
        Holdon:   0
        Waiting:  0
==============================================
[20:26:25.062][info] [#0:script/client.lua:657]: Client init	{
  capabilities = {
    textDocument = {
      callHierarchy = {
        dynamicRegistration = false
      },
      codeAction = {
        codeActionLiteralSupport = {
          codeActionKind = {
            valueSet = { "", "quickfix", "refactor", "refactor.extract", "refactor.inline", "refactor.rewrite", "source", "source.organizeImports" }
          }
        },
        dataSupport = true,
        dynamicRegistration = false,
        isPreferredSupport = true,
        resolveSupport = {
          properties = { "edit" }
        }
      },
      completion = {
        completionItem = {
          commitCharactersSupport = false,
          deprecatedSupport = false,
          documentationFormat = { "markdown", "plaintext" },
          preselectSupport = false,
          snippetSupport = false
        },
        completionItemKind = {
          valueSet = { 1, 2, 3, 4, 5, 6, 7, 8, 9, 10, 11, 12, 13, 14, 15, 16, 17, 18, 19, 20, 21, 22, 23, 24, 25 }
        },
        contextSupport = false,
        dynamicRegistration = false
      },
      declaration = {
        linkSupport = true
      },
      definition = {
        linkSupport = true
      },
      documentHighlight = {
        dynamicRegistration = false
      },
      documentSymbol = {
        dynamicRegistration = false,
        hierarchicalDocumentSymbolSupport = true,
        symbolKind = {
          valueSet = { 1, 2, 3, 4, 5, 6, 7, 8, 9, 10, 11, 12, 13, 14, 15, 16, 17, 18, 19, 20, 21, 22, 23, 24, 25, 26 }
        }
      },
      hover = {
        contentFormat = { "markdown", "plaintext" },
        dynamicRegistration = false
      },
      implementation = {
        linkSupport = true
      },
      publishDiagnostics = {
        relatedInformation = true,
        tagSupport = {
          valueSet = { 1, 2 }
        }
      },
      references = {
        dynamicRegistration = false
      },
      rename = {
        dynamicRegistration = false,
        prepareSupport = true
      },
      semanticTokens = {
        augmentsSyntaxTokens = true,
        dynamicRegistration = false,
        formats = { "relative" },
        multilineTokenSupport = false,
        overlappingTokenSupport = true,
        requests = {
          full = {
            delta = true
          },
          range = false
        },
        serverCancelSupport = false,
        tokenModifiers = { "declaration", "definition", "readonly", "static", "deprecated", "abstract", "async", "modification", "documentation", "defaultLibrary" },
        tokenTypes = { "namespace", "type", "class", "enum", "interface", "struct", "typeParameter", "parameter", "variable", "property", "enumMember", "event", "function", "method", "macro", "keyword", "modifier", "comment", "string", "number", "regexp", "operator", "decorator" }
      },
      signatureHelp = {
        dynamicRegistration = false,
        signatureInformation = {
          activeParameterSupport = true,
          documentationFormat = { "markdown", "plaintext" },
          parameterInformation = {
            labelOffsetSupport = true
          }
        }
      },
      synchronization = {
        didSave = true,
        dynamicRegistration = false,
        willSave = true,
        willSaveWaitUntil = true
      },
      typeDefinition = {
        linkSupport = true
      }
    },
    window = {
      showDocument = {
        support = true
      },
      showMessage = {
        messageActionItem = {
          additionalPropertiesSupport = false
        }
      },
      workDoneProgress = true
    },
    workspace = {
      applyEdit = true,
      configuration = true,
      didChangeWatchedFiles = {
        dynamicRegistration = false,
        relativePatternSupport = true
      },
      semanticTokens = {
        refreshSupport = true
      },
      symbol = {
        dynamicRegistration = false,
        hierarchicalWorkspaceSymbolSupport = true,
        symbolKind = {
          valueSet = { 1, 2, 3, 4, 5, 6, 7, 8, 9, 10, 11, 12, 13, 14, 15, 16, 17, 18, 19, 20, 21, 22, 23, 24, 25, 26 }
        }
      },
      workspaceEdit = {
        resourceOperations = { "rename", "create", "delete" }
      },
      workspaceFolders = true
    }
  },
  clientInfo = {
    name = "Neovim",
    version = "0.9.0"
  },
  initializationOptions = {},
  processId = 7539,
  rootPath = "/home/selecaoone/personal/.config/nvim/bundle/aerial.nvim",
  rootUri = "file:///home/selecaoone/personal/.config/nvim/bundle/aerial.nvim",
  trace = "off",
  workspaceFolders = { {
      name = "/home/selecaoone/personal/.config/nvim/bundle/aerial.nvim",
      uri = "file:///home/selecaoone/personal/.config/nvim/bundle/aerial.nvim"
    } }
}
[20:26:25.062][info] [#0:script/language.lua:137]: VSC language: nil
[20:26:25.062][info] [#0:script/language.lua:138]: LS  language: en-us
[20:26:25.062][info] [#0:script/workspace/workspace.lua:38]: Workspace init root: 	file:///home/selecaoone/personal/.config/nvim/bundle/aerial.nvim
[20:26:25.062][info] [#0:script/workspace/workspace.lua:42]: Log path: 	/home/selecaoone/personal/.config/nvim/mason_packages/Linux/packages/lua-language-server/libexec/log/file_home_selecaoone_personal_.config_nvim_bundle_aerial.nvim.log
[20:26:25.064][info] [#0:script/workspace/workspace.lua:48]: Workspace create: 	file:///home/selecaoone/personal/.config/nvim/bundle/aerial.nvim
[20:26:25.167][info] [#0:script/provider/provider.lua:46]: Load config from client	file:///home/selecaoone/personal/.config/nvim/bundle/aerial.nvim
[20:26:25.167][info] [#0:script/provider/provider.lua:47]: {
  Lua = {
    runtime = {
      version = "LuaJIT"
    },
    workspace = {
      checkThirdParty = false,
      library = { "/home/selecaoone/Downloads/squashfs-root/usr/share/nvim/runtime" }
    }
  }
}
[20:26:25.167][info] [#0:script/provider/provider.lua:46]: Load config from client	file:///home/selecaoone/personal/.config/nvim/bundle/aerial.nvim
[20:26:25.168][info] [#0:script/provider/provider.lua:47]: {
  Lua = {
    runtime = {
      version = "LuaJIT"
    },
    workspace = {
      checkThirdParty = false,
      library = { "/home/selecaoone/Downloads/squashfs-root/usr/share/nvim/runtime" }
    }
  }
}
[20:26:25.168][info] [#0:script/provider/provider.lua:46]: Load config from client	file:///home/selecaoone/personal/.config/nvim/bundle/aerial.nvim
[20:26:25.168][info] [#0:script/provider/provider.lua:47]: {
  Lua = {
    runtime = {
      version = "LuaJIT"
    },
    workspace = {
      checkThirdParty = false,
      library = { "/home/selecaoone/Downloads/squashfs-root/usr/share/nvim/runtime" }
    }
  }
}
[20:26:25.169][info] [#0:script/provider/provider.lua:46]: Load config from client	file:///home/selecaoone/personal/.config/nvim/bundle/aerial.nvim
[20:26:25.169][info] [#0:script/provider/provider.lua:47]: {
  Lua = {
    runtime = {
      version = "LuaJIT"
    },
    workspace = {
      checkThirdParty = false,
      library = { "/home/selecaoone/Downloads/squashfs-root/usr/share/nvim/runtime" }
    }
  }
}
[20:26:25.169][info] [#0:script/provider/provider.lua:61]: Load config from client	fallback
[20:26:25.169][info] [#0:script/provider/provider.lua:62]: {
  Lua = {
    runtime = {
      version = "LuaJIT"
    },
    workspace = {
      checkThirdParty = false,
      library = { "/home/selecaoone/Downloads/squashfs-root/usr/share/nvim/runtime" }
    }
  }
}
[20:26:25.169][info] [#0:script/provider/provider.lua:61]: Load config from client	fallback
[20:26:25.170][info] [#0:script/provider/provider.lua:62]: {
  Lua = {
    runtime = {
      version = "LuaJIT"
    },
    workspace = {
      checkThirdParty = false,
      library = { "/home/selecaoone/Downloads/squashfs-root/usr/share/nvim/runtime" }
    }
  }
}
[20:26:25.170][info] [#0:script/provider/provider.lua:61]: Load config from client	fallback
[20:26:25.170][info] [#0:script/provider/provider.lua:62]: {
  Lua = {
    runtime = {
      version = "LuaJIT"
    },
    workspace = {
      checkThirdParty = false,
      library = { "/home/selecaoone/Downloads/squashfs-root/usr/share/nvim/runtime" }
    }
  }
}
[20:26:25.170][info] [#0:script/provider/provider.lua:61]: Load config from client	fallback
[20:26:25.170][info] [#0:script/provider/provider.lua:62]: {
  Lua = {
    runtime = {
      version = "LuaJIT"
    },
    workspace = {
      checkThirdParty = false,
      library = { "/home/selecaoone/Downloads/squashfs-root/usr/share/nvim/runtime" }
    }
  }
}
[20:26:25.271][info] [#0:script/library.lua:212]: Init builtin library at:	file:///home/selecaoone/personal/.config/nvim/bundle/aerial.nvim
[20:26:25.341][info] [#0:script/plugin.lua:86]: plugin path:	/home/selecaoone/personal/.config/nvim/bundle/aerial.nvim
[20:26:25.341][warn] [#0:script/plugin.lua:101]: plugin not found:	/home/selecaoone/personal/.config/nvim/bundle/aerial.nvim
[20:26:25.341][info] [#0:script/library.lua:212]: Init builtin library at:	nil
[20:26:25.467][info] [#0:script/workspace/workspace.lua:324]: Preload start:	file:///home/selecaoone/personal/.config/nvim/bundle/aerial.nvim
[20:26:25.478][info] [#0:script/workspace/workspace.lua:330]: Scan files at:	file:///home/selecaoone/personal/.config/nvim/bundle/aerial.nvim
[20:26:25.501][info] [#0:script/workspace/workspace.lua:324]: Preload start:	<fallback>
[20:26:25.510][info] [#0:script/workspace/workspace.lua:353]: Scan library at:	file:///home/selecaoone/personal/.config/nvim/mason_packages/Linux/packages/lua-language-server/libexec/meta/LuaJIT%20en-us%20utf8/builtin.lua
[20:26:25.511][info] [#0:script/workspace/workspace.lua:353]: Scan library at:	file:///home/selecaoone/personal/.config/nvim/mason_packages/Linux/packages/lua-language-server/libexec/meta/LuaJIT%20en-us%20utf8/math.lua
[20:26:25.511][info] [#0:script/workspace/workspace.lua:353]: Scan library at:	file:///home/selecaoone/Downloads/squashfs-root/usr/share/nvim/runtime
[20:26:25.595][info] [#0:script/workspace/workspace.lua:353]: Scan library at:	file:///home/selecaoone/personal/.config/nvim/mason_packages/Linux/packages/lua-language-server/libexec/meta/LuaJIT%20en-us%20utf8/builtin.lua
[20:26:25.596][info] [#0:script/workspace/workspace.lua:353]: Scan library at:	file:///home/selecaoone/personal/.config/nvim/mason_packages/Linux/packages/lua-language-server/libexec/meta/LuaJIT%20en-us%20utf8/math.lua
[20:26:25.596][info] [#0:script/workspace/workspace.lua:353]: Scan library at:	file:///home/selecaoone/Downloads/squashfs-root/usr/share/nvim/runtime
[20:26:25.802][info] [#0:script/workspace/workspace.lua:353]: Scan library at:	file:///home/selecaoone/personal/.config/nvim/mason_packages/Linux/packages/lua-language-server/libexec/meta/LuaJIT%20en-us%20utf8/table/clear.lua
[20:26:25.802][info] [#0:script/workspace/workspace.lua:353]: Scan library at:	file:///home/selecaoone/personal/.config/nvim/mason_packages/Linux/packages/lua-language-server/libexec/meta/LuaJIT%20en-us%20utf8/ffi.lua
[20:26:25.802][info] [#0:script/workspace/workspace.lua:353]: Scan library at:	file:///home/selecaoone/personal/.config/nvim/mason_packages/Linux/packages/lua-language-server/libexec/meta/LuaJIT%20en-us%20utf8/basic.lua
[20:26:25.803][info] [#0:script/workspace/workspace.lua:353]: Scan library at:	file:///home/selecaoone/personal/.config/nvim/mason_packages/Linux/packages/lua-language-server/libexec/meta/LuaJIT%20en-us%20utf8/jit.lua
[20:26:25.803][info] [#0:script/workspace/workspace.lua:353]: Scan library at:	file:///home/selecaoone/personal/.config/nvim/mason_packages/Linux/packages/lua-language-server/libexec/meta/LuaJIT%20en-us%20utf8/jit/util.lua
[20:26:25.804][info] [#0:script/workspace/workspace.lua:353]: Scan library at:	file:///home/selecaoone/personal/.config/nvim/mason_packages/Linux/packages/lua-language-server/libexec/meta/LuaJIT%20en-us%20utf8/coroutine.lua
[20:26:25.804][info] [#0:script/workspace/workspace.lua:353]: Scan library at:	file:///home/selecaoone/personal/.config/nvim/mason_packages/Linux/packages/lua-language-server/libexec/meta/LuaJIT%20en-us%20utf8/debug.lua
[20:26:25.804][info] [#0:script/workspace/workspace.lua:353]: Scan library at:	file:///home/selecaoone/personal/.config/nvim/mason_packages/Linux/packages/lua-language-server/libexec/meta/LuaJIT%20en-us%20utf8/string/buffer.lua
[20:26:25.804][info] [#0:script/workspace/workspace.lua:353]: Scan library at:	file:///home/selecaoone/personal/.config/nvim/mason_packages/Linux/packages/lua-language-server/libexec/meta/LuaJIT%20en-us%20utf8/bit.lua
[20:26:25.804][info] [#0:script/workspace/workspace.lua:353]: Scan library at:	file:///home/selecaoone/personal/.config/nvim/mason_packages/Linux/packages/lua-language-server/libexec/meta/LuaJIT%20en-us%20utf8/table/new.lua
[20:26:25.804][info] [#0:script/workspace/workspace.lua:353]: Scan library at:	file:///home/selecaoone/personal/.config/nvim/mason_packages/Linux/packages/lua-language-server/libexec/meta/LuaJIT%20en-us%20utf8/string.lua
[20:26:25.805][info] [#0:script/workspace/workspace.lua:353]: Scan library at:	file:///home/selecaoone/personal/.config/nvim/mason_packages/Linux/packages/lua-language-server/libexec/meta/LuaJIT%20en-us%20utf8/package.lua
[20:26:25.805][info] [#0:script/workspace/workspace.lua:353]: Scan library at:	file:///home/selecaoone/personal/.config/nvim/mason_packages/Linux/packages/lua-language-server/libexec/meta/LuaJIT%20en-us%20utf8/table.lua
[20:26:25.805][info] [#0:script/workspace/workspace.lua:353]: Scan library at:	file:///home/selecaoone/personal/.config/nvim/mason_packages/Linux/packages/lua-language-server/libexec/meta/LuaJIT%20en-us%20utf8/io.lua
[20:26:25.805][info] [#0:script/workspace/workspace.lua:353]: Scan library at:	file:///home/selecaoone/personal/.config/nvim/mason_packages/Linux/packages/lua-language-server/libexec/meta/LuaJIT%20en-us%20utf8/os.lua
[20:26:25.805][info] [#0:script/workspace/workspace.lua:353]: Scan library at:	file:///home/selecaoone/personal/.config/nvim/mason_packages/Linux/packages/lua-language-server/libexec/meta/LuaJIT%20en-us%20utf8/jit/profile.lua
[20:26:25.816][info] [#0:script/workspace/workspace.lua:353]: Scan library at:	file:///home/selecaoone/personal/.config/nvim/mason_packages/Linux/packages/lua-language-server/libexec/meta/LuaJIT%20en-us%20utf8/table/clear.lua
[20:26:25.816][info] [#0:script/workspace/workspace.lua:353]: Scan library at:	file:///home/selecaoone/personal/.config/nvim/mason_packages/Linux/packages/lua-language-server/libexec/meta/LuaJIT%20en-us%20utf8/ffi.lua
[20:26:25.816][info] [#0:script/workspace/workspace.lua:353]: Scan library at:	file:///home/selecaoone/personal/.config/nvim/mason_packages/Linux/packages/lua-language-server/libexec/meta/LuaJIT%20en-us%20utf8/basic.lua
[20:26:25.817][info] [#0:script/workspace/workspace.lua:353]: Scan library at:	file:///home/selecaoone/personal/.config/nvim/mason_packages/Linux/packages/lua-language-server/libexec/meta/LuaJIT%20en-us%20utf8/jit.lua
[20:26:25.817][info] [#0:script/workspace/workspace.lua:353]: Scan library at:	file:///home/selecaoone/personal/.config/nvim/mason_packages/Linux/packages/lua-language-server/libexec/meta/LuaJIT%20en-us%20utf8/jit/util.lua
[20:26:25.817][info] [#0:script/workspace/workspace.lua:353]: Scan library at:	file:///home/selecaoone/personal/.config/nvim/mason_packages/Linux/packages/lua-language-server/libexec/meta/LuaJIT%20en-us%20utf8/coroutine.lua
[20:26:25.817][info] [#0:script/workspace/workspace.lua:353]: Scan library at:	file:///home/selecaoone/personal/.config/nvim/mason_packages/Linux/packages/lua-language-server/libexec/meta/LuaJIT%20en-us%20utf8/debug.lua
[20:26:25.817][info] [#0:script/workspace/workspace.lua:353]: Scan library at:	file:///home/selecaoone/personal/.config/nvim/mason_packages/Linux/packages/lua-language-server/libexec/meta/LuaJIT%20en-us%20utf8/string/buffer.lua
[20:26:25.817][info] [#0:script/workspace/workspace.lua:353]: Scan library at:	file:///home/selecaoone/personal/.config/nvim/mason_packages/Linux/packages/lua-language-server/libexec/meta/LuaJIT%20en-us%20utf8/bit.lua
[20:26:25.817][info] [#0:script/workspace/workspace.lua:353]: Scan library at:	file:///home/selecaoone/personal/.config/nvim/mason_packages/Linux/packages/lua-language-server/libexec/meta/LuaJIT%20en-us%20utf8/table/new.lua
[20:26:25.818][info] [#0:script/workspace/workspace.lua:353]: Scan library at:	file:///home/selecaoone/personal/.config/nvim/mason_packages/Linux/packages/lua-language-server/libexec/meta/LuaJIT%20en-us%20utf8/string.lua
[20:26:25.818][info] [#0:script/workspace/workspace.lua:353]: Scan library at:	file:///home/selecaoone/personal/.config/nvim/mason_packages/Linux/packages/lua-language-server/libexec/meta/LuaJIT%20en-us%20utf8/package.lua
[20:26:25.818][info] [#0:script/workspace/workspace.lua:353]: Scan library at:	file:///home/selecaoone/personal/.config/nvim/mason_packages/Linux/packages/lua-language-server/libexec/meta/LuaJIT%20en-us%20utf8/table.lua
[20:26:25.818][info] [#0:script/workspace/workspace.lua:353]: Scan library at:	file:///home/selecaoone/personal/.config/nvim/mason_packages/Linux/packages/lua-language-server/libexec/meta/LuaJIT%20en-us%20utf8/io.lua
[20:26:25.818][info] [#0:script/workspace/workspace.lua:353]: Scan library at:	file:///home/selecaoone/personal/.config/nvim/mason_packages/Linux/packages/lua-language-server/libexec/meta/LuaJIT%20en-us%20utf8/os.lua
[20:26:25.818][info] [#0:script/workspace/workspace.lua:353]: Scan library at:	file:///home/selecaoone/personal/.config/nvim/mason_packages/Linux/packages/lua-language-server/libexec/meta/LuaJIT%20en-us%20utf8/jit/profile.lua
[20:26:25.919][info] [#0:script/workspace/workspace.lua:379]: Found 83 files at:	<fallback>
[20:26:25.919][info] [#0:script/workspace/loading.lua:161]: Load files from disk:	<fallback>
[20:26:25.919][info] [#0:script/workspace/workspace.lua:379]: Found 124 files at:	file:///home/selecaoone/personal/.config/nvim/bundle/aerial.nvim
[20:26:25.919][info] [#0:script/workspace/loading.lua:161]: Load files from disk:	file:///home/selecaoone/personal/.config/nvim/bundle/aerial.nvim
[20:26:25.921][info] [#0:script/workspace/loading.lua:101]: Preload file at: file:///home/selecaoone/personal/.config/nvim/mason_packages/Linux/packages/lua-language-server/libexec/meta/LuaJIT%20en-us%20utf8/jit/profile.lua , size = 0.348 KB
[20:26:25.924][info] [#0:script/workspace/loading.lua:113]: ++++As library of:	file:///home/selecaoone/personal/.config/nvim/mason_packages/Linux/packages/lua-language-server/libexec/meta/LuaJIT%20en-us%20utf8/jit/profile.lua
[20:26:25.924][info] [#0:script/workspace/loading.lua:98]: Skip loaded file: file:///home/selecaoone/personal/.config/nvim/mason_packages/Linux/packages/lua-language-server/libexec/meta/LuaJIT%20en-us%20utf8/jit/profile.lua
[20:26:25.924][info] [#0:script/workspace/loading.lua:101]: Preload file at: file:///home/selecaoone/personal/.config/nvim/mason_packages/Linux/packages/lua-language-server/libexec/meta/LuaJIT%20en-us%20utf8/os.lua , size = 5.600 KB
[20:26:25.938][info] [#0:script/workspace/loading.lua:113]: ++++As library of:	file:///home/selecaoone/personal/.config/nvim/mason_packages/Linux/packages/lua-language-server/libexec/meta/LuaJIT%20en-us%20utf8/os.lua
[20:26:25.938][info] [#0:script/workspace/loading.lua:98]: Skip loaded file: file:///home/selecaoone/personal/.config/nvim/mason_packages/Linux/packages/lua-language-server/libexec/meta/LuaJIT%20en-us%20utf8/os.lua
[20:26:25.938][info] [#0:script/workspace/loading.lua:101]: Preload file at: file:///home/selecaoone/personal/.config/nvim/mason_packages/Linux/packages/lua-language-server/libexec/meta/LuaJIT%20en-us%20utf8/io.lua , size = 6.364 KB
[20:26:25.948][info] [#0:script/workspace/loading.lua:113]: ++++As library of:	file:///home/selecaoone/personal/.config/nvim/mason_packages/Linux/packages/lua-language-server/libexec/meta/LuaJIT%20en-us%20utf8/io.lua
[20:26:25.948][info] [#0:script/workspace/loading.lua:101]: Preload file at: file:///home/selecaoone/personal/.config/nvim/mason_packages/Linux/packages/lua-language-server/libexec/meta/LuaJIT%20en-us%20utf8/table.lua , size = 4.230 KB
[20:26:25.955][info] [#0:script/workspace/loading.lua:113]: ++++As library of:	file:///home/selecaoone/personal/.config/nvim/mason_packages/Linux/packages/lua-language-server/libexec/meta/LuaJIT%20en-us%20utf8/table.lua
[20:26:25.955][info] [#0:script/workspace/loading.lua:98]: Skip loaded file: file:///home/selecaoone/personal/.config/nvim/mason_packages/Linux/packages/lua-language-server/libexec/meta/LuaJIT%20en-us%20utf8/io.lua
[20:26:25.955][info] [#0:script/workspace/loading.lua:98]: Skip loaded file: file:///home/selecaoone/personal/.config/nvim/mason_packages/Linux/packages/lua-language-server/libexec/meta/LuaJIT%20en-us%20utf8/table.lua
[20:26:25.955][info] [#0:script/workspace/loading.lua:101]: Preload file at: file:///home/selecaoone/personal/.config/nvim/mason_packages/Linux/packages/lua-language-server/libexec/meta/LuaJIT%20en-us%20utf8/package.lua , size = 2.699 KB
[20:26:25.959][info] [#0:script/workspace/loading.lua:113]: ++++As library of:	file:///home/selecaoone/personal/.config/nvim/mason_packages/Linux/packages/lua-language-server/libexec/meta/LuaJIT%20en-us%20utf8/package.lua
[20:26:25.959][info] [#0:script/workspace/loading.lua:98]: Skip loaded file: file:///home/selecaoone/personal/.config/nvim/mason_packages/Linux/packages/lua-language-server/libexec/meta/LuaJIT%20en-us%20utf8/package.lua
[20:26:25.959][info] [#0:script/workspace/loading.lua:101]: Preload file at: file:///home/selecaoone/personal/.config/nvim/mason_packages/Linux/packages/lua-language-server/libexec/meta/LuaJIT%20en-us%20utf8/string.lua , size = 6.323 KB
[20:26:25.968][info] [#0:script/workspace/loading.lua:113]: ++++As library of:	file:///home/selecaoone/personal/.config/nvim/mason_packages/Linux/packages/lua-language-server/libexec/meta/LuaJIT%20en-us%20utf8/string.lua
[20:26:25.968][info] [#0:script/workspace/loading.lua:98]: Skip loaded file: file:///home/selecaoone/personal/.config/nvim/mason_packages/Linux/packages/lua-language-server/libexec/meta/LuaJIT%20en-us%20utf8/string.lua
[20:26:25.968][info] [#0:script/workspace/loading.lua:101]: Preload file at: file:///home/selecaoone/personal/.config/nvim/mason_packages/Linux/packages/lua-language-server/libexec/meta/LuaJIT%20en-us%20utf8/table/new.lua , size = 0.642 KB
[20:26:25.970][info] [#0:script/workspace/loading.lua:113]: ++++As library of:	file:///home/selecaoone/personal/.config/nvim/mason_packages/Linux/packages/lua-language-server/libexec/meta/LuaJIT%20en-us%20utf8/table/new.lua
[20:26:25.970][info] [#0:script/workspace/loading.lua:98]: Skip loaded file: file:///home/selecaoone/personal/.config/nvim/mason_packages/Linux/packages/lua-language-server/libexec/meta/LuaJIT%20en-us%20utf8/table/new.lua
[20:26:25.970][info] [#0:script/workspace/loading.lua:101]: Preload file at: file:///home/selecaoone/personal/.config/nvim/mason_packages/Linux/packages/lua-language-server/libexec/meta/LuaJIT%20en-us%20utf8/bit.lua , size = 1.320 KB
[20:26:25.979][info] [#0:script/workspace/loading.lua:113]: ++++As library of:	file:///home/selecaoone/personal/.config/nvim/mason_packages/Linux/packages/lua-language-server/libexec/meta/LuaJIT%20en-us%20utf8/bit.lua
[20:26:25.979][info] [#0:script/workspace/loading.lua:98]: Skip loaded file: file:///home/selecaoone/personal/.config/nvim/mason_packages/Linux/packages/lua-language-server/libexec/meta/LuaJIT%20en-us%20utf8/bit.lua
[20:26:25.979][info] [#0:script/workspace/loading.lua:101]: Preload file at: file:///home/selecaoone/personal/.config/nvim/mason_packages/Linux/packages/lua-language-server/libexec/meta/LuaJIT%20en-us%20utf8/string/buffer.lua , size = 18.123 KB
[20:26:25.988][info] [#0:script/workspace/loading.lua:113]: ++++As library of:	file:///home/selecaoone/personal/.config/nvim/mason_packages/Linux/packages/lua-language-server/libexec/meta/LuaJIT%20en-us%20utf8/string/buffer.lua
[20:26:25.988][info] [#0:script/workspace/loading.lua:98]: Skip loaded file: file:///home/selecaoone/personal/.config/nvim/mason_packages/Linux/packages/lua-language-server/libexec/meta/LuaJIT%20en-us%20utf8/string/buffer.lua
[20:26:25.988][info] [#0:script/workspace/loading.lua:101]: Preload file at: file:///home/selecaoone/personal/.config/nvim/mason_packages/Linux/packages/lua-language-server/libexec/meta/LuaJIT%20en-us%20utf8/debug.lua , size = 7.310 KB
[20:26:25.997][info] [#0:script/workspace/loading.lua:113]: ++++As library of:	file:///home/selecaoone/personal/.config/nvim/mason_packages/Linux/packages/lua-language-server/libexec/meta/LuaJIT%20en-us%20utf8/debug.lua
[20:26:25.997][info] [#0:script/workspace/loading.lua:98]: Skip loaded file: file:///home/selecaoone/personal/.config/nvim/mason_packages/Linux/packages/lua-language-server/libexec/meta/LuaJIT%20en-us%20utf8/debug.lua
[20:26:25.997][info] [#0:script/workspace/loading.lua:101]: Preload file at: file:///home/selecaoone/personal/.config/nvim/mason_packages/Linux/packages/lua-language-server/libexec/meta/LuaJIT%20en-us%20utf8/coroutine.lua , size = 2.541 KB
[20:26:26.001][info] [#0:script/workspace/loading.lua:113]: ++++As library of:	file:///home/selecaoone/personal/.config/nvim/mason_packages/Linux/packages/lua-language-server/libexec/meta/LuaJIT%20en-us%20utf8/coroutine.lua
[20:26:26.001][info] [#0:script/workspace/loading.lua:98]: Skip loaded file: file:///home/selecaoone/personal/.config/nvim/mason_packages/Linux/packages/lua-language-server/libexec/meta/LuaJIT%20en-us%20utf8/coroutine.lua
[20:26:26.001][info] [#0:script/workspace/loading.lua:101]: Preload file at: file:///home/selecaoone/personal/.config/nvim/mason_packages/Linux/packages/lua-language-server/libexec/meta/LuaJIT%20en-us%20utf8/jit/util.lua , size = 1.984 KB
[20:26:26.005][info] [#0:script/workspace/loading.lua:113]: ++++As library of:	file:///home/selecaoone/personal/.config/nvim/mason_packages/Linux/packages/lua-language-server/libexec/meta/LuaJIT%20en-us%20utf8/jit/util.lua
[20:26:26.005][info] [#0:script/workspace/loading.lua:98]: Skip loaded file: file:///home/selecaoone/personal/.config/nvim/mason_packages/Linux/packages/lua-language-server/libexec/meta/LuaJIT%20en-us%20utf8/jit/util.lua
[20:26:26.005][info] [#0:script/workspace/loading.lua:101]: Preload file at: file:///home/selecaoone/personal/.config/nvim/mason_packages/Linux/packages/lua-language-server/libexec/meta/LuaJIT%20en-us%20utf8/jit.lua , size = 0.884 KB
[20:26:26.008][info] [#0:script/workspace/loading.lua:113]: ++++As library of:	file:///home/selecaoone/personal/.config/nvim/mason_packages/Linux/packages/lua-language-server/libexec/meta/LuaJIT%20en-us%20utf8/jit.lua
[20:26:26.008][info] [#0:script/workspace/loading.lua:98]: Skip loaded file: file:///home/selecaoone/personal/.config/nvim/mason_packages/Linux/packages/lua-language-server/libexec/meta/LuaJIT%20en-us%20utf8/jit.lua
[20:26:26.008][info] [#0:script/workspace/loading.lua:101]: Preload file at: file:///home/selecaoone/personal/.config/nvim/mason_packages/Linux/packages/lua-language-server/libexec/meta/LuaJIT%20en-us%20utf8/basic.lua , size = 14.989 KB
[20:26:26.025][info] [#0:script/workspace/loading.lua:113]: ++++As library of:	file:///home/selecaoone/personal/.config/nvim/mason_packages/Linux/packages/lua-language-server/libexec/meta/LuaJIT%20en-us%20utf8/basic.lua
[20:26:26.025][info] [#0:script/workspace/loading.lua:101]: Preload file at: file:///home/selecaoone/personal/.config/nvim/mason_packages/Linux/packages/lua-language-server/libexec/meta/LuaJIT%20en-us%20utf8/ffi.lua , size = 2.529 KB
[20:26:26.029][info] [#0:script/workspace/loading.lua:113]: ++++As library of:	file:///home/selecaoone/personal/.config/nvim/mason_packages/Linux/packages/lua-language-server/libexec/meta/LuaJIT%20en-us%20utf8/ffi.lua
[20:26:26.029][info] [#0:script/workspace/loading.lua:98]: Skip loaded file: file:///home/selecaoone/personal/.config/nvim/mason_packages/Linux/packages/lua-language-server/libexec/meta/LuaJIT%20en-us%20utf8/ffi.lua
[20:26:26.029][info] [#0:script/workspace/loading.lua:98]: Skip loaded file: file:///home/selecaoone/personal/.config/nvim/mason_packages/Linux/packages/lua-language-server/libexec/meta/LuaJIT%20en-us%20utf8/basic.lua
[20:26:26.029][info] [#0:script/workspace/loading.lua:101]: Preload file at: file:///home/selecaoone/personal/.config/nvim/mason_packages/Linux/packages/lua-language-server/libexec/meta/LuaJIT%20en-us%20utf8/table/clear.lua , size = 0.797 KB
[20:26:26.030][info] [#0:script/workspace/loading.lua:113]: ++++As library of:	file:///home/selecaoone/personal/.config/nvim/mason_packages/Linux/packages/lua-language-server/libexec/meta/LuaJIT%20en-us%20utf8/table/clear.lua
[20:26:26.030][info] [#0:script/workspace/loading.lua:98]: Skip loaded file: file:///home/selecaoone/personal/.config/nvim/mason_packages/Linux/packages/lua-language-server/libexec/meta/LuaJIT%20en-us%20utf8/table/clear.lua
[20:26:26.033][info] [#0:script/workspace/loading.lua:101]: Preload file at: file:///home/selecaoone/Downloads/squashfs-root/usr/share/nvim/runtime/autoload/ccomplete.lua , size = 26.345 KB
[20:26:26.060][info] [#0:script/workspace/loading.lua:113]: ++++As library of:	file:///home/selecaoone/Downloads/squashfs-root/usr/share/nvim/runtime
[20:26:26.060][info] [#0:script/workspace/loading.lua:101]: Preload file at: file:///home/selecaoone/Downloads/squashfs-root/usr/share/nvim/runtime/filetype.lua , size = 1.542 KB
[20:26:26.061][info] [#0:script/workspace/loading.lua:113]: ++++As library of:	file:///home/selecaoone/Downloads/squashfs-root/usr/share/nvim/runtime
[20:26:26.061][info] [#0:script/workspace/loading.lua:98]: Skip loaded file: file:///home/selecaoone/Downloads/squashfs-root/usr/share/nvim/runtime/filetype.lua
[20:26:26.061][info] [#0:script/workspace/loading.lua:98]: Skip loaded file: file:///home/selecaoone/Downloads/squashfs-root/usr/share/nvim/runtime/autoload/ccomplete.lua
[20:26:26.062][info] [#0:script/workspace/loading.lua:101]: Preload file at: file:///home/selecaoone/Downloads/squashfs-root/usr/share/nvim/runtime/ftplugin/c.lua , size = 0.031 KB
[20:26:26.062][info] [#0:script/workspace/loading.lua:113]: ++++As library of:	file:///home/selecaoone/Downloads/squashfs-root/usr/share/nvim/runtime
[20:26:26.062][info] [#0:script/workspace/loading.lua:98]: Skip loaded file: file:///home/selecaoone/Downloads/squashfs-root/usr/share/nvim/runtime/ftplugin/c.lua
[20:26:26.062][info] [#0:script/workspace/loading.lua:101]: Preload file at: file:///home/selecaoone/Downloads/squashfs-root/usr/share/nvim/runtime/ftplugin/calender.lua , size = 0.031 KB
[20:26:26.062][info] [#0:script/workspace/loading.lua:113]: ++++As library of:	file:///home/selecaoone/Downloads/squashfs-root/usr/share/nvim/runtime
[20:26:26.062][info] [#0:script/workspace/loading.lua:98]: Skip loaded file: file:///home/selecaoone/Downloads/squashfs-root/usr/share/nvim/runtime/ftplugin/calender.lua
[20:26:26.063][info] [#0:script/workspace/loading.lua:101]: Preload file at: file:///home/selecaoone/Downloads/squashfs-root/usr/share/nvim/runtime/ftplugin/css.lua , size = 0.031 KB
[20:26:26.063][info] [#0:script/workspace/loading.lua:113]: ++++As library of:	file:///home/selecaoone/Downloads/squashfs-root/usr/share/nvim/runtime
[20:26:26.063][info] [#0:script/workspace/loading.lua:98]: Skip loaded file: file:///home/selecaoone/Downloads/squashfs-root/usr/share/nvim/runtime/ftplugin/css.lua
[20:26:26.063][info] [#0:script/workspace/loading.lua:101]: Preload file at: file:///home/selecaoone/Downloads/squashfs-root/usr/share/nvim/runtime/ftplugin/indent.lua , size = 0.031 KB
[20:26:26.063][info] [#0:script/workspace/loading.lua:113]: ++++As library of:	file:///home/selecaoone/Downloads/squashfs-root/usr/share/nvim/runtime
[20:26:26.063][info] [#0:script/workspace/loading.lua:98]: Skip loaded file: file:///home/selecaoone/Downloads/squashfs-root/usr/share/nvim/runtime/ftplugin/indent.lua
[20:26:26.063][info] [#0:script/workspace/loading.lua:101]: Preload file at: file:///home/selecaoone/Downloads/squashfs-root/usr/share/nvim/runtime/ftplugin/query.lua , size = 0.146 KB
[20:26:26.064][info] [#0:script/workspace/loading.lua:113]: ++++As library of:	file:///home/selecaoone/Downloads/squashfs-root/usr/share/nvim/runtime
[20:26:26.064][info] [#0:script/workspace/loading.lua:98]: Skip loaded file: file:///home/selecaoone/Downloads/squashfs-root/usr/share/nvim/runtime/ftplugin/query.lua
[20:26:26.064][info] [#0:script/workspace/loading.lua:101]: Preload file at: file:///home/selecaoone/Downloads/squashfs-root/usr/share/nvim/runtime/ftplugin/xdefaults.lua , size = 0.031 KB
[20:26:26.064][info] [#0:script/workspace/loading.lua:113]: ++++As library of:	file:///home/selecaoone/Downloads/squashfs-root/usr/share/nvim/runtime
[20:26:26.064][info] [#0:script/workspace/loading.lua:98]: Skip loaded file: file:///home/selecaoone/Downloads/squashfs-root/usr/share/nvim/runtime/ftplugin/xdefaults.lua
[20:26:26.065][info] [#0:script/workspace/loading.lua:101]: Preload file at: file:///home/selecaoone/Downloads/squashfs-root/usr/share/nvim/runtime/indent/query.lua , size = 0.135 KB
[20:26:26.065][info] [#0:script/workspace/loading.lua:113]: ++++As library of:	file:///home/selecaoone/Downloads/squashfs-root/usr/share/nvim/runtime
[20:26:26.065][info] [#0:script/workspace/loading.lua:98]: Skip loaded file: file:///home/selecaoone/Downloads/squashfs-root/usr/share/nvim/runtime/indent/query.lua
[20:26:26.065][info] [#0:script/workspace/loading.lua:101]: Preload file at: file:///home/selecaoone/Downloads/squashfs-root/usr/share/nvim/runtime/lua/_vim9script.lua , size = 15.439 KB
[20:26:26.083][info] [#0:script/workspace/loading.lua:113]: ++++As library of:	file:///home/selecaoone/Downloads/squashfs-root/usr/share/nvim/runtime
[20:26:26.083][info] [#0:script/workspace/loading.lua:98]: Skip loaded file: file:///home/selecaoone/Downloads/squashfs-root/usr/share/nvim/runtime/lua/_vim9script.lua
[20:26:26.083][info] [#0:script/workspace/loading.lua:101]: Preload file at: file:///home/selecaoone/Downloads/squashfs-root/usr/share/nvim/runtime/lua/editorconfig.lua , size = 6.716 KB
[20:26:26.089][info] [#0:script/workspace/loading.lua:113]: ++++As library of:	file:///home/selecaoone/Downloads/squashfs-root/usr/share/nvim/runtime
[20:26:26.089][info] [#0:script/workspace/loading.lua:98]: Skip loaded file: file:///home/selecaoone/Downloads/squashfs-root/usr/share/nvim/runtime/lua/editorconfig.lua
[20:26:26.089][info] [#0:script/workspace/loading.lua:101]: Preload file at: file:///home/selecaoone/Downloads/squashfs-root/usr/share/nvim/runtime/lua/man.lua , size = 24.703 KB
[20:26:26.108][info] [#0:script/workspace/loading.lua:113]: ++++As library of:	file:///home/selecaoone/Downloads/squashfs-root/usr/share/nvim/runtime
[20:26:26.108][info] [#0:script/workspace/loading.lua:98]: Skip loaded file: file:///home/selecaoone/Downloads/squashfs-root/usr/share/nvim/runtime/lua/man.lua
[20:26:26.108][info] [#0:script/workspace/loading.lua:101]: Preload file at: file:///home/selecaoone/Downloads/squashfs-root/usr/share/nvim/runtime/lua/nvim/health.lua , size = 12.706 KB
[20:26:26.118][info] [#0:script/workspace/loading.lua:113]: ++++As library of:	file:///home/selecaoone/Downloads/squashfs-root/usr/share/nvim/runtime
[20:26:26.118][info] [#0:script/workspace/loading.lua:98]: Skip loaded file: file:///home/selecaoone/Downloads/squashfs-root/usr/share/nvim/runtime/lua/nvim/health.lua
[20:26:26.118][info] [#0:script/workspace/loading.lua:101]: Preload file at: file:///home/selecaoone/Downloads/squashfs-root/usr/share/nvim/runtime/lua/vim/F.lua , size = 0.824 KB
[20:26:26.119][info] [#0:script/workspace/loading.lua:113]: ++++As library of:	file:///home/selecaoone/Downloads/squashfs-root/usr/share/nvim/runtime
[20:26:26.119][info] [#0:script/workspace/loading.lua:98]: Skip loaded file: file:///home/selecaoone/Downloads/squashfs-root/usr/share/nvim/runtime/lua/vim/F.lua
[20:26:26.119][info] [#0:script/workspace/loading.lua:101]: Preload file at: file:///home/selecaoone/Downloads/squashfs-root/usr/share/nvim/runtime/lua/vim/_editor.lua , size = 29.339 KB
[20:26:26.141][info] [#0:script/workspace/loading.lua:113]: ++++As library of:	file:///home/selecaoone/Downloads/squashfs-root/usr/share/nvim/runtime
[20:26:26.141][info] [#0:script/workspace/loading.lua:98]: Skip loaded file: file:///home/selecaoone/Downloads/squashfs-root/usr/share/nvim/runtime/lua/vim/_editor.lua
[20:26:26.141][info] [#0:script/workspace/loading.lua:101]: Preload file at: file:///home/selecaoone/Downloads/squashfs-root/usr/share/nvim/runtime/lua/vim/_init_packages.lua , size = 2.773 KB
[20:26:26.144][info] [#0:script/workspace/loading.lua:113]: ++++As library of:	file:///home/selecaoone/Downloads/squashfs-root/usr/share/nvim/runtime
[20:26:26.144][info] [#0:script/workspace/loading.lua:98]: Skip loaded file: file:///home/selecaoone/Downloads/squashfs-root/usr/share/nvim/runtime/lua/vim/_init_packages.lua
[20:26:26.144][info] [#0:script/workspace/loading.lua:101]: Preload file at: file:///home/selecaoone/Downloads/squashfs-root/usr/share/nvim/runtime/lua/vim/_inspector.lua , size = 7.792 KB
[20:26:26.151][info] [#0:script/workspace/loading.lua:113]: ++++As library of:	file:///home/selecaoone/Downloads/squashfs-root/usr/share/nvim/runtime
[20:26:26.151][info] [#0:script/workspace/loading.lua:98]: Skip loaded file: file:///home/selecaoone/Downloads/squashfs-root/usr/share/nvim/runtime/lua/vim/_inspector.lua
[20:26:26.151][info] [#0:script/workspace/loading.lua:101]: Preload file at: file:///home/selecaoone/Downloads/squashfs-root/usr/share/nvim/runtime/lua/vim/_meta.lua , size = 12.077 KB
[20:26:26.170][info] [#0:script/workspace/loading.lua:113]: ++++As library of:	file:///home/selecaoone/Downloads/squashfs-root/usr/share/nvim/runtime
[20:26:26.170][info] [#0:script/workspace/loading.lua:98]: Skip loaded file: file:///home/selecaoone/Downloads/squashfs-root/usr/share/nvim/runtime/lua/vim/_meta.lua
[20:26:26.170][info] [#0:script/workspace/loading.lua:101]: Preload file at: file:///home/selecaoone/Downloads/squashfs-root/usr/share/nvim/runtime/lua/vim/_watch.lua , size = 5.115 KB
[20:26:26.175][info] [#0:script/workspace/loading.lua:113]: ++++As library of:	file:///home/selecaoone/Downloads/squashfs-root/usr/share/nvim/runtime
[20:26:26.175][info] [#0:script/workspace/loading.lua:98]: Skip loaded file: file:///home/selecaoone/Downloads/squashfs-root/usr/share/nvim/runtime/lua/vim/_watch.lua
[20:26:26.175][info] [#0:script/workspace/loading.lua:101]: Preload file at: file:///home/selecaoone/Downloads/squashfs-root/usr/share/nvim/runtime/lua/vim/diagnostic.lua , size = 56.640 KB
[20:26:26.211][info] [#0:script/workspace/loading.lua:113]: ++++As library of:	file:///home/selecaoone/Downloads/squashfs-root/usr/share/nvim/runtime
[20:26:26.211][info] [#0:script/workspace/loading.lua:98]: Skip loaded file: file:///home/selecaoone/Downloads/squashfs-root/usr/share/nvim/runtime/lua/vim/diagnostic.lua
[20:26:26.212][info] [#0:script/workspace/loading.lua:101]: Preload file at: file:///home/selecaoone/Downloads/squashfs-root/usr/share/nvim/runtime/lua/vim/filetype/detect.lua , size = 47.479 KB
[20:26:26.245][info] [#0:script/workspace/loading.lua:113]: ++++As library of:	file:///home/selecaoone/Downloads/squashfs-root/usr/share/nvim/runtime
[20:26:26.246][info] [#0:script/workspace/loading.lua:98]: Skip loaded file: file:///home/selecaoone/Downloads/squashfs-root/usr/share/nvim/runtime/lua/vim/filetype/detect.lua
[20:26:26.246][info] [#0:script/workspace/loading.lua:101]: Preload file at: file:///home/selecaoone/Downloads/squashfs-root/usr/share/nvim/runtime/lua/vim/filetype/options.lua , size = 2.561 KB
[20:26:26.248][info] [#0:script/workspace/loading.lua:113]: ++++As library of:	file:///home/selecaoone/Downloads/squashfs-root/usr/share/nvim/runtime
[20:26:26.249][info] [#0:script/workspace/loading.lua:98]: Skip loaded file: file:///home/selecaoone/Downloads/squashfs-root/usr/share/nvim/runtime/lua/vim/filetype/options.lua
[20:26:26.249][info] [#0:script/workspace/loading.lua:101]: Preload file at: file:///home/selecaoone/Downloads/squashfs-root/usr/share/nvim/runtime/lua/vim/filetype.lua , size = 74.400 KB
[20:26:26.313][info] [#0:script/workspace/loading.lua:113]: ++++As library of:	file:///home/selecaoone/Downloads/squashfs-root/usr/share/nvim/runtime
[20:26:26.313][info] [#0:script/workspace/loading.lua:98]: Skip loaded file: file:///home/selecaoone/Downloads/squashfs-root/usr/share/nvim/runtime/lua/vim/filetype.lua
[20:26:26.313][info] [#0:script/workspace/loading.lua:101]: Preload file at: file:///home/selecaoone/Downloads/squashfs-root/usr/share/nvim/runtime/lua/vim/fs.lua , size = 10.662 KB
[20:26:26.321][info] [#0:script/workspace/loading.lua:113]: ++++As library of:	file:///home/selecaoone/Downloads/squashfs-root/usr/share/nvim/runtime
[20:26:26.321][info] [#0:script/workspace/loading.lua:98]: Skip loaded file: file:///home/selecaoone/Downloads/squashfs-root/usr/share/nvim/runtime/lua/vim/fs.lua
[20:26:26.321][info] [#0:script/workspace/loading.lua:101]: Preload file at: file:///home/selecaoone/Downloads/squashfs-root/usr/share/nvim/runtime/lua/vim/health.lua , size = 1.537 KB
[20:26:26.323][info] [#0:script/workspace/loading.lua:113]: ++++As library of:	file:///home/selecaoone/Downloads/squashfs-root/usr/share/nvim/runtime
[20:26:26.323][info] [#0:script/workspace/loading.lua:98]: Skip loaded file: file:///home/selecaoone/Downloads/squashfs-root/usr/share/nvim/runtime/lua/vim/health.lua
[20:26:26.323][info] [#0:script/workspace/loading.lua:101]: Preload file at: file:///home/selecaoone/Downloads/squashfs-root/usr/share/nvim/runtime/lua/vim/highlight.lua , size = 3.749 KB
[20:26:26.326][info] [#0:script/workspace/loading.lua:113]: ++++As library of:	file:///home/selecaoone/Downloads/squashfs-root/usr/share/nvim/runtime
[20:26:26.326][info] [#0:script/workspace/loading.lua:98]: Skip loaded file: file:///home/selecaoone/Downloads/squashfs-root/usr/share/nvim/runtime/lua/vim/highlight.lua
[20:26:26.326][info] [#0:script/workspace/loading.lua:101]: Preload file at: file:///home/selecaoone/Downloads/squashfs-root/usr/share/nvim/runtime/lua/vim/inspect.lua , size = 8.864 KB
[20:26:26.334][info] [#0:script/workspace/loading.lua:113]: ++++As library of:	file:///home/selecaoone/Downloads/squashfs-root/usr/share/nvim/runtime
[20:26:26.334][info] [#0:script/workspace/loading.lua:98]: Skip loaded file: file:///home/selecaoone/Downloads/squashfs-root/usr/share/nvim/runtime/lua/vim/inspect.lua
[20:26:26.334][info] [#0:script/workspace/loading.lua:101]: Preload file at: file:///home/selecaoone/Downloads/squashfs-root/usr/share/nvim/runtime/lua/vim/keymap.lua , size = 3.573 KB
[20:26:26.337][info] [#0:script/workspace/loading.lua:113]: ++++As library of:	file:///home/selecaoone/Downloads/squashfs-root/usr/share/nvim/runtime
[20:26:26.337][info] [#0:script/workspace/loading.lua:98]: Skip loaded file: file:///home/selecaoone/Downloads/squashfs-root/usr/share/nvim/runtime/lua/vim/keymap.lua
[20:26:26.337][info] [#0:script/workspace/loading.lua:101]: Preload file at: file:///home/selecaoone/Downloads/squashfs-root/usr/share/nvim/runtime/lua/vim/loader.lua , size = 15.990 KB
[20:26:26.352][info] [#0:script/workspace/loading.lua:113]: ++++As library of:	file:///home/selecaoone/Downloads/squashfs-root/usr/share/nvim/runtime
[20:26:26.352][info] [#0:script/workspace/loading.lua:98]: Skip loaded file: file:///home/selecaoone/Downloads/squashfs-root/usr/share/nvim/runtime/lua/vim/loader.lua
[20:26:26.352][info] [#0:script/workspace/loading.lua:101]: Preload file at: file:///home/selecaoone/Downloads/squashfs-root/usr/share/nvim/runtime/lua/vim/lsp/_snippet.lua , size = 10.744 KB
[20:26:26.363][info] [#0:script/workspace/loading.lua:113]: ++++As library of:	file:///home/selecaoone/Downloads/squashfs-root/usr/share/nvim/runtime
[20:26:26.363][info] [#0:script/workspace/loading.lua:98]: Skip loaded file: file:///home/selecaoone/Downloads/squashfs-root/usr/share/nvim/runtime/lua/vim/lsp/_snippet.lua
[20:26:26.363][info] [#0:script/workspace/loading.lua:101]: Preload file at: file:///home/selecaoone/Downloads/squashfs-root/usr/share/nvim/runtime/lua/vim/lsp/_watchfiles.lua , size = 9.196 KB
[20:26:26.371][info] [#0:script/workspace/loading.lua:113]: ++++As library of:	file:///home/selecaoone/Downloads/squashfs-root/usr/share/nvim/runtime
[20:26:26.371][info] [#0:script/workspace/loading.lua:98]: Skip loaded file: file:///home/selecaoone/Downloads/squashfs-root/usr/share/nvim/runtime/lua/vim/lsp/_watchfiles.lua
[20:26:26.371][info] [#0:script/workspace/loading.lua:101]: Preload file at: file:///home/selecaoone/Downloads/squashfs-root/usr/share/nvim/runtime/lua/vim/lsp/buf.lua , size = 27.860 KB
[20:26:26.389][info] [#0:script/workspace/loading.lua:113]: ++++As library of:	file:///home/selecaoone/Downloads/squashfs-root/usr/share/nvim/runtime
[20:26:26.389][info] [#0:script/workspace/loading.lua:98]: Skip loaded file: file:///home/selecaoone/Downloads/squashfs-root/usr/share/nvim/runtime/lua/vim/lsp/buf.lua
[20:26:26.389][info] [#0:script/workspace/loading.lua:101]: Preload file at: file:///home/selecaoone/Downloads/squashfs-root/usr/share/nvim/runtime/lua/vim/lsp/codelens.lua , size = 8.261 KB
[20:26:26.396][info] [#0:script/workspace/loading.lua:113]: ++++As library of:	file:///home/selecaoone/Downloads/squashfs-root/usr/share/nvim/runtime
[20:26:26.396][info] [#0:script/workspace/loading.lua:98]: Skip loaded file: file:///home/selecaoone/Downloads/squashfs-root/usr/share/nvim/runtime/lua/vim/lsp/codelens.lua
[20:26:26.396][info] [#0:script/workspace/loading.lua:101]: Preload file at: file:///home/selecaoone/Downloads/squashfs-root/usr/share/nvim/runtime/lua/vim/lsp/diagnostic.lua , size = 8.867 KB
[20:26:26.406][info] [#0:script/workspace/loading.lua:113]: ++++As library of:	file:///home/selecaoone/Downloads/squashfs-root/usr/share/nvim/runtime
[20:26:26.406][info] [#0:script/workspace/loading.lua:98]: Skip loaded file: file:///home/selecaoone/Downloads/squashfs-root/usr/share/nvim/runtime/lua/vim/lsp/diagnostic.lua
[20:26:26.406][info] [#0:script/workspace/loading.lua:101]: Preload file at: file:///home/selecaoone/Downloads/squashfs-root/usr/share/nvim/runtime/lua/vim/lsp/handlers.lua , size = 23.587 KB
[20:26:26.423][info] [#0:script/workspace/loading.lua:113]: ++++As library of:	file:///home/selecaoone/Downloads/squashfs-root/usr/share/nvim/runtime
[20:26:26.423][info] [#0:script/workspace/loading.lua:98]: Skip loaded file: file:///home/selecaoone/Downloads/squashfs-root/usr/share/nvim/runtime/lua/vim/lsp/handlers.lua
[20:26:26.424][info] [#0:script/workspace/loading.lua:101]: Preload file at: file:///home/selecaoone/Downloads/squashfs-root/usr/share/nvim/runtime/lua/vim/lsp/health.lua , size = 1.240 KB
[20:26:26.425][info] [#0:script/workspace/loading.lua:113]: ++++As library of:	file:///home/selecaoone/Downloads/squashfs-root/usr/share/nvim/runtime
[20:26:26.425][info] [#0:script/workspace/loading.lua:98]: Skip loaded file: file:///home/selecaoone/Downloads/squashfs-root/usr/share/nvim/runtime/lua/vim/lsp/health.lua
[20:26:26.425][info] [#0:script/workspace/loading.lua:101]: Preload file at: file:///home/selecaoone/Downloads/squashfs-root/usr/share/nvim/runtime/lua/vim/lsp/log.lua , size = 5.151 KB
[20:26:26.430][info] [#0:script/workspace/loading.lua:113]: ++++As library of:	file:///home/selecaoone/Downloads/squashfs-root/usr/share/nvim/runtime
[20:26:26.430][info] [#0:script/workspace/loading.lua:98]: Skip loaded file: file:///home/selecaoone/Downloads/squashfs-root/usr/share/nvim/runtime/lua/vim/lsp/log.lua
[20:26:26.430][info] [#0:script/workspace/loading.lua:101]: Preload file at: file:///home/selecaoone/Downloads/squashfs-root/usr/share/nvim/runtime/lua/vim/lsp/protocol.lua , size = 28.367 KB
[20:26:26.439][info] [#0:script/workspace/loading.lua:113]: ++++As library of:	file:///home/selecaoone/Downloads/squashfs-root/usr/share/nvim/runtime
[20:26:26.439][info] [#0:script/workspace/loading.lua:98]: Skip loaded file: file:///home/selecaoone/Downloads/squashfs-root/usr/share/nvim/runtime/lua/vim/lsp/protocol.lua
[20:26:26.439][info] [#0:script/workspace/loading.lua:101]: Preload file at: file:///home/selecaoone/Downloads/squashfs-root/usr/share/nvim/runtime/lua/vim/lsp/rpc.lua , size = 23.695 KB
[20:26:26.457][info] [#0:script/workspace/loading.lua:113]: ++++As library of:	file:///home/selecaoone/Downloads/squashfs-root/usr/share/nvim/runtime
[20:26:26.457][info] [#0:script/workspace/loading.lua:98]: Skip loaded file: file:///home/selecaoone/Downloads/squashfs-root/usr/share/nvim/runtime/lua/vim/lsp/rpc.lua
[20:26:26.457][info] [#0:script/workspace/loading.lua:101]: Preload file at: file:///home/selecaoone/Downloads/squashfs-root/usr/share/nvim/runtime/lua/vim/lsp/semantic_tokens.lua , size = 24.755 KB
[20:26:26.505][info] [#0:script/workspace/loading.lua:113]: ++++As library of:	file:///home/selecaoone/Downloads/squashfs-root/usr/share/nvim/runtime
[20:26:26.505][info] [#0:script/workspace/loading.lua:98]: Skip loaded file: file:///home/selecaoone/Downloads/squashfs-root/usr/share/nvim/runtime/lua/vim/lsp/semantic_tokens.lua
[20:26:26.505][info] [#0:script/workspace/loading.lua:101]: Preload file at: file:///home/selecaoone/Downloads/squashfs-root/usr/share/nvim/runtime/lua/vim/lsp/sync.lua , size = 15.681 KB
[20:26:26.513][info] [#0:script/workspace/loading.lua:113]: ++++As library of:	file:///home/selecaoone/Downloads/squashfs-root/usr/share/nvim/runtime
[20:26:26.513][info] [#0:script/workspace/loading.lua:98]: Skip loaded file: file:///home/selecaoone/Downloads/squashfs-root/usr/share/nvim/runtime/lua/vim/lsp/sync.lua
[20:26:26.513][info] [#0:script/workspace/loading.lua:101]: Preload file at: file:///home/selecaoone/Downloads/squashfs-root/usr/share/nvim/runtime/lua/vim/lsp/tagfunc.lua , size = 2.339 KB
[20:26:26.516][info] [#0:script/workspace/loading.lua:113]: ++++As library of:	file:///home/selecaoone/Downloads/squashfs-root/usr/share/nvim/runtime
[20:26:26.516][info] [#0:script/workspace/loading.lua:98]: Skip loaded file: file:///home/selecaoone/Downloads/squashfs-root/usr/share/nvim/runtime/lua/vim/lsp/tagfunc.lua
[20:26:26.516][info] [#0:script/workspace/loading.lua:101]: Preload file at: file:///home/selecaoone/Downloads/squashfs-root/usr/share/nvim/runtime/lua/vim/lsp/types.lua , size = 0.924 KB
[20:26:26.517][info] [#0:script/workspace/loading.lua:113]: ++++As library of:	file:///home/selecaoone/Downloads/squashfs-root/usr/share/nvim/runtime
[20:26:26.517][info] [#0:script/workspace/loading.lua:98]: Skip loaded file: file:///home/selecaoone/Downloads/squashfs-root/usr/share/nvim/runtime/lua/vim/lsp/types.lua
[20:26:26.517][info] [#0:script/workspace/loading.lua:101]: Preload file at: file:///home/selecaoone/Downloads/squashfs-root/usr/share/nvim/runtime/lua/vim/lsp/util.lua , size = 70.763 KB
[20:26:26.566][info] [#0:script/workspace/loading.lua:113]: ++++As library of:	file:///home/selecaoone/Downloads/squashfs-root/usr/share/nvim/runtime
[20:26:26.566][info] [#0:script/workspace/loading.lua:98]: Skip loaded file: file:///home/selecaoone/Downloads/squashfs-root/usr/share/nvim/runtime/lua/vim/lsp/util.lua
[20:26:26.566][info] [#0:script/workspace/loading.lua:101]: Preload file at: file:///home/selecaoone/Downloads/squashfs-root/usr/share/nvim/runtime/lua/vim/lsp.lua , size = 82.409 KB
[20:26:26.617][info] [#0:script/workspace/loading.lua:113]: ++++As library of:	file:///home/selecaoone/Downloads/squashfs-root/usr/share/nvim/runtime
[20:26:26.617][info] [#0:script/workspace/loading.lua:101]: Preload file at: file:///home/selecaoone/Downloads/squashfs-root/usr/share/nvim/runtime/lua/vim/secure.lua , size = 4.830 KB
[20:26:26.622][info] [#0:script/workspace/loading.lua:113]: ++++As library of:	file:///home/selecaoone/Downloads/squashfs-root/usr/share/nvim/runtime
[20:26:26.622][info] [#0:script/workspace/loading.lua:98]: Skip loaded file: file:///home/selecaoone/Downloads/squashfs-root/usr/share/nvim/runtime/lua/vim/lsp.lua
[20:26:26.622][info] [#0:script/workspace/loading.lua:98]: Skip loaded file: file:///home/selecaoone/Downloads/squashfs-root/usr/share/nvim/runtime/lua/vim/secure.lua
[20:26:26.622][info] [#0:script/workspace/loading.lua:101]: Preload file at: file:///home/selecaoone/Downloads/squashfs-root/usr/share/nvim/runtime/lua/vim/shared.lua , size = 22.392 KB
[20:26:26.640][info] [#0:script/workspace/loading.lua:113]: ++++As library of:	file:///home/selecaoone/Downloads/squashfs-root/usr/share/nvim/runtime
[20:26:26.641][info] [#0:script/workspace/loading.lua:98]: Skip loaded file: file:///home/selecaoone/Downloads/squashfs-root/usr/share/nvim/runtime/lua/vim/shared.lua
[20:26:26.641][info] [#0:script/workspace/loading.lua:101]: Preload file at: file:///home/selecaoone/Downloads/squashfs-root/usr/share/nvim/runtime/lua/vim/treesitter/_fold.lua , size = 6.753 KB
[20:26:26.647][info] [#0:script/workspace/loading.lua:113]: ++++As library of:	file:///home/selecaoone/Downloads/squashfs-root/usr/share/nvim/runtime
[20:26:26.647][info] [#0:script/workspace/loading.lua:98]: Skip loaded file: file:///home/selecaoone/Downloads/squashfs-root/usr/share/nvim/runtime/lua/vim/treesitter/_fold.lua
[20:26:26.647][info] [#0:script/workspace/loading.lua:101]: Preload file at: file:///home/selecaoone/Downloads/squashfs-root/usr/share/nvim/runtime/lua/vim/treesitter/_meta.lua , size = 2.839 KB
[20:26:26.652][info] [#0:script/workspace/loading.lua:113]: ++++As library of:	file:///home/selecaoone/Downloads/squashfs-root/usr/share/nvim/runtime
[20:26:26.652][info] [#0:script/workspace/loading.lua:98]: Skip loaded file: file:///home/selecaoone/Downloads/squashfs-root/usr/share/nvim/runtime/lua/vim/treesitter/_meta.lua
[20:26:26.652][info] [#0:script/workspace/loading.lua:101]: Preload file at: file:///home/selecaoone/Downloads/squashfs-root/usr/share/nvim/runtime/lua/vim/treesitter/_range.lua , size = 3.646 KB
[20:26:26.656][info] [#0:script/workspace/loading.lua:113]: ++++As library of:	file:///home/selecaoone/Downloads/squashfs-root/usr/share/nvim/runtime
[20:26:26.656][info] [#0:script/workspace/loading.lua:98]: Skip loaded file: file:///home/selecaoone/Downloads/squashfs-root/usr/share/nvim/runtime/lua/vim/treesitter/_range.lua
[20:26:26.656][info] [#0:script/workspace/loading.lua:101]: Preload file at: file:///home/selecaoone/Downloads/squashfs-root/usr/share/nvim/runtime/lua/vim/treesitter/health.lua , size = 0.888 KB
[20:26:26.657][info] [#0:script/workspace/loading.lua:113]: ++++As library of:	file:///home/selecaoone/Downloads/squashfs-root/usr/share/nvim/runtime
[20:26:26.658][info] [#0:script/workspace/loading.lua:98]: Skip loaded file: file:///home/selecaoone/Downloads/squashfs-root/usr/share/nvim/runtime/lua/vim/treesitter/health.lua
[20:26:26.658][info] [#0:script/workspace/loading.lua:101]: Preload file at: file:///home/selecaoone/Downloads/squashfs-root/usr/share/nvim/runtime/lua/vim/treesitter/highlighter.lua , size = 8.609 KB
[20:26:26.666][info] [#0:script/workspace/loading.lua:113]: ++++As library of:	file:///home/selecaoone/Downloads/squashfs-root/usr/share/nvim/runtime
[20:26:26.666][info] [#0:script/workspace/loading.lua:98]: Skip loaded file: file:///home/selecaoone/Downloads/squashfs-root/usr/share/nvim/runtime/lua/vim/treesitter/highlighter.lua
[20:26:26.666][info] [#0:script/workspace/loading.lua:101]: Preload file at: file:///home/selecaoone/Downloads/squashfs-root/usr/share/nvim/runtime/lua/vim/treesitter/language.lua , size = 3.528 KB
[20:26:26.670][info] [#0:script/workspace/loading.lua:113]: ++++As library of:	file:///home/selecaoone/Downloads/squashfs-root/usr/share/nvim/runtime
[20:26:26.670][info] [#0:script/workspace/loading.lua:98]: Skip loaded file: file:///home/selecaoone/Downloads/squashfs-root/usr/share/nvim/runtime/lua/vim/treesitter/language.lua
[20:26:26.670][info] [#0:script/workspace/loading.lua:101]: Preload file at: file:///home/selecaoone/Downloads/squashfs-root/usr/share/nvim/runtime/lua/vim/treesitter/languagetree.lua , size = 26.168 KB
[20:26:26.692][info] [#0:script/workspace/loading.lua:113]: ++++As library of:	file:///home/selecaoone/Downloads/squashfs-root/usr/share/nvim/runtime
[20:26:26.692][info] [#0:script/workspace/loading.lua:98]: Skip loaded file: file:///home/selecaoone/Downloads/squashfs-root/usr/share/nvim/runtime/lua/vim/treesitter/languagetree.lua
[20:26:26.692][info] [#0:script/workspace/loading.lua:101]: Preload file at: file:///home/selecaoone/Downloads/squashfs-root/usr/share/nvim/runtime/lua/vim/treesitter/playground.lua , size = 12.551 KB
[20:26:26.703][info] [#0:script/workspace/loading.lua:113]: ++++As library of:	file:///home/selecaoone/Downloads/squashfs-root/usr/share/nvim/runtime
[20:26:26.703][info] [#0:script/workspace/loading.lua:98]: Skip loaded file: file:///home/selecaoone/Downloads/squashfs-root/usr/share/nvim/runtime/lua/vim/treesitter/playground.lua
[20:26:26.703][info] [#0:script/workspace/loading.lua:101]: Preload file at: file:///home/selecaoone/Downloads/squashfs-root/usr/share/nvim/runtime/lua/vim/treesitter/query.lua , size = 21.253 KB
[20:26:26.720][info] [#0:script/workspace/loading.lua:113]: ++++As library of:	file:///home/selecaoone/Downloads/squashfs-root/usr/share/nvim/runtime
[20:26:26.721][info] [#0:script/workspace/loading.lua:98]: Skip loaded file: file:///home/selecaoone/Downloads/squashfs-root/usr/share/nvim/runtime/lua/vim/treesitter/query.lua
[20:26:26.721][info] [#0:script/workspace/loading.lua:101]: Preload file at: file:///home/selecaoone/Downloads/squashfs-root/usr/share/nvim/runtime/lua/vim/treesitter.lua , size = 15.442 KB
[20:26:26.773][info] [#0:script/workspace/loading.lua:113]: ++++As library of:	file:///home/selecaoone/Downloads/squashfs-root/usr/share/nvim/runtime
[20:26:26.773][info] [#0:script/workspace/loading.lua:98]: Skip loaded file: file:///home/selecaoone/Downloads/squashfs-root/usr/share/nvim/runtime/lua/vim/treesitter.lua
[20:26:26.773][info] [#0:script/workspace/loading.lua:101]: Preload file at: file:///home/selecaoone/Downloads/squashfs-root/usr/share/nvim/runtime/lua/vim/ui.lua , size = 3.672 KB
[20:26:26.775][info] [#0:script/workspace/loading.lua:113]: ++++As library of:	file:///home/selecaoone/Downloads/squashfs-root/usr/share/nvim/runtime
[20:26:26.775][info] [#0:script/workspace/loading.lua:98]: Skip loaded file: file:///home/selecaoone/Downloads/squashfs-root/usr/share/nvim/runtime/lua/vim/ui.lua
[20:26:26.775][info] [#0:script/workspace/loading.lua:101]: Preload file at: file:///home/selecaoone/Downloads/squashfs-root/usr/share/nvim/runtime/lua/vim/uri.lua , size = 3.376 KB
[20:26:26.778][info] [#0:script/workspace/loading.lua:113]: ++++As library of:	file:///home/selecaoone/Downloads/squashfs-root/usr/share/nvim/runtime
[20:26:26.778][info] [#0:script/workspace/loading.lua:98]: Skip loaded file: file:///home/selecaoone/Downloads/squashfs-root/usr/share/nvim/runtime/lua/vim/uri.lua
[20:26:26.778][info] [#0:script/workspace/loading.lua:101]: Preload file at: file:///home/selecaoone/Downloads/squashfs-root/usr/share/nvim/runtime/lua/vim/version.lua , size = 12.146 KB
[20:26:26.789][info] [#0:script/workspace/loading.lua:113]: ++++As library of:	file:///home/selecaoone/Downloads/squashfs-root/usr/share/nvim/runtime
[20:26:26.789][info] [#0:script/workspace/loading.lua:98]: Skip loaded file: file:///home/selecaoone/Downloads/squashfs-root/usr/share/nvim/runtime/lua/vim/version.lua
[20:26:26.789][info] [#0:script/workspace/loading.lua:101]: Preload file at: file:///home/selecaoone/Downloads/squashfs-root/usr/share/nvim/runtime/pack/dist/opt/cfilter/plugin/cfilter.lua , size = 3.266 KB
[20:26:26.791][info] [#0:script/workspace/loading.lua:113]: ++++As library of:	file:///home/selecaoone/Downloads/squashfs-root/usr/share/nvim/runtime
[20:26:26.791][info] [#0:script/workspace/loading.lua:98]: Skip loaded file: file:///home/selecaoone/Downloads/squashfs-root/usr/share/nvim/runtime/pack/dist/opt/cfilter/plugin/cfilter.lua
[20:26:26.791][info] [#0:script/workspace/loading.lua:101]: Preload file at: file:///home/selecaoone/Downloads/squashfs-root/usr/share/nvim/runtime/plugin/editorconfig.lua , size = 0.410 KB
[20:26:26.792][info] [#0:script/workspace/loading.lua:113]: ++++As library of:	file:///home/selecaoone/Downloads/squashfs-root/usr/share/nvim/runtime
[20:26:26.792][info] [#0:script/workspace/loading.lua:98]: Skip loaded file: file:///home/selecaoone/Downloads/squashfs-root/usr/share/nvim/runtime/plugin/editorconfig.lua
[20:26:26.792][info] [#0:script/workspace/loading.lua:101]: Preload file at: file:///home/selecaoone/Downloads/squashfs-root/usr/share/nvim/runtime/plugin/man.lua , size = 0.772 KB
[20:26:26.793][info] [#0:script/workspace/loading.lua:113]: ++++As library of:	file:///home/selecaoone/Downloads/squashfs-root/usr/share/nvim/runtime
[20:26:26.793][info] [#0:script/workspace/loading.lua:98]: Skip loaded file: file:///home/selecaoone/Downloads/squashfs-root/usr/share/nvim/runtime/plugin/man.lua
[20:26:26.794][info] [#0:script/workspace/loading.lua:101]: Preload file at: file:///home/selecaoone/Downloads/squashfs-root/usr/share/nvim/runtime/plugin/nvim.lua , size = 0.639 KB
[20:26:26.794][info] [#0:script/workspace/loading.lua:113]: ++++As library of:	file:///home/selecaoone/Downloads/squashfs-root/usr/share/nvim/runtime
[20:26:26.795][info] [#0:script/workspace/loading.lua:98]: Skip loaded file: file:///home/selecaoone/Downloads/squashfs-root/usr/share/nvim/runtime/plugin/nvim.lua
[20:26:26.795][info] [#0:script/workspace/loading.lua:101]: Preload file at: file:///home/selecaoone/Downloads/squashfs-root/usr/share/nvim/runtime/syntax/query.lua , size = 0.135 KB
[20:26:26.795][info] [#0:script/workspace/loading.lua:113]: ++++As library of:	file:///home/selecaoone/Downloads/squashfs-root/usr/share/nvim/runtime
[20:26:26.795][info] [#0:script/workspace/loading.lua:98]: Skip loaded file: file:///home/selecaoone/Downloads/squashfs-root/usr/share/nvim/runtime/syntax/query.lua
[20:26:26.795][info] [#0:script/workspace/loading.lua:101]: Preload file at: file:///home/selecaoone/personal/.config/nvim/mason_packages/Linux/packages/lua-language-server/libexec/meta/LuaJIT%20en-us%20utf8/math.lua , size = 7.949 KB
[20:26:26.800][info] [#0:script/workspace/loading.lua:113]: ++++As library of:	file:///home/selecaoone/personal/.config/nvim/mason_packages/Linux/packages/lua-language-server/libexec/meta/LuaJIT%20en-us%20utf8/math.lua
[20:26:26.800][info] [#0:script/workspace/loading.lua:98]: Skip loaded file: file:///home/selecaoone/personal/.config/nvim/mason_packages/Linux/packages/lua-language-server/libexec/meta/LuaJIT%20en-us%20utf8/math.lua
[20:26:26.800][info] [#0:script/workspace/loading.lua:101]: Preload file at: file:///home/selecaoone/personal/.config/nvim/mason_packages/Linux/packages/lua-language-server/libexec/meta/LuaJIT%20en-us%20utf8/builtin.lua , size = 0.302 KB
[20:26:26.801][info] [#0:script/workspace/loading.lua:113]: ++++As library of:	file:///home/selecaoone/personal/.config/nvim/mason_packages/Linux/packages/lua-language-server/libexec/meta/LuaJIT%20en-us%20utf8/builtin.lua
[20:26:26.801][info] [#0:script/workspace/loading.lua:98]: Skip loaded file: file:///home/selecaoone/personal/.config/nvim/mason_packages/Linux/packages/lua-language-server/libexec/meta/LuaJIT%20en-us%20utf8/builtin.lua
[20:26:26.801][info] [#0:script/workspace/loading.lua:101]: Preload file at: file:///home/selecaoone/personal/.config/nvim/bundle/aerial.nvim/lua/aerial/actions.lua , size = 3.312 KB
[20:26:26.803][info] [#0:script/workspace/loading.lua:101]: Preload file at: file:///home/selecaoone/personal/.config/nvim/bundle/aerial.nvim/lua/aerial/backends/lsp/callbacks.lua , size = 7.120 KB
[20:26:26.807][info] [#0:script/workspace/loading.lua:101]: Preload file at: file:///home/selecaoone/personal/.config/nvim/bundle/aerial.nvim/lua/aerial/backends/lsp/util.lua , size = 0.784 KB
[20:26:26.807][info] [#0:script/workspace/loading.lua:101]: Preload file at: file:///home/selecaoone/personal/.config/nvim/bundle/aerial.nvim/lua/aerial/backends/lsp/init.lua , size = 4.052 KB
[20:26:26.810][info] [#0:script/workspace/loading.lua:101]: Preload file at: file:///home/selecaoone/personal/.config/nvim/bundle/aerial.nvim/lua/aerial/backends/treesitter/helpers.lua , size = 1.948 KB
[20:26:26.812][info] [#0:script/workspace/loading.lua:101]: Preload file at: file:///home/selecaoone/personal/.config/nvim/bundle/aerial.nvim/lua/aerial/backends/treesitter/extensions.lua , size = 10.798 KB
[20:26:26.818][info] [#0:script/workspace/loading.lua:101]: Preload file at: file:///home/selecaoone/personal/.config/nvim/bundle/aerial.nvim/lua/aerial/backends/treesitter/init.lua , size = 5.669 KB
[20:26:26.821][info] [#0:script/workspace/loading.lua:101]: Preload file at: file:///home/selecaoone/personal/.config/nvim/bundle/aerial.nvim/lua/aerial/backends/util.lua , size = 1.514 KB
[20:26:26.822][info] [#0:script/workspace/loading.lua:101]: Preload file at: file:///home/selecaoone/personal/.config/nvim/bundle/aerial.nvim/lua/aerial/backends/init.lua , size = 7.408 KB
[20:26:26.827][info] [#0:script/workspace/loading.lua:101]: Preload file at: file:///home/selecaoone/personal/.config/nvim/bundle/aerial.nvim/lua/aerial/backends/man.lua , size = 2.313 KB
[20:26:26.828][info] [#0:script/workspace/loading.lua:101]: Preload file at: file:///home/selecaoone/personal/.config/nvim/bundle/aerial.nvim/lua/aerial/backends/markdown.lua , size = 2.064 KB
[20:26:26.830][info] [#0:script/workspace/loading.lua:101]: Preload file at: file:///home/selecaoone/personal/.config/nvim/bundle/aerial.nvim/lua/aerial/config.lua , size = 20.414 KB
[20:26:26.837][info] [#0:script/workspace/loading.lua:101]: Preload file at: file:///home/selecaoone/personal/.config/nvim/bundle/aerial.nvim/lua/aerial/command.lua , size = 2.725 KB
[20:26:26.839][info] [#0:script/workspace/loading.lua:101]: Preload file at: file:///home/selecaoone/personal/.config/nvim/bundle/aerial.nvim/lua/aerial/fold.lua , size = 7.676 KB
[20:26:26.845][info] [#0:script/workspace/loading.lua:101]: Preload file at: file:///home/selecaoone/personal/.config/nvim/bundle/aerial.nvim/lua/aerial/highlight.lua , size = 4.235 KB
[20:26:26.847][info] [#0:script/workspace/loading.lua:101]: Preload file at: file:///home/selecaoone/personal/.config/nvim/bundle/aerial.nvim/lua/aerial/layout.lua , size = 2.779 KB
[20:26:26.849][info] [#0:script/workspace/loading.lua:101]: Preload file at: file:///home/selecaoone/personal/.config/nvim/bundle/aerial.nvim/lua/aerial/fzf.lua , size = 0.967 KB
[20:26:26.850][info] [#0:script/workspace/loading.lua:101]: Preload file at: file:///home/selecaoone/personal/.config/nvim/bundle/aerial.nvim/lua/aerial/loading.lua , size = 2.575 KB
[20:26:26.851][info] [#0:script/workspace/loading.lua:101]: Preload file at: file:///home/selecaoone/personal/.config/nvim/bundle/aerial.nvim/lua/aerial/nav_actions.lua , size = 1.576 KB
[20:26:26.852][info] [#0:script/workspace/loading.lua:101]: Preload file at: file:///home/selecaoone/personal/.config/nvim/bundle/aerial.nvim/lua/aerial/nav_view.lua , size = 10.124 KB
[20:26:26.859][info] [#0:script/workspace/loading.lua:101]: Preload file at: file:///home/selecaoone/personal/.config/nvim/bundle/aerial.nvim/lua/aerial/tree.lua , size = 6.375 KB
[20:26:26.863][info] [#0:script/workspace/loading.lua:101]: Preload file at: file:///home/selecaoone/personal/.config/nvim/bundle/aerial.nvim/lua/aerial/autocommands.lua , size = 4.099 KB
[20:26:26.866][info] [#0:script/workspace/loading.lua:101]: Preload file at: file:///home/selecaoone/personal/.config/nvim/bundle/aerial.nvim/lua/aerial/data.lua , size = 5.716 KB
[20:26:26.871][info] [#0:script/workspace/loading.lua:101]: Preload file at: file:///home/selecaoone/personal/.config/nvim/bundle/aerial.nvim/lua/aerial/keymap_util.lua , size = 3.684 KB
[20:26:26.874][info] [#0:script/workspace/loading.lua:101]: Preload file at: file:///home/selecaoone/personal/.config/nvim/bundle/aerial.nvim/lua/aerial/init.lua , size = 16.055 KB
[20:26:26.882][info] [#0:script/workspace/loading.lua:101]: Preload file at: file:///home/selecaoone/personal/.config/nvim/bundle/aerial.nvim/lua/aerial/navigation.lua , size = 7.005 KB
[20:26:26.887][info] [#0:script/workspace/loading.lua:101]: Preload file at: file:///home/selecaoone/personal/.config/nvim/bundle/aerial.nvim/lua/aerial/render.lua , size = 9.142 KB
[20:26:26.893][info] [#0:script/workspace/loading.lua:101]: Preload file at: file:///home/selecaoone/personal/.config/nvim/bundle/aerial.nvim/lua/aerial/util.lua , size = 10.696 KB
[20:26:26.902][info] [#0:script/workspace/loading.lua:101]: Preload file at: file:///home/selecaoone/personal/.config/nvim/bundle/aerial.nvim/lua/aerial/window.lua , size = 17.431 KB
[20:26:26.912][info] [#0:script/workspace/loading.lua:101]: Preload file at: file:///home/selecaoone/personal/.config/nvim/bundle/aerial.nvim/lua/lualine/components/aerial.lua , size = 4.872 KB
[20:26:26.916][info] [#0:script/workspace/loading.lua:101]: Preload file at: file:///home/selecaoone/personal/.config/nvim/bundle/aerial.nvim/lua/resession/extensions/aerial.lua , size = 1.302 KB
[20:26:26.917][info] [#0:script/workspace/loading.lua:101]: Preload file at: file:///home/selecaoone/personal/.config/nvim/bundle/aerial.nvim/tests/attach_and_events_spec.lua , size = 8.062 KB
[20:26:26.923][info] [#0:script/workspace/loading.lua:101]: Preload file at: file:///home/selecaoone/personal/.config/nvim/bundle/aerial.nvim/tests/config_spec.lua , size = 3.725 KB
[20:26:26.925][info] [#0:script/workspace/loading.lua:101]: Preload file at: file:///home/selecaoone/personal/.config/nvim/bundle/aerial.nvim/lua/telescope/_extensions/aerial.lua , size = 3.990 KB
[20:26:26.928][info] [#0:script/workspace/loading.lua:101]: Preload file at: file:///home/selecaoone/personal/.config/nvim/bundle/aerial.nvim/tests/navigation_spec.lua , size = 5.154 KB
[20:26:26.932][info] [#0:script/workspace/loading.lua:101]: Preload file at: file:///home/selecaoone/personal/.config/nvim/bundle/aerial.nvim/tests/open_spec.lua , size = 2.207 KB
[20:26:26.934][info] [#0:script/workspace/loading.lua:101]: Preload file at: file:///home/selecaoone/personal/.config/nvim/bundle/aerial.nvim/tests/treesitter/lua_test.lua , size = 0.600 KB
[20:26:26.934][info] [#0:script/workspace/loading.lua:101]: Preload file at: file:///home/selecaoone/personal/.config/nvim/bundle/aerial.nvim/tests/window_spec.lua , size = 3.582 KB
[20:26:26.937][info] [#0:script/workspace/loading.lua:173]: Loaded files takes [1.050] sec: <fallback>
[20:26:26.937][info] [#0:script/workspace/loading.lua:182]: Compile files takes [0.000] sec: <fallback>
[20:26:26.937][info] [#0:script/workspace/loading.lua:183]: Loaded finish:	<fallback>
[20:26:26.937][info] [#0:script/workspace/workspace.lua:381]: Preload finish at:	<fallback>
[20:26:26.983][info] [#0:script/workspace/loading.lua:101]: Preload file at: file:///home/selecaoone/personal/.config/nvim/bundle/aerial.nvim/tests/test_util.lua , size = 4.650 KB
[20:26:26.987][info] [#0:script/workspace/loading.lua:89]: Skip loaded file: file:///home/selecaoone/personal/.config/nvim/bundle/aerial.nvim/tests/minimal_init.lua
[20:26:27.136][info] [#0:script/workspace/loading.lua:101]: Preload file at: file:///home/selecaoone/personal/.config/nvim/bundle/aerial.nvim/tests/treesitter_spec.lua , size = 1.526 KB
[20:26:27.238][info] [#0:script/workspace/loading.lua:173]: Loaded files takes [1.150] sec: file:///home/selecaoone/personal/.config/nvim/bundle/aerial.nvim
[20:26:27.238][info] [#0:script/workspace/loading.lua:182]: Compile files takes [0.000] sec: file:///home/selecaoone/personal/.config/nvim/bundle/aerial.nvim
[20:26:27.238][info] [#0:script/workspace/loading.lua:183]: Loaded finish:	file:///home/selecaoone/personal/.config/nvim/bundle/aerial.nvim
[20:26:27.238][info] [#0:script/workspace/workspace.lua:381]: Preload finish at:	file:///home/selecaoone/personal/.config/nvim/bundle/aerial.nvim
[20:26:27.324][warn] [#0:script/proto/proto.lua:187]: Method [textDocument/didOpen] takes [1.680]sec. {
  jsonrpc = "2.0",
  method = "textDocument/didOpen",
  params = {
    textDocument = {
      languageId = "lua",
      text = '"***"',
      uri = "file:///home/selecaoone/personal/.config/nvim/bundle/aerial.nvim/tests/minimal_init.lua",
      version = 0
    }
  }
}
[20:26:27.341][info] [#0:script/provider/diagnostic.lua:557]: Diagnostics scope [file:///home/selecaoone/personal/.config/nvim/bundle/aerial.nvim], files count:[124]
[20:26:27.347][warn] [#0:script/proto/proto.lua:187]: Method [textDocument/semanticTokens/full] takes [1.610]sec. {
  id = 10,
  jsonrpc = "2.0",
  method = "textDocument/semanticTokens/full",
  params = {
    textDocument = {
      uri = "file:///home/selecaoone/personal/.config/nvim/bundle/aerial.nvim/tests/minimal_init.lua"
    }
  }
}
[20:26:28.272][info] [#0:script/provider/diagnostic.lua:574]: Diagnostics scope [file:///home/selecaoone/personal/.config/nvim/bundle/aerial.nvim] finished, takes [0.930] sec.
[20:36:25.046][info] [#0:script/service/service.lua:144]: 
========= Medical Examination Report =========
    --------------- Memory ---------------
        Total: 68.543 MB
        # 00 : 68.022 MB
        # 01 : 0.053 MB
        # 02 : 0.186 MB
        # 03 : 0.053 MB
        # 04 : 0.230 MB
    --------------- Coroutine ---------------
        Total:     1
        Running:   0
        Suspended: 0
        Normal:    0
        Dead:      1
    --------------- Cache ---------------
        Total: 1
        Dead:  0
    ---------------  RPC  ---------------
        Holdon:   0
        Waiting:  0
==============================================
[20:46:25.125][info] [#0:script/service/service.lua:144]: 
========= Medical Examination Report =========
    --------------- Memory ---------------
        Total: 69.349 MB
        # 00 : 68.827 MB
        # 01 : 0.053 MB
        # 02 : 0.186 MB
        # 03 : 0.053 MB
        # 04 : 0.230 MB
    --------------- Coroutine ---------------
        Total:     1
        Running:   0
        Suspended: 0
        Normal:    0
        Dead:      1
    --------------- Cache ---------------
        Total: 1
        Dead:  0
    ---------------  RPC  ---------------
        Holdon:   0
        Waiting:  0
==============================================
[20:54:10.294][info] [#0:script/workspace/workspace.lua:284]: Scan files at:	file:///home/selecaoone/Downloads/squashfs-root/usr/share/nvim/runtime/doc/.api.txt.swp
[20:54:10.297][info] [#0:script/workspace/loading.lua:161]: Load files from disk:	file:///home/selecaoone/Downloads/squashfs-root/usr/share/nvim/runtime/doc/.api.txt.swp
[20:54:10.297][info] [#0:script/workspace/loading.lua:173]: Loaded files takes [0.000] sec: file:///home/selecaoone/Downloads/squashfs-root/usr/share/nvim/runtime/doc/.api.txt.swp
[20:54:10.297][info] [#0:script/workspace/loading.lua:182]: Compile files takes [0.000] sec: file:///home/selecaoone/Downloads/squashfs-root/usr/share/nvim/runtime/doc/.api.txt.swp
[20:54:10.297][info] [#0:script/workspace/loading.lua:183]: Loaded finish:	file:///home/selecaoone/Downloads/squashfs-root/usr/share/nvim/runtime/doc/.api.txt.swp
[20:56:25.211][info] [#0:script/service/service.lua:144]: 
========= Medical Examination Report =========
    --------------- Memory ---------------
        Total: 72.895 MB
        # 00 : 72.374 MB
        # 01 : 0.053 MB
        # 02 : 0.186 MB
        # 03 : 0.053 MB
        # 04 : 0.230 MB
    --------------- Coroutine ---------------
        Total:     125
        Running:   0
        Suspended: 0
        Normal:    0
        Dead:      125
    --------------- Cache ---------------
        Total: 1
        Dead:  0
    ---------------  RPC  ---------------
        Holdon:   0
        Waiting:  0
==============================================
[21:06:25.296][info] [#0:script/service/service.lua:144]: 
========= Medical Examination Report =========
    --------------- Memory ---------------
        Total: 77.262 MB
        # 00 : 76.741 MB
        # 01 : 0.053 MB
        # 02 : 0.186 MB
        # 03 : 0.053 MB
        # 04 : 0.230 MB
    --------------- Coroutine ---------------
        Total:     285
        Running:   0
        Suspended: 0
        Normal:    0
        Dead:      285
    --------------- Cache ---------------
        Total: 1
        Dead:  0
    ---------------  RPC  ---------------
        Holdon:   0
        Waiting:  0
==============================================
[21:16:25.376][info] [#0:script/service/service.lua:144]: 
========= Medical Examination Report =========
    --------------- Memory ---------------
        Total: 81.266 MB
        # 00 : 80.745 MB
        # 01 : 0.053 MB
        # 02 : 0.186 MB
        # 03 : 0.053 MB
        # 04 : 0.230 MB
    --------------- Coroutine ---------------
        Total:     421
        Running:   0
        Suspended: 0
        Normal:    0
        Dead:      421
    --------------- Cache ---------------
        Total: 1
        Dead:  0
    ---------------  RPC  ---------------
        Holdon:   0
        Waiting:  0
==============================================
[21:26:25.459][info] [#0:script/service/service.lua:144]: 
========= Medical Examination Report =========
    --------------- Memory ---------------
        Total: 85.857 MB
        # 00 : 85.336 MB
        # 01 : 0.053 MB
        # 02 : 0.186 MB
        # 03 : 0.053 MB
        # 04 : 0.230 MB
    --------------- Coroutine ---------------
        Total:     589
        Running:   0
        Suspended: 0
        Normal:    0
        Dead:      589
    --------------- Cache ---------------
        Total: 1
        Dead:  0
    ---------------  RPC  ---------------
        Holdon:   0
        Waiting:  0
==============================================
[21:36:25.540][info] [#0:script/service/service.lua:144]: 
========= Medical Examination Report =========
    --------------- Memory ---------------
        Total: 88.976 MB
        # 00 : 88.455 MB
        # 01 : 0.053 MB
        # 02 : 0.186 MB
        # 03 : 0.053 MB
        # 04 : 0.230 MB
    --------------- Coroutine ---------------
        Total:     693
        Running:   0
        Suspended: 0
        Normal:    0
        Dead:      693
    --------------- Cache ---------------
        Total: 1
        Dead:  0
    ---------------  RPC  ---------------
        Holdon:   0
        Waiting:  0
==============================================
[21:46:25.628][info] [#0:script/service/service.lua:144]: 
========= Medical Examination Report =========
    --------------- Memory ---------------
        Total: 89.781 MB
        # 00 : 89.260 MB
        # 01 : 0.053 MB
        # 02 : 0.186 MB
        # 03 : 0.053 MB
        # 04 : 0.230 MB
    --------------- Coroutine ---------------
        Total:     693
        Running:   0
        Suspended: 0
        Normal:    0
        Dead:      693
    --------------- Cache ---------------
        Total: 1
        Dead:  0
    ---------------  RPC  ---------------
        Holdon:   0
        Waiting:  0
==============================================
[21:56:25.721][info] [#0:script/service/service.lua:144]: 
========= Medical Examination Report =========
    --------------- Memory ---------------
        Total: 90.586 MB
        # 00 : 90.065 MB
        # 01 : 0.053 MB
        # 02 : 0.186 MB
        # 03 : 0.053 MB
        # 04 : 0.230 MB
    --------------- Coroutine ---------------
        Total:     693
        Running:   0
        Suspended: 0
        Normal:    0
        Dead:      693
    --------------- Cache ---------------
        Total: 1
        Dead:  0
    ---------------  RPC  ---------------
        Holdon:   0
        Waiting:  0
==============================================
[22:06:25.816][info] [#0:script/service/service.lua:144]: 
========= Medical Examination Report =========
    --------------- Memory ---------------
        Total: 91.391 MB
        # 00 : 90.870 MB
        # 01 : 0.053 MB
        # 02 : 0.186 MB
        # 03 : 0.053 MB
        # 04 : 0.230 MB
    --------------- Coroutine ---------------
        Total:     693
        Running:   0
        Suspended: 0
        Normal:    0
        Dead:      693
    --------------- Cache ---------------
        Total: 1
        Dead:  0
    ---------------  RPC  ---------------
        Holdon:   0
        Waiting:  0
==============================================
[22:16:25.910][info] [#0:script/service/service.lua:144]: 
========= Medical Examination Report =========
    --------------- Memory ---------------
        Total: 92.195 MB
        # 00 : 91.674 MB
        # 01 : 0.053 MB
        # 02 : 0.186 MB
        # 03 : 0.053 MB
        # 04 : 0.230 MB
    --------------- Coroutine ---------------
        Total:     693
        Running:   0
        Suspended: 0
        Normal:    0
        Dead:      693
    --------------- Cache ---------------
        Total: 1
        Dead:  0
    ---------------  RPC  ---------------
        Holdon:   0
        Waiting:  0
==============================================
[22:26:25.996][info] [#0:script/service/service.lua:144]: 
========= Medical Examination Report =========
    --------------- Memory ---------------
        Total: 93.882 MB
        # 00 : 93.361 MB
        # 01 : 0.053 MB
        # 02 : 0.186 MB
        # 03 : 0.053 MB
        # 04 : 0.230 MB
    --------------- Coroutine ---------------
        Total:     733
        Running:   0
        Suspended: 0
        Normal:    0
        Dead:      733
    --------------- Cache ---------------
        Total: 1
        Dead:  0
    ---------------  RPC  ---------------
        Holdon:   0
        Waiting:  0
==============================================
[22:36:26.092][info] [#0:script/service/service.lua:144]: 
========= Medical Examination Report =========
    --------------- Memory ---------------
        Total: 94.687 MB
        # 00 : 94.166 MB
        # 01 : 0.053 MB
        # 02 : 0.186 MB
        # 03 : 0.053 MB
        # 04 : 0.230 MB
    --------------- Coroutine ---------------
        Total:     733
        Running:   0
        Suspended: 0
        Normal:    0
        Dead:      733
    --------------- Cache ---------------
        Total: 1
        Dead:  0
    ---------------  RPC  ---------------
        Holdon:   0
        Waiting:  0
==============================================
[22:46:26.177][info] [#0:script/service/service.lua:144]: 
========= Medical Examination Report =========
    --------------- Memory ---------------
        Total: 95.492 MB
        # 00 : 94.971 MB
        # 01 : 0.053 MB
        # 02 : 0.186 MB
        # 03 : 0.053 MB
        # 04 : 0.230 MB
    --------------- Coroutine ---------------
        Total:     733
        Running:   0
        Suspended: 0
        Normal:    0
        Dead:      733
    --------------- Cache ---------------
        Total: 1
        Dead:  0
    ---------------  RPC  ---------------
        Holdon:   0
        Waiting:  0
==============================================
[22:56:26.256][info] [#0:script/service/service.lua:144]: 
========= Medical Examination Report =========
    --------------- Memory ---------------
        Total: 96.296 MB
        # 00 : 95.775 MB
        # 01 : 0.053 MB
        # 02 : 0.186 MB
        # 03 : 0.053 MB
        # 04 : 0.230 MB
    --------------- Coroutine ---------------
        Total:     733
        Running:   0
        Suspended: 0
        Normal:    0
        Dead:      733
    --------------- Cache ---------------
        Total: 1
        Dead:  0
    ---------------  RPC  ---------------
        Holdon:   0
        Waiting:  0
==============================================
[23:06:26.334][info] [#0:script/service/service.lua:144]: 
========= Medical Examination Report =========
    --------------- Memory ---------------
        Total: 97.101 MB
        # 00 : 96.580 MB
        # 01 : 0.053 MB
        # 02 : 0.186 MB
        # 03 : 0.053 MB
        # 04 : 0.230 MB
    --------------- Coroutine ---------------
        Total:     733
        Running:   0
        Suspended: 0
        Normal:    0
        Dead:      733
    --------------- Cache ---------------
        Total: 1
        Dead:  0
    ---------------  RPC  ---------------
        Holdon:   0
        Waiting:  0
==============================================
[23:16:26.411][info] [#0:script/service/service.lua:144]: 
========= Medical Examination Report =========
    --------------- Memory ---------------
        Total: 97.904 MB
        # 00 : 97.383 MB
        # 01 : 0.053 MB
        # 02 : 0.186 MB
        # 03 : 0.053 MB
        # 04 : 0.230 MB
    --------------- Coroutine ---------------
        Total:     733
        Running:   0
        Suspended: 0
        Normal:    0
        Dead:      733
    --------------- Cache ---------------
        Total: 1
        Dead:  0
    ---------------  RPC  ---------------
        Holdon:   0
        Waiting:  0
==============================================
[23:26:26.493][info] [#0:script/service/service.lua:144]: 
========= Medical Examination Report =========
    --------------- Memory ---------------
        Total: 98.709 MB
        # 00 : 98.188 MB
        # 01 : 0.053 MB
        # 02 : 0.186 MB
        # 03 : 0.053 MB
        # 04 : 0.230 MB
    --------------- Coroutine ---------------
        Total:     733
        Running:   0
        Suspended: 0
        Normal:    0
        Dead:      733
    --------------- Cache ---------------
        Total: 1
        Dead:  0
    ---------------  RPC  ---------------
        Holdon:   0
        Waiting:  0
==============================================
[23:36:26.572][info] [#0:script/service/service.lua:144]: 
========= Medical Examination Report =========
    --------------- Memory ---------------
        Total: 99.514 MB
        # 00 : 98.993 MB
        # 01 : 0.053 MB
        # 02 : 0.186 MB
        # 03 : 0.053 MB
        # 04 : 0.230 MB
    --------------- Coroutine ---------------
        Total:     733
        Running:   0
        Suspended: 0
        Normal:    0
        Dead:      733
    --------------- Cache ---------------
        Total: 1
        Dead:  0
    ---------------  RPC  ---------------
        Holdon:   0
        Waiting:  0
==============================================
[23:46:26.656][info] [#0:script/service/service.lua:144]: 
========= Medical Examination Report =========
    --------------- Memory ---------------
        Total: 100.319 MB
        # 00 : 99.797 MB
        # 01 : 0.053 MB
        # 02 : 0.186 MB
        # 03 : 0.053 MB
        # 04 : 0.230 MB
    --------------- Coroutine ---------------
        Total:     733
        Running:   0
        Suspended: 0
        Normal:    0
        Dead:      733
    --------------- Cache ---------------
        Total: 1
        Dead:  0
    ---------------  RPC  ---------------
        Holdon:   0
        Waiting:  0
==============================================
[23:56:26.731][info] [#0:script/service/service.lua:144]: 
========= Medical Examination Report =========
    --------------- Memory ---------------
        Total: 101.124 MB
        # 00 : 100.603 MB
        # 01 : 0.053 MB
        # 02 : 0.186 MB
        # 03 : 0.053 MB
        # 04 : 0.230 MB
    --------------- Coroutine ---------------
        Total:     733
        Running:   0
        Suspended: 0
        Normal:    0
        Dead:      733
    --------------- Cache ---------------
        Total: 1
        Dead:  0
    ---------------  RPC  ---------------
        Holdon:   0
        Waiting:  0
==============================================
[00:06:26.809][info] [#0:script/service/service.lua:144]: 
========= Medical Examination Report =========
    --------------- Memory ---------------
        Total: 101.928 MB
        # 00 : 101.406 MB
        # 01 : 0.053 MB
        # 02 : 0.186 MB
        # 03 : 0.053 MB
        # 04 : 0.230 MB
    --------------- Coroutine ---------------
        Total:     733
        Running:   0
        Suspended: 0
        Normal:    0
        Dead:      733
    --------------- Cache ---------------
        Total: 1
        Dead:  0
    ---------------  RPC  ---------------
        Holdon:   0
        Waiting:  0
==============================================
[00:16:26.895][info] [#0:script/service/service.lua:144]: 
========= Medical Examination Report =========
    --------------- Memory ---------------
        Total: 102.733 MB
        # 00 : 102.212 MB
        # 01 : 0.053 MB
        # 02 : 0.186 MB
        # 03 : 0.053 MB
        # 04 : 0.230 MB
    --------------- Coroutine ---------------
        Total:     733
        Running:   0
        Suspended: 0
        Normal:    0
        Dead:      733
    --------------- Cache ---------------
        Total: 1
        Dead:  0
    ---------------  RPC  ---------------
        Holdon:   0
        Waiting:  0
==============================================
[00:26:26.978][info] [#0:script/service/service.lua:144]: 
========= Medical Examination Report =========
    --------------- Memory ---------------
        Total: 103.538 MB
        # 00 : 103.017 MB
        # 01 : 0.053 MB
        # 02 : 0.186 MB
        # 03 : 0.053 MB
        # 04 : 0.230 MB
    --------------- Coroutine ---------------
        Total:     733
        Running:   0
        Suspended: 0
        Normal:    0
        Dead:      733
    --------------- Cache ---------------
        Total: 1
        Dead:  0
    ---------------  RPC  ---------------
        Holdon:   0
        Waiting:  0
==============================================
[00:36:27.056][info] [#0:script/service/service.lua:144]: 
========= Medical Examination Report =========
    --------------- Memory ---------------
        Total: 105.591 MB
        # 00 : 105.070 MB
        # 01 : 0.053 MB
        # 02 : 0.186 MB
        # 03 : 0.053 MB
        # 04 : 0.230 MB
    --------------- Coroutine ---------------
        Total:     789
        Running:   0
        Suspended: 0
        Normal:    0
        Dead:      789
    --------------- Cache ---------------
        Total: 1
        Dead:  0
    ---------------  RPC  ---------------
        Holdon:   0
        Waiting:  0
==============================================
[00:46:27.137][info] [#0:script/service/service.lua:144]: 
========= Medical Examination Report =========
    --------------- Memory ---------------
        Total: 106.751 MB
        # 00 : 106.230 MB
        # 01 : 0.053 MB
        # 02 : 0.186 MB
        # 03 : 0.053 MB
        # 04 : 0.230 MB
    --------------- Coroutine ---------------
        Total:     805
        Running:   0
        Suspended: 0
        Normal:    0
        Dead:      805
    --------------- Cache ---------------
        Total: 1
        Dead:  0
    ---------------  RPC  ---------------
        Holdon:   0
        Waiting:  0
==============================================
