[23:17:26.163][info] [#0:/home/selecaoone/personal/.config/nvim/mason_packages/Linux/packages/lua-language-server/libexec/main.lua:66]: Lua Lsp startup, root: 	/home/selecaoone/personal/.config/nvim/mason_packages/Linux/packages/lua-language-server/libexec
[23:17:26.163][info] [#0:/home/selecaoone/personal/.config/nvim/mason_packages/Linux/packages/lua-language-server/libexec/main.lua:67]: ROOT:	/home/selecaoone/personal/.config/nvim/mason_packages/Linux/packages/lua-language-server/libexec
[23:17:26.163][info] [#0:/home/selecaoone/personal/.config/nvim/mason_packages/Linux/packages/lua-language-server/libexec/main.lua:68]: LOGPATH:	/home/selecaoone/personal/.config/nvim/mason_packages/Linux/packages/lua-language-server/libexec/log
[23:17:26.163][info] [#0:/home/selecaoone/personal/.config/nvim/mason_packages/Linux/packages/lua-language-server/libexec/main.lua:69]: METAPATH:	/home/selecaoone/personal/.config/nvim/mason_packages/Linux/packages/lua-language-server/libexec/meta
[23:17:26.164][info] [#0:/home/selecaoone/personal/.config/nvim/mason_packages/Linux/packages/lua-language-server/libexec/main.lua:70]: VERSION:	3.7.0
[23:17:26.224][info] [#0:script/service/service.lua:144]: 
========= Medical Examination Report =========
    --------------- Memory ---------------
        Total: 2.143 MB
        # 00 : 2.143 MB
        # 01 : 0.000 MB
        # 02 : 0.000 MB
        # 03 : 0.000 MB
        # 04 : 0.000 MB
    --------------- Coroutine ---------------
        Total:     0
        Running:   0
        Suspended: 0
        Normal:    0
        Dead:      0
    --------------- Cache ---------------
        Total: 1
        Dead:  0
    ---------------  RPC  ---------------
        Holdon:   0
        Waiting:  0
==============================================
[23:17:26.233][info] [#0:script/client.lua:657]: Client init	{
  capabilities = {
    textDocument = {
      callHierarchy = {
        dynamicRegistration = false
      },
      codeAction = {
        codeActionLiteralSupport = {
          codeActionKind = {
            valueSet = { "", "quickfix", "refactor", "refactor.extract", "refactor.inline", "refactor.rewrite", "source", "source.organizeImports" }
          }
        },
        dataSupport = true,
        dynamicRegistration = false,
        isPreferredSupport = true,
        resolveSupport = {
          properties = { "edit" }
        }
      },
      completion = {
        completionItem = {
          commitCharactersSupport = false,
          deprecatedSupport = false,
          documentationFormat = { "markdown", "plaintext" },
          preselectSupport = false,
          snippetSupport = false
        },
        completionItemKind = {
          valueSet = { 1, 2, 3, 4, 5, 6, 7, 8, 9, 10, 11, 12, 13, 14, 15, 16, 17, 18, 19, 20, 21, 22, 23, 24, 25 }
        },
        contextSupport = false,
        dynamicRegistration = false
      },
      declaration = {
        linkSupport = true
      },
      definition = {
        linkSupport = true
      },
      documentHighlight = {
        dynamicRegistration = false
      },
      documentSymbol = {
        dynamicRegistration = false,
        hierarchicalDocumentSymbolSupport = true,
        symbolKind = {
          valueSet = { 1, 2, 3, 4, 5, 6, 7, 8, 9, 10, 11, 12, 13, 14, 15, 16, 17, 18, 19, 20, 21, 22, 23, 24, 25, 26 }
        }
      },
      hover = {
        contentFormat = { "markdown", "plaintext" },
        dynamicRegistration = false
      },
      implementation = {
        linkSupport = true
      },
      publishDiagnostics = {
        relatedInformation = true,
        tagSupport = {
          valueSet = { 1, 2 }
        }
      },
      references = {
        dynamicRegistration = false
      },
      rename = {
        dynamicRegistration = false,
        prepareSupport = true
      },
      semanticTokens = {
        augmentsSyntaxTokens = true,
        dynamicRegistration = false,
        formats = { "relative" },
        multilineTokenSupport = false,
        overlappingTokenSupport = true,
        requests = {
          full = {
            delta = true
          },
          range = false
        },
        serverCancelSupport = false,
        tokenModifiers = { "declaration", "definition", "readonly", "static", "deprecated", "abstract", "async", "modification", "documentation", "defaultLibrary" },
        tokenTypes = { "namespace", "type", "class", "enum", "interface", "struct", "typeParameter", "parameter", "variable", "property", "enumMember", "event", "function", "method", "macro", "keyword", "modifier", "comment", "string", "number", "regexp", "operator", "decorator" }
      },
      signatureHelp = {
        dynamicRegistration = false,
        signatureInformation = {
          activeParameterSupport = true,
          documentationFormat = { "markdown", "plaintext" },
          parameterInformation = {
            labelOffsetSupport = true
          }
        }
      },
      synchronization = {
        didSave = true,
        dynamicRegistration = false,
        willSave = true,
        willSaveWaitUntil = true
      },
      typeDefinition = {
        linkSupport = true
      }
    },
    window = {
      showDocument = {
        support = true
      },
      showMessage = {
        messageActionItem = {
          additionalPropertiesSupport = false
        }
      },
      workDoneProgress = true
    },
    workspace = {
      applyEdit = true,
      configuration = true,
      didChangeWatchedFiles = {
        dynamicRegistration = false,
        relativePatternSupport = true
      },
      semanticTokens = {
        refreshSupport = true
      },
      symbol = {
        dynamicRegistration = false,
        hierarchicalWorkspaceSymbolSupport = true,
        symbolKind = {
          valueSet = { 1, 2, 3, 4, 5, 6, 7, 8, 9, 10, 11, 12, 13, 14, 15, 16, 17, 18, 19, 20, 21, 22, 23, 24, 25, 26 }
        }
      },
      workspaceEdit = {
        resourceOperations = { "rename", "create", "delete" }
      },
      workspaceFolders = true
    }
  },
  clientInfo = {
    name = "Neovim",
    version = "0.9.4"
  },
  initializationOptions = {},
  processId = 14475,
  rootPath = "/home/selecaoone/personal/.config/nvim/bundle/assembly-explorer.nvim/lua/",
  rootUri = "file:///home/selecaoone/personal/.config/nvim/bundle/assembly-explorer.nvim/lua/",
  trace = "off",
  workspaceFolders = { {
      name = "/home/selecaoone/personal/.config/nvim/bundle/assembly-explorer.nvim/lua/",
      uri = "file:///home/selecaoone/personal/.config/nvim/bundle/assembly-explorer.nvim/lua/"
    } }
}
[23:17:26.233][info] [#0:script/language.lua:137]: VSC language: nil
[23:17:26.233][info] [#0:script/language.lua:138]: LS  language: en-us
[23:17:26.233][info] [#0:script/workspace/workspace.lua:38]: Workspace init root: 	file:///home/selecaoone/personal/.config/nvim/bundle/assembly-explorer.nvim/lua/
[23:17:26.234][info] [#0:script/workspace/workspace.lua:42]: Log path: 	/home/selecaoone/personal/.config/nvim/mason_packages/Linux/packages/lua-language-server/libexec/log/file_home_selecaoone_personal_.config_nvim_bundle_assembly-explorer.nvim_lua_.log
[23:17:26.235][info] [#0:script/workspace/workspace.lua:48]: Workspace create: 	file:///home/selecaoone/personal/.config/nvim/bundle/assembly-explorer.nvim/lua/
[23:17:26.340][info] [#0:script/provider/provider.lua:46]: Load config from client	file:///home/selecaoone/personal/.config/nvim/bundle/assembly-explorer.nvim/lua/
[23:17:26.340][info] [#0:script/provider/provider.lua:47]: {
  Lua = {
    runtime = {
      version = "LuaJIT"
    },
    workspace = {
      checkThirdParty = false,
      library = { "/home/selecaoone/Downloads/squashfs-root/usr/share/nvim/runtime" }
    }
  }
}
[23:17:26.341][info] [#0:script/provider/provider.lua:46]: Load config from client	file:///home/selecaoone/personal/.config/nvim/bundle/assembly-explorer.nvim/lua/
[23:17:26.341][info] [#0:script/provider/provider.lua:47]: {
  Lua = {
    runtime = {
      version = "LuaJIT"
    },
    workspace = {
      checkThirdParty = false,
      library = { "/home/selecaoone/Downloads/squashfs-root/usr/share/nvim/runtime" }
    }
  }
}
[23:17:26.341][info] [#0:script/provider/provider.lua:46]: Load config from client	file:///home/selecaoone/personal/.config/nvim/bundle/assembly-explorer.nvim/lua/
[23:17:26.341][info] [#0:script/provider/provider.lua:47]: {
  Lua = {
    runtime = {
      version = "LuaJIT"
    },
    workspace = {
      checkThirdParty = false,
      library = { "/home/selecaoone/Downloads/squashfs-root/usr/share/nvim/runtime" }
    }
  }
}
[23:17:26.342][info] [#0:script/provider/provider.lua:46]: Load config from client	file:///home/selecaoone/personal/.config/nvim/bundle/assembly-explorer.nvim/lua/
[23:17:26.342][info] [#0:script/provider/provider.lua:47]: {
  Lua = {
    runtime = {
      version = "LuaJIT"
    },
    workspace = {
      checkThirdParty = false,
      library = { "/home/selecaoone/Downloads/squashfs-root/usr/share/nvim/runtime" }
    }
  }
}
[23:17:26.342][info] [#0:script/provider/provider.lua:61]: Load config from client	fallback
[23:17:26.342][info] [#0:script/provider/provider.lua:62]: {
  Lua = {
    runtime = {
      version = "LuaJIT"
    },
    workspace = {
      checkThirdParty = false,
      library = { "/home/selecaoone/Downloads/squashfs-root/usr/share/nvim/runtime" }
    }
  }
}
[23:17:26.342][info] [#0:script/provider/provider.lua:61]: Load config from client	fallback
[23:17:26.342][info] [#0:script/provider/provider.lua:62]: {
  Lua = {
    runtime = {
      version = "LuaJIT"
    },
    workspace = {
      checkThirdParty = false,
      library = { "/home/selecaoone/Downloads/squashfs-root/usr/share/nvim/runtime" }
    }
  }
}
[23:17:26.343][info] [#0:script/provider/provider.lua:61]: Load config from client	fallback
[23:17:26.343][info] [#0:script/provider/provider.lua:62]: {
  Lua = {
    runtime = {
      version = "LuaJIT"
    },
    workspace = {
      checkThirdParty = false,
      library = { "/home/selecaoone/Downloads/squashfs-root/usr/share/nvim/runtime" }
    }
  }
}
[23:17:26.343][info] [#0:script/provider/provider.lua:61]: Load config from client	fallback
[23:17:26.343][info] [#0:script/provider/provider.lua:62]: {
  Lua = {
    runtime = {
      version = "LuaJIT"
    },
    workspace = {
      checkThirdParty = false,
      library = { "/home/selecaoone/Downloads/squashfs-root/usr/share/nvim/runtime" }
    }
  }
}
[23:17:26.444][info] [#0:script/library.lua:212]: Init builtin library at:	file:///home/selecaoone/personal/.config/nvim/bundle/assembly-explorer.nvim/lua/
[23:17:26.498][info] [#0:script/plugin.lua:86]: plugin path:	/home/selecaoone/personal/.config/nvim/bundle/assembly-explorer.nvim/lua
[23:17:26.498][warn] [#0:script/plugin.lua:101]: plugin not found:	/home/selecaoone/personal/.config/nvim/bundle/assembly-explorer.nvim/lua
[23:17:26.498][info] [#0:script/library.lua:212]: Init builtin library at:	nil
[23:17:26.621][info] [#0:script/workspace/workspace.lua:324]: Preload start:	file:///home/selecaoone/personal/.config/nvim/bundle/assembly-explorer.nvim/lua/
[23:17:26.631][info] [#0:script/workspace/workspace.lua:330]: Scan files at:	file:///home/selecaoone/personal/.config/nvim/bundle/assembly-explorer.nvim/lua/
[23:17:26.634][info] [#0:script/workspace/workspace.lua:324]: Preload start:	<fallback>
[23:17:26.643][info] [#0:script/workspace/workspace.lua:353]: Scan library at:	file:///home/selecaoone/personal/.config/nvim/mason_packages/Linux/packages/lua-language-server/libexec/meta/LuaJIT%20en-us%20utf8/builtin.lua
[23:17:26.643][info] [#0:script/workspace/workspace.lua:353]: Scan library at:	file:///home/selecaoone/personal/.config/nvim/mason_packages/Linux/packages/lua-language-server/libexec/meta/LuaJIT%20en-us%20utf8/math.lua
[23:17:26.644][info] [#0:script/workspace/workspace.lua:353]: Scan library at:	file:///home/selecaoone/Downloads/squashfs-root/usr/share/nvim/runtime
[23:17:26.692][info] [#0:script/workspace/workspace.lua:353]: Scan library at:	file:///home/selecaoone/personal/.config/nvim/mason_packages/Linux/packages/lua-language-server/libexec/meta/LuaJIT%20en-us%20utf8/builtin.lua
[23:17:26.693][info] [#0:script/workspace/workspace.lua:353]: Scan library at:	file:///home/selecaoone/personal/.config/nvim/mason_packages/Linux/packages/lua-language-server/libexec/meta/LuaJIT%20en-us%20utf8/math.lua
[23:17:26.693][info] [#0:script/workspace/workspace.lua:353]: Scan library at:	file:///home/selecaoone/Downloads/squashfs-root/usr/share/nvim/runtime
[23:17:26.921][info] [#0:script/workspace/workspace.lua:353]: Scan library at:	file:///home/selecaoone/personal/.config/nvim/mason_packages/Linux/packages/lua-language-server/libexec/meta/LuaJIT%20en-us%20utf8/table/clear.lua
[23:17:26.921][info] [#0:script/workspace/workspace.lua:353]: Scan library at:	file:///home/selecaoone/personal/.config/nvim/mason_packages/Linux/packages/lua-language-server/libexec/meta/LuaJIT%20en-us%20utf8/ffi.lua
[23:17:26.922][info] [#0:script/workspace/workspace.lua:353]: Scan library at:	file:///home/selecaoone/personal/.config/nvim/mason_packages/Linux/packages/lua-language-server/libexec/meta/LuaJIT%20en-us%20utf8/basic.lua
[23:17:26.922][info] [#0:script/workspace/workspace.lua:353]: Scan library at:	file:///home/selecaoone/personal/.config/nvim/mason_packages/Linux/packages/lua-language-server/libexec/meta/LuaJIT%20en-us%20utf8/jit.lua
[23:17:26.922][info] [#0:script/workspace/workspace.lua:353]: Scan library at:	file:///home/selecaoone/personal/.config/nvim/mason_packages/Linux/packages/lua-language-server/libexec/meta/LuaJIT%20en-us%20utf8/jit/util.lua
[23:17:26.922][info] [#0:script/workspace/workspace.lua:353]: Scan library at:	file:///home/selecaoone/personal/.config/nvim/mason_packages/Linux/packages/lua-language-server/libexec/meta/LuaJIT%20en-us%20utf8/coroutine.lua
[23:17:26.922][info] [#0:script/workspace/workspace.lua:353]: Scan library at:	file:///home/selecaoone/personal/.config/nvim/mason_packages/Linux/packages/lua-language-server/libexec/meta/LuaJIT%20en-us%20utf8/debug.lua
[23:17:26.923][info] [#0:script/workspace/workspace.lua:353]: Scan library at:	file:///home/selecaoone/personal/.config/nvim/mason_packages/Linux/packages/lua-language-server/libexec/meta/LuaJIT%20en-us%20utf8/string/buffer.lua
[23:17:26.923][info] [#0:script/workspace/workspace.lua:353]: Scan library at:	file:///home/selecaoone/personal/.config/nvim/mason_packages/Linux/packages/lua-language-server/libexec/meta/LuaJIT%20en-us%20utf8/bit.lua
[23:17:26.923][info] [#0:script/workspace/workspace.lua:353]: Scan library at:	file:///home/selecaoone/personal/.config/nvim/mason_packages/Linux/packages/lua-language-server/libexec/meta/LuaJIT%20en-us%20utf8/table/new.lua
[23:17:26.923][info] [#0:script/workspace/workspace.lua:353]: Scan library at:	file:///home/selecaoone/personal/.config/nvim/mason_packages/Linux/packages/lua-language-server/libexec/meta/LuaJIT%20en-us%20utf8/string.lua
[23:17:26.923][info] [#0:script/workspace/workspace.lua:353]: Scan library at:	file:///home/selecaoone/personal/.config/nvim/mason_packages/Linux/packages/lua-language-server/libexec/meta/LuaJIT%20en-us%20utf8/package.lua
[23:17:26.924][info] [#0:script/workspace/workspace.lua:353]: Scan library at:	file:///home/selecaoone/personal/.config/nvim/mason_packages/Linux/packages/lua-language-server/libexec/meta/LuaJIT%20en-us%20utf8/table.lua
[23:17:26.924][info] [#0:script/workspace/workspace.lua:353]: Scan library at:	file:///home/selecaoone/personal/.config/nvim/mason_packages/Linux/packages/lua-language-server/libexec/meta/LuaJIT%20en-us%20utf8/io.lua
[23:17:26.924][info] [#0:script/workspace/workspace.lua:353]: Scan library at:	file:///home/selecaoone/personal/.config/nvim/mason_packages/Linux/packages/lua-language-server/libexec/meta/LuaJIT%20en-us%20utf8/os.lua
[23:17:26.924][info] [#0:script/workspace/workspace.lua:353]: Scan library at:	file:///home/selecaoone/personal/.config/nvim/mason_packages/Linux/packages/lua-language-server/libexec/meta/LuaJIT%20en-us%20utf8/jit/profile.lua
[23:17:26.924][info] [#0:script/workspace/workspace.lua:353]: Scan library at:	file:///home/selecaoone/personal/.config/nvim/mason_packages/Linux/packages/lua-language-server/libexec/meta/LuaJIT%20en-us%20utf8/table/clear.lua
[23:17:26.925][info] [#0:script/workspace/workspace.lua:353]: Scan library at:	file:///home/selecaoone/personal/.config/nvim/mason_packages/Linux/packages/lua-language-server/libexec/meta/LuaJIT%20en-us%20utf8/ffi.lua
[23:17:26.925][info] [#0:script/workspace/workspace.lua:353]: Scan library at:	file:///home/selecaoone/personal/.config/nvim/mason_packages/Linux/packages/lua-language-server/libexec/meta/LuaJIT%20en-us%20utf8/basic.lua
[23:17:26.925][info] [#0:script/workspace/workspace.lua:353]: Scan library at:	file:///home/selecaoone/personal/.config/nvim/mason_packages/Linux/packages/lua-language-server/libexec/meta/LuaJIT%20en-us%20utf8/jit.lua
[23:17:26.925][info] [#0:script/workspace/workspace.lua:353]: Scan library at:	file:///home/selecaoone/personal/.config/nvim/mason_packages/Linux/packages/lua-language-server/libexec/meta/LuaJIT%20en-us%20utf8/jit/util.lua
[23:17:26.925][info] [#0:script/workspace/workspace.lua:353]: Scan library at:	file:///home/selecaoone/personal/.config/nvim/mason_packages/Linux/packages/lua-language-server/libexec/meta/LuaJIT%20en-us%20utf8/coroutine.lua
[23:17:26.925][info] [#0:script/workspace/workspace.lua:353]: Scan library at:	file:///home/selecaoone/personal/.config/nvim/mason_packages/Linux/packages/lua-language-server/libexec/meta/LuaJIT%20en-us%20utf8/debug.lua
[23:17:26.925][info] [#0:script/workspace/workspace.lua:353]: Scan library at:	file:///home/selecaoone/personal/.config/nvim/mason_packages/Linux/packages/lua-language-server/libexec/meta/LuaJIT%20en-us%20utf8/string/buffer.lua
[23:17:26.925][info] [#0:script/workspace/workspace.lua:353]: Scan library at:	file:///home/selecaoone/personal/.config/nvim/mason_packages/Linux/packages/lua-language-server/libexec/meta/LuaJIT%20en-us%20utf8/bit.lua
[23:17:26.926][info] [#0:script/workspace/workspace.lua:353]: Scan library at:	file:///home/selecaoone/personal/.config/nvim/mason_packages/Linux/packages/lua-language-server/libexec/meta/LuaJIT%20en-us%20utf8/table/new.lua
[23:17:26.926][info] [#0:script/workspace/workspace.lua:353]: Scan library at:	file:///home/selecaoone/personal/.config/nvim/mason_packages/Linux/packages/lua-language-server/libexec/meta/LuaJIT%20en-us%20utf8/string.lua
[23:17:26.926][info] [#0:script/workspace/workspace.lua:353]: Scan library at:	file:///home/selecaoone/personal/.config/nvim/mason_packages/Linux/packages/lua-language-server/libexec/meta/LuaJIT%20en-us%20utf8/package.lua
[23:17:26.926][info] [#0:script/workspace/workspace.lua:353]: Scan library at:	file:///home/selecaoone/personal/.config/nvim/mason_packages/Linux/packages/lua-language-server/libexec/meta/LuaJIT%20en-us%20utf8/table.lua
[23:17:26.926][info] [#0:script/workspace/workspace.lua:353]: Scan library at:	file:///home/selecaoone/personal/.config/nvim/mason_packages/Linux/packages/lua-language-server/libexec/meta/LuaJIT%20en-us%20utf8/io.lua
[23:17:26.926][info] [#0:script/workspace/workspace.lua:353]: Scan library at:	file:///home/selecaoone/personal/.config/nvim/mason_packages/Linux/packages/lua-language-server/libexec/meta/LuaJIT%20en-us%20utf8/os.lua
[23:17:26.926][info] [#0:script/workspace/workspace.lua:353]: Scan library at:	file:///home/selecaoone/personal/.config/nvim/mason_packages/Linux/packages/lua-language-server/libexec/meta/LuaJIT%20en-us%20utf8/jit/profile.lua
[23:17:27.027][info] [#0:script/workspace/workspace.lua:379]: Found 104 files at:	<fallback>
[23:17:27.027][info] [#0:script/workspace/loading.lua:161]: Load files from disk:	<fallback>
[23:17:27.027][info] [#0:script/workspace/workspace.lua:379]: Found 124 files at:	file:///home/selecaoone/personal/.config/nvim/bundle/assembly-explorer.nvim/lua/
[23:17:27.027][info] [#0:script/workspace/loading.lua:161]: Load files from disk:	file:///home/selecaoone/personal/.config/nvim/bundle/assembly-explorer.nvim/lua/
[23:17:27.034][info] [#0:script/workspace/loading.lua:101]: Preload file at: file:///home/selecaoone/personal/.config/nvim/mason_packages/Linux/packages/lua-language-server/libexec/meta/LuaJIT%20en-us%20utf8/jit/profile.lua , size = 0.348 KB
[23:17:27.037][info] [#0:script/workspace/loading.lua:113]: ++++As library of:	file:///home/selecaoone/personal/.config/nvim/mason_packages/Linux/packages/lua-language-server/libexec/meta/LuaJIT%20en-us%20utf8/jit/profile.lua
[23:17:27.037][info] [#0:script/workspace/loading.lua:101]: Preload file at: file:///home/selecaoone/personal/.config/nvim/mason_packages/Linux/packages/lua-language-server/libexec/meta/LuaJIT%20en-us%20utf8/os.lua , size = 5.600 KB
[23:17:27.045][info] [#0:script/workspace/loading.lua:113]: ++++As library of:	file:///home/selecaoone/personal/.config/nvim/mason_packages/Linux/packages/lua-language-server/libexec/meta/LuaJIT%20en-us%20utf8/os.lua
[23:17:27.045][info] [#0:script/workspace/loading.lua:98]: Skip loaded file: file:///home/selecaoone/personal/.config/nvim/mason_packages/Linux/packages/lua-language-server/libexec/meta/LuaJIT%20en-us%20utf8/os.lua
[23:17:27.045][info] [#0:script/workspace/loading.lua:101]: Preload file at: file:///home/selecaoone/personal/.config/nvim/mason_packages/Linux/packages/lua-language-server/libexec/meta/LuaJIT%20en-us%20utf8/io.lua , size = 6.364 KB
[23:17:27.055][info] [#0:script/workspace/loading.lua:113]: ++++As library of:	file:///home/selecaoone/personal/.config/nvim/mason_packages/Linux/packages/lua-language-server/libexec/meta/LuaJIT%20en-us%20utf8/io.lua
[23:17:27.055][info] [#0:script/workspace/loading.lua:98]: Skip loaded file: file:///home/selecaoone/personal/.config/nvim/mason_packages/Linux/packages/lua-language-server/libexec/meta/LuaJIT%20en-us%20utf8/io.lua
[23:17:27.055][info] [#0:script/workspace/loading.lua:101]: Preload file at: file:///home/selecaoone/personal/.config/nvim/mason_packages/Linux/packages/lua-language-server/libexec/meta/LuaJIT%20en-us%20utf8/table.lua , size = 4.230 KB
[23:17:27.061][info] [#0:script/workspace/loading.lua:113]: ++++As library of:	file:///home/selecaoone/personal/.config/nvim/mason_packages/Linux/packages/lua-language-server/libexec/meta/LuaJIT%20en-us%20utf8/table.lua
[23:17:27.061][info] [#0:script/workspace/loading.lua:98]: Skip loaded file: file:///home/selecaoone/personal/.config/nvim/mason_packages/Linux/packages/lua-language-server/libexec/meta/LuaJIT%20en-us%20utf8/table.lua
[23:17:27.061][info] [#0:script/workspace/loading.lua:101]: Preload file at: file:///home/selecaoone/personal/.config/nvim/mason_packages/Linux/packages/lua-language-server/libexec/meta/LuaJIT%20en-us%20utf8/package.lua , size = 2.699 KB
[23:17:27.065][info] [#0:script/workspace/loading.lua:113]: ++++As library of:	file:///home/selecaoone/personal/.config/nvim/mason_packages/Linux/packages/lua-language-server/libexec/meta/LuaJIT%20en-us%20utf8/package.lua
[23:17:27.065][info] [#0:script/workspace/loading.lua:98]: Skip loaded file: file:///home/selecaoone/personal/.config/nvim/mason_packages/Linux/packages/lua-language-server/libexec/meta/LuaJIT%20en-us%20utf8/package.lua
[23:17:27.065][info] [#0:script/workspace/loading.lua:101]: Preload file at: file:///home/selecaoone/personal/.config/nvim/mason_packages/Linux/packages/lua-language-server/libexec/meta/LuaJIT%20en-us%20utf8/string.lua , size = 6.323 KB
[23:17:27.078][info] [#0:script/workspace/loading.lua:113]: ++++As library of:	file:///home/selecaoone/personal/.config/nvim/mason_packages/Linux/packages/lua-language-server/libexec/meta/LuaJIT%20en-us%20utf8/string.lua
[23:17:27.078][info] [#0:script/workspace/loading.lua:98]: Skip loaded file: file:///home/selecaoone/personal/.config/nvim/mason_packages/Linux/packages/lua-language-server/libexec/meta/LuaJIT%20en-us%20utf8/string.lua
[23:17:27.078][info] [#0:script/workspace/loading.lua:98]: Skip loaded file: file:///home/selecaoone/personal/.config/nvim/mason_packages/Linux/packages/lua-language-server/libexec/meta/LuaJIT%20en-us%20utf8/jit/profile.lua
[23:17:27.078][info] [#0:script/workspace/loading.lua:101]: Preload file at: file:///home/selecaoone/personal/.config/nvim/mason_packages/Linux/packages/lua-language-server/libexec/meta/LuaJIT%20en-us%20utf8/table/new.lua , size = 0.642 KB
[23:17:27.079][info] [#0:script/workspace/loading.lua:113]: ++++As library of:	file:///home/selecaoone/personal/.config/nvim/mason_packages/Linux/packages/lua-language-server/libexec/meta/LuaJIT%20en-us%20utf8/table/new.lua
[23:17:27.079][info] [#0:script/workspace/loading.lua:101]: Preload file at: file:///home/selecaoone/personal/.config/nvim/mason_packages/Linux/packages/lua-language-server/libexec/meta/LuaJIT%20en-us%20utf8/bit.lua , size = 1.320 KB
[23:17:27.082][info] [#0:script/workspace/loading.lua:113]: ++++As library of:	file:///home/selecaoone/personal/.config/nvim/mason_packages/Linux/packages/lua-language-server/libexec/meta/LuaJIT%20en-us%20utf8/bit.lua
[23:17:27.082][info] [#0:script/workspace/loading.lua:98]: Skip loaded file: file:///home/selecaoone/personal/.config/nvim/mason_packages/Linux/packages/lua-language-server/libexec/meta/LuaJIT%20en-us%20utf8/table/new.lua
[23:17:27.082][info] [#0:script/workspace/loading.lua:98]: Skip loaded file: file:///home/selecaoone/personal/.config/nvim/mason_packages/Linux/packages/lua-language-server/libexec/meta/LuaJIT%20en-us%20utf8/bit.lua
[23:17:27.082][info] [#0:script/workspace/loading.lua:101]: Preload file at: file:///home/selecaoone/personal/.config/nvim/mason_packages/Linux/packages/lua-language-server/libexec/meta/LuaJIT%20en-us%20utf8/string/buffer.lua , size = 18.123 KB
[23:17:27.091][info] [#0:script/workspace/loading.lua:113]: ++++As library of:	file:///home/selecaoone/personal/.config/nvim/mason_packages/Linux/packages/lua-language-server/libexec/meta/LuaJIT%20en-us%20utf8/string/buffer.lua
[23:17:27.091][info] [#0:script/workspace/loading.lua:98]: Skip loaded file: file:///home/selecaoone/personal/.config/nvim/mason_packages/Linux/packages/lua-language-server/libexec/meta/LuaJIT%20en-us%20utf8/string/buffer.lua
[23:17:27.091][info] [#0:script/workspace/loading.lua:101]: Preload file at: file:///home/selecaoone/personal/.config/nvim/mason_packages/Linux/packages/lua-language-server/libexec/meta/LuaJIT%20en-us%20utf8/debug.lua , size = 7.310 KB
[23:17:27.100][info] [#0:script/workspace/loading.lua:113]: ++++As library of:	file:///home/selecaoone/personal/.config/nvim/mason_packages/Linux/packages/lua-language-server/libexec/meta/LuaJIT%20en-us%20utf8/debug.lua
[23:17:27.100][info] [#0:script/workspace/loading.lua:101]: Preload file at: file:///home/selecaoone/personal/.config/nvim/mason_packages/Linux/packages/lua-language-server/libexec/meta/LuaJIT%20en-us%20utf8/coroutine.lua , size = 2.541 KB
[23:17:27.103][info] [#0:script/workspace/loading.lua:113]: ++++As library of:	file:///home/selecaoone/personal/.config/nvim/mason_packages/Linux/packages/lua-language-server/libexec/meta/LuaJIT%20en-us%20utf8/coroutine.lua
[23:17:27.103][info] [#0:script/workspace/loading.lua:98]: Skip loaded file: file:///home/selecaoone/personal/.config/nvim/mason_packages/Linux/packages/lua-language-server/libexec/meta/LuaJIT%20en-us%20utf8/debug.lua
[23:17:27.103][info] [#0:script/workspace/loading.lua:98]: Skip loaded file: file:///home/selecaoone/personal/.config/nvim/mason_packages/Linux/packages/lua-language-server/libexec/meta/LuaJIT%20en-us%20utf8/coroutine.lua
[23:17:27.103][info] [#0:script/workspace/loading.lua:101]: Preload file at: file:///home/selecaoone/personal/.config/nvim/mason_packages/Linux/packages/lua-language-server/libexec/meta/LuaJIT%20en-us%20utf8/jit/util.lua , size = 1.984 KB
[23:17:27.107][info] [#0:script/workspace/loading.lua:113]: ++++As library of:	file:///home/selecaoone/personal/.config/nvim/mason_packages/Linux/packages/lua-language-server/libexec/meta/LuaJIT%20en-us%20utf8/jit/util.lua
[23:17:27.107][info] [#0:script/workspace/loading.lua:98]: Skip loaded file: file:///home/selecaoone/personal/.config/nvim/mason_packages/Linux/packages/lua-language-server/libexec/meta/LuaJIT%20en-us%20utf8/jit/util.lua
[23:17:27.108][info] [#0:script/workspace/loading.lua:101]: Preload file at: file:///home/selecaoone/personal/.config/nvim/mason_packages/Linux/packages/lua-language-server/libexec/meta/LuaJIT%20en-us%20utf8/jit.lua , size = 0.884 KB
[23:17:27.110][info] [#0:script/workspace/loading.lua:113]: ++++As library of:	file:///home/selecaoone/personal/.config/nvim/mason_packages/Linux/packages/lua-language-server/libexec/meta/LuaJIT%20en-us%20utf8/jit.lua
[23:17:27.110][info] [#0:script/workspace/loading.lua:98]: Skip loaded file: file:///home/selecaoone/personal/.config/nvim/mason_packages/Linux/packages/lua-language-server/libexec/meta/LuaJIT%20en-us%20utf8/jit.lua
[23:17:27.110][info] [#0:script/workspace/loading.lua:101]: Preload file at: file:///home/selecaoone/personal/.config/nvim/mason_packages/Linux/packages/lua-language-server/libexec/meta/LuaJIT%20en-us%20utf8/basic.lua , size = 14.989 KB
[23:17:27.125][info] [#0:script/workspace/loading.lua:113]: ++++As library of:	file:///home/selecaoone/personal/.config/nvim/mason_packages/Linux/packages/lua-language-server/libexec/meta/LuaJIT%20en-us%20utf8/basic.lua
[23:17:27.125][info] [#0:script/workspace/loading.lua:101]: Preload file at: file:///home/selecaoone/personal/.config/nvim/mason_packages/Linux/packages/lua-language-server/libexec/meta/LuaJIT%20en-us%20utf8/ffi.lua , size = 2.529 KB
[23:17:27.130][info] [#0:script/workspace/loading.lua:113]: ++++As library of:	file:///home/selecaoone/personal/.config/nvim/mason_packages/Linux/packages/lua-language-server/libexec/meta/LuaJIT%20en-us%20utf8/ffi.lua
[23:17:27.130][info] [#0:script/workspace/loading.lua:98]: Skip loaded file: file:///home/selecaoone/personal/.config/nvim/mason_packages/Linux/packages/lua-language-server/libexec/meta/LuaJIT%20en-us%20utf8/basic.lua
[23:17:27.130][info] [#0:script/workspace/loading.lua:101]: Preload file at: file:///home/selecaoone/personal/.config/nvim/mason_packages/Linux/packages/lua-language-server/libexec/meta/LuaJIT%20en-us%20utf8/table/clear.lua , size = 0.797 KB
[23:17:27.131][info] [#0:script/workspace/loading.lua:113]: ++++As library of:	file:///home/selecaoone/personal/.config/nvim/mason_packages/Linux/packages/lua-language-server/libexec/meta/LuaJIT%20en-us%20utf8/table/clear.lua
[23:17:27.131][info] [#0:script/workspace/loading.lua:98]: Skip loaded file: file:///home/selecaoone/personal/.config/nvim/mason_packages/Linux/packages/lua-language-server/libexec/meta/LuaJIT%20en-us%20utf8/ffi.lua
[23:17:27.131][info] [#0:script/workspace/loading.lua:98]: Skip loaded file: file:///home/selecaoone/personal/.config/nvim/mason_packages/Linux/packages/lua-language-server/libexec/meta/LuaJIT%20en-us%20utf8/table/clear.lua
[23:17:27.133][info] [#0:script/workspace/loading.lua:101]: Preload file at: file:///home/selecaoone/Downloads/squashfs-root/usr/share/nvim/runtime/autoload/ccomplete.lua , size = 26.345 KB
[23:17:27.159][info] [#0:script/workspace/loading.lua:113]: ++++As library of:	file:///home/selecaoone/Downloads/squashfs-root/usr/share/nvim/runtime
[23:17:27.159][info] [#0:script/workspace/loading.lua:98]: Skip loaded file: file:///home/selecaoone/Downloads/squashfs-root/usr/share/nvim/runtime/autoload/ccomplete.lua
[23:17:27.159][info] [#0:script/workspace/loading.lua:101]: Preload file at: file:///home/selecaoone/Downloads/squashfs-root/usr/share/nvim/runtime/filetype.lua , size = 1.613 KB
[23:17:27.161][info] [#0:script/workspace/loading.lua:113]: ++++As library of:	file:///home/selecaoone/Downloads/squashfs-root/usr/share/nvim/runtime
[23:17:27.161][info] [#0:script/workspace/loading.lua:98]: Skip loaded file: file:///home/selecaoone/Downloads/squashfs-root/usr/share/nvim/runtime/filetype.lua
[23:17:27.161][info] [#0:script/workspace/loading.lua:101]: Preload file at: file:///home/selecaoone/Downloads/squashfs-root/usr/share/nvim/runtime/ftplugin/c.lua , size = 0.031 KB
[23:17:27.162][info] [#0:script/workspace/loading.lua:113]: ++++As library of:	file:///home/selecaoone/Downloads/squashfs-root/usr/share/nvim/runtime
[23:17:27.162][info] [#0:script/workspace/loading.lua:98]: Skip loaded file: file:///home/selecaoone/Downloads/squashfs-root/usr/share/nvim/runtime/ftplugin/c.lua
[23:17:27.162][info] [#0:script/workspace/loading.lua:101]: Preload file at: file:///home/selecaoone/Downloads/squashfs-root/usr/share/nvim/runtime/ftplugin/calender.lua , size = 0.031 KB
[23:17:27.162][info] [#0:script/workspace/loading.lua:113]: ++++As library of:	file:///home/selecaoone/Downloads/squashfs-root/usr/share/nvim/runtime
[23:17:27.162][info] [#0:script/workspace/loading.lua:98]: Skip loaded file: file:///home/selecaoone/Downloads/squashfs-root/usr/share/nvim/runtime/ftplugin/calender.lua
[23:17:27.162][info] [#0:script/workspace/loading.lua:101]: Preload file at: file:///home/selecaoone/Downloads/squashfs-root/usr/share/nvim/runtime/ftplugin/cs.lua , size = 0.031 KB
[23:17:27.163][info] [#0:script/workspace/loading.lua:113]: ++++As library of:	file:///home/selecaoone/Downloads/squashfs-root/usr/share/nvim/runtime
[23:17:27.163][info] [#0:script/workspace/loading.lua:98]: Skip loaded file: file:///home/selecaoone/Downloads/squashfs-root/usr/share/nvim/runtime/ftplugin/cs.lua
[23:17:27.163][info] [#0:script/workspace/loading.lua:101]: Preload file at: file:///home/selecaoone/Downloads/squashfs-root/usr/share/nvim/runtime/ftplugin/css.lua , size = 0.031 KB
[23:17:27.167][info] [#0:script/workspace/loading.lua:113]: ++++As library of:	file:///home/selecaoone/Downloads/squashfs-root/usr/share/nvim/runtime
[23:17:27.167][info] [#0:script/workspace/loading.lua:98]: Skip loaded file: file:///home/selecaoone/Downloads/squashfs-root/usr/share/nvim/runtime/ftplugin/css.lua
[23:17:27.167][info] [#0:script/workspace/loading.lua:101]: Preload file at: file:///home/selecaoone/Downloads/squashfs-root/usr/share/nvim/runtime/ftplugin/d.lua , size = 0.031 KB
[23:17:27.168][info] [#0:script/workspace/loading.lua:113]: ++++As library of:	file:///home/selecaoone/Downloads/squashfs-root/usr/share/nvim/runtime
[23:17:27.168][info] [#0:script/workspace/loading.lua:98]: Skip loaded file: file:///home/selecaoone/Downloads/squashfs-root/usr/share/nvim/runtime/ftplugin/d.lua
[23:17:27.168][info] [#0:script/workspace/loading.lua:101]: Preload file at: file:///home/selecaoone/Downloads/squashfs-root/usr/share/nvim/runtime/ftplugin/indent.lua , size = 0.031 KB
[23:17:27.168][info] [#0:script/workspace/loading.lua:113]: ++++As library of:	file:///home/selecaoone/Downloads/squashfs-root/usr/share/nvim/runtime
[23:17:27.168][info] [#0:script/workspace/loading.lua:98]: Skip loaded file: file:///home/selecaoone/Downloads/squashfs-root/usr/share/nvim/runtime/ftplugin/indent.lua
[23:17:27.168][info] [#0:script/workspace/loading.lua:101]: Preload file at: file:///home/selecaoone/Downloads/squashfs-root/usr/share/nvim/runtime/ftplugin/query.lua , size = 0.146 KB
[23:17:27.169][info] [#0:script/workspace/loading.lua:113]: ++++As library of:	file:///home/selecaoone/Downloads/squashfs-root/usr/share/nvim/runtime
[23:17:27.169][info] [#0:script/workspace/loading.lua:98]: Skip loaded file: file:///home/selecaoone/Downloads/squashfs-root/usr/share/nvim/runtime/ftplugin/query.lua
[23:17:27.169][info] [#0:script/workspace/loading.lua:101]: Preload file at: file:///home/selecaoone/Downloads/squashfs-root/usr/share/nvim/runtime/ftplugin/xdefaults.lua , size = 0.031 KB
[23:17:27.169][info] [#0:script/workspace/loading.lua:113]: ++++As library of:	file:///home/selecaoone/Downloads/squashfs-root/usr/share/nvim/runtime
[23:17:27.169][info] [#0:script/workspace/loading.lua:98]: Skip loaded file: file:///home/selecaoone/Downloads/squashfs-root/usr/share/nvim/runtime/ftplugin/xdefaults.lua
[23:17:27.169][info] [#0:script/workspace/loading.lua:101]: Preload file at: file:///home/selecaoone/Downloads/squashfs-root/usr/share/nvim/runtime/indent/query.lua , size = 0.135 KB
[23:17:27.169][info] [#0:script/workspace/loading.lua:113]: ++++As library of:	file:///home/selecaoone/Downloads/squashfs-root/usr/share/nvim/runtime
[23:17:27.170][info] [#0:script/workspace/loading.lua:98]: Skip loaded file: file:///home/selecaoone/Downloads/squashfs-root/usr/share/nvim/runtime/indent/query.lua
[23:17:27.170][info] [#0:script/workspace/loading.lua:101]: Preload file at: file:///home/selecaoone/Downloads/squashfs-root/usr/share/nvim/runtime/lua/_vim9script.lua , size = 15.439 KB
[23:17:27.181][info] [#0:script/workspace/loading.lua:113]: ++++As library of:	file:///home/selecaoone/Downloads/squashfs-root/usr/share/nvim/runtime
[23:17:27.181][info] [#0:script/workspace/loading.lua:98]: Skip loaded file: file:///home/selecaoone/Downloads/squashfs-root/usr/share/nvim/runtime/lua/_vim9script.lua
[23:17:27.181][info] [#0:script/workspace/loading.lua:101]: Preload file at: file:///home/selecaoone/Downloads/squashfs-root/usr/share/nvim/runtime/lua/editorconfig.lua , size = 7.479 KB
[23:17:27.188][info] [#0:script/workspace/loading.lua:113]: ++++As library of:	file:///home/selecaoone/Downloads/squashfs-root/usr/share/nvim/runtime
[23:17:27.188][info] [#0:script/workspace/loading.lua:98]: Skip loaded file: file:///home/selecaoone/Downloads/squashfs-root/usr/share/nvim/runtime/lua/editorconfig.lua
[23:17:27.188][info] [#0:script/workspace/loading.lua:101]: Preload file at: file:///home/selecaoone/Downloads/squashfs-root/usr/share/nvim/runtime/lua/jit/bc.lua , size = 5.417 KB
[23:17:27.193][info] [#0:script/workspace/loading.lua:113]: ++++As library of:	file:///home/selecaoone/Downloads/squashfs-root/usr/share/nvim/runtime
[23:17:27.193][info] [#0:script/workspace/loading.lua:98]: Skip loaded file: file:///home/selecaoone/Downloads/squashfs-root/usr/share/nvim/runtime/lua/jit/bc.lua
[23:17:27.193][info] [#0:script/workspace/loading.lua:101]: Preload file at: file:///home/selecaoone/Downloads/squashfs-root/usr/share/nvim/runtime/lua/jit/bcsave.lua , size = 19.096 KB
[23:17:27.209][info] [#0:script/workspace/loading.lua:113]: ++++As library of:	file:///home/selecaoone/Downloads/squashfs-root/usr/share/nvim/runtime
[23:17:27.209][info] [#0:script/workspace/loading.lua:98]: Skip loaded file: file:///home/selecaoone/Downloads/squashfs-root/usr/share/nvim/runtime/lua/jit/bcsave.lua
[23:17:27.209][info] [#0:script/workspace/loading.lua:101]: Preload file at: file:///home/selecaoone/Downloads/squashfs-root/usr/share/nvim/runtime/lua/jit/dis_arm.lua , size = 18.891 KB
[23:17:27.226][info] [#0:script/workspace/loading.lua:113]: ++++As library of:	file:///home/selecaoone/Downloads/squashfs-root/usr/share/nvim/runtime
[23:17:27.226][info] [#0:script/workspace/loading.lua:98]: Skip loaded file: file:///home/selecaoone/Downloads/squashfs-root/usr/share/nvim/runtime/lua/jit/dis_arm.lua
[23:17:27.226][info] [#0:script/workspace/loading.lua:101]: Preload file at: file:///home/selecaoone/Downloads/squashfs-root/usr/share/nvim/runtime/lua/jit/dis_arm64.lua , size = 30.163 KB
[23:17:27.258][info] [#0:script/workspace/loading.lua:113]: ++++As library of:	file:///home/selecaoone/Downloads/squashfs-root/usr/share/nvim/runtime
[23:17:27.258][info] [#0:script/workspace/loading.lua:98]: Skip loaded file: file:///home/selecaoone/Downloads/squashfs-root/usr/share/nvim/runtime/lua/jit/dis_arm64.lua
[23:17:27.258][info] [#0:script/workspace/loading.lua:101]: Preload file at: file:///home/selecaoone/Downloads/squashfs-root/usr/share/nvim/runtime/lua/jit/dis_arm64be.lua , size = 0.604 KB
[23:17:27.259][info] [#0:script/workspace/loading.lua:113]: ++++As library of:	file:///home/selecaoone/Downloads/squashfs-root/usr/share/nvim/runtime
[23:17:27.259][info] [#0:script/workspace/loading.lua:98]: Skip loaded file: file:///home/selecaoone/Downloads/squashfs-root/usr/share/nvim/runtime/lua/jit/dis_arm64be.lua
[23:17:27.259][info] [#0:script/workspace/loading.lua:101]: Preload file at: file:///home/selecaoone/Downloads/squashfs-root/usr/share/nvim/runtime/lua/jit/dis_mips.lua , size = 21.494 KB
[23:17:27.276][info] [#0:script/workspace/loading.lua:113]: ++++As library of:	file:///home/selecaoone/Downloads/squashfs-root/usr/share/nvim/runtime
[23:17:27.276][info] [#0:script/workspace/loading.lua:98]: Skip loaded file: file:///home/selecaoone/Downloads/squashfs-root/usr/share/nvim/runtime/lua/jit/dis_mips.lua
[23:17:27.276][info] [#0:script/workspace/loading.lua:101]: Preload file at: file:///home/selecaoone/Downloads/squashfs-root/usr/share/nvim/runtime/lua/jit/dis_mips64.lua , size = 0.689 KB
[23:17:27.276][info] [#0:script/workspace/loading.lua:113]: ++++As library of:	file:///home/selecaoone/Downloads/squashfs-root/usr/share/nvim/runtime
[23:17:27.276][info] [#0:script/workspace/loading.lua:98]: Skip loaded file: file:///home/selecaoone/Downloads/squashfs-root/usr/share/nvim/runtime/lua/jit/dis_mips64.lua
[23:17:27.276][info] [#0:script/workspace/loading.lua:101]: Preload file at: file:///home/selecaoone/Downloads/squashfs-root/usr/share/nvim/runtime/lua/jit/dis_mips64el.lua , size = 0.700 KB
[23:17:27.277][info] [#0:script/workspace/loading.lua:113]: ++++As library of:	file:///home/selecaoone/Downloads/squashfs-root/usr/share/nvim/runtime
[23:17:27.277][info] [#0:script/workspace/loading.lua:98]: Skip loaded file: file:///home/selecaoone/Downloads/squashfs-root/usr/share/nvim/runtime/lua/jit/dis_mips64el.lua
[23:17:27.277][info] [#0:script/workspace/loading.lua:101]: Preload file at: file:///home/selecaoone/Downloads/squashfs-root/usr/share/nvim/runtime/lua/jit/dis_mips64r6.lua , size = 0.700 KB
[23:17:27.278][info] [#0:script/workspace/loading.lua:113]: ++++As library of:	file:///home/selecaoone/Downloads/squashfs-root/usr/share/nvim/runtime
[23:17:27.278][info] [#0:script/workspace/loading.lua:98]: Skip loaded file: file:///home/selecaoone/Downloads/squashfs-root/usr/share/nvim/runtime/lua/jit/dis_mips64r6.lua
[23:17:27.278][info] [#0:script/workspace/loading.lua:101]: Preload file at: file:///home/selecaoone/Downloads/squashfs-root/usr/share/nvim/runtime/lua/jit/dis_mips64r6el.lua , size = 0.711 KB
[23:17:27.279][info] [#0:script/workspace/loading.lua:113]: ++++As library of:	file:///home/selecaoone/Downloads/squashfs-root/usr/share/nvim/runtime
[23:17:27.279][info] [#0:script/workspace/loading.lua:98]: Skip loaded file: file:///home/selecaoone/Downloads/squashfs-root/usr/share/nvim/runtime/lua/jit/dis_mips64r6el.lua
[23:17:27.279][info] [#0:script/workspace/loading.lua:101]: Preload file at: file:///home/selecaoone/Downloads/squashfs-root/usr/share/nvim/runtime/lua/jit/dis_mipsel.lua , size = 0.698 KB
[23:17:27.279][info] [#0:script/workspace/loading.lua:113]: ++++As library of:	file:///home/selecaoone/Downloads/squashfs-root/usr/share/nvim/runtime
[23:17:27.279][info] [#0:script/workspace/loading.lua:98]: Skip loaded file: file:///home/selecaoone/Downloads/squashfs-root/usr/share/nvim/runtime/lua/jit/dis_mipsel.lua
[23:17:27.279][info] [#0:script/workspace/loading.lua:101]: Preload file at: file:///home/selecaoone/Downloads/squashfs-root/usr/share/nvim/runtime/lua/jit/dis_ppc.lua , size = 19.825 KB
[23:17:27.295][info] [#0:script/workspace/loading.lua:113]: ++++As library of:	file:///home/selecaoone/Downloads/squashfs-root/usr/share/nvim/runtime
[23:17:27.295][info] [#0:script/workspace/loading.lua:98]: Skip loaded file: file:///home/selecaoone/Downloads/squashfs-root/usr/share/nvim/runtime/lua/jit/dis_ppc.lua
[23:17:27.295][info] [#0:script/workspace/loading.lua:101]: Preload file at: file:///home/selecaoone/Downloads/squashfs-root/usr/share/nvim/runtime/lua/jit/dis_x64.lua , size = 0.695 KB
[23:17:27.296][info] [#0:script/workspace/loading.lua:113]: ++++As library of:	file:///home/selecaoone/Downloads/squashfs-root/usr/share/nvim/runtime
[23:17:27.296][info] [#0:script/workspace/loading.lua:98]: Skip loaded file: file:///home/selecaoone/Downloads/squashfs-root/usr/share/nvim/runtime/lua/jit/dis_x64.lua
[23:17:27.296][info] [#0:script/workspace/loading.lua:101]: Preload file at: file:///home/selecaoone/Downloads/squashfs-root/usr/share/nvim/runtime/lua/jit/dis_x86.lua , size = 33.033 KB
[23:17:27.323][info] [#0:script/workspace/loading.lua:113]: ++++As library of:	file:///home/selecaoone/Downloads/squashfs-root/usr/share/nvim/runtime
[23:17:27.323][info] [#0:script/workspace/loading.lua:98]: Skip loaded file: file:///home/selecaoone/Downloads/squashfs-root/usr/share/nvim/runtime/lua/jit/dis_x86.lua
[23:17:27.323][info] [#0:script/workspace/loading.lua:101]: Preload file at: file:///home/selecaoone/Downloads/squashfs-root/usr/share/nvim/runtime/lua/jit/dump.lua , size = 20.130 KB
[23:17:27.351][info] [#0:script/workspace/loading.lua:113]: ++++As library of:	file:///home/selecaoone/Downloads/squashfs-root/usr/share/nvim/runtime
[23:17:27.351][info] [#0:script/workspace/loading.lua:98]: Skip loaded file: file:///home/selecaoone/Downloads/squashfs-root/usr/share/nvim/runtime/lua/jit/dump.lua
[23:17:27.351][info] [#0:script/workspace/loading.lua:101]: Preload file at: file:///home/selecaoone/Downloads/squashfs-root/usr/share/nvim/runtime/lua/jit/p.lua , size = 8.891 KB
[23:17:27.358][info] [#0:script/workspace/loading.lua:113]: ++++As library of:	file:///home/selecaoone/Downloads/squashfs-root/usr/share/nvim/runtime
[23:17:27.358][info] [#0:script/workspace/loading.lua:98]: Skip loaded file: file:///home/selecaoone/Downloads/squashfs-root/usr/share/nvim/runtime/lua/jit/p.lua
[23:17:27.358][info] [#0:script/workspace/loading.lua:101]: Preload file at: file:///home/selecaoone/Downloads/squashfs-root/usr/share/nvim/runtime/lua/jit/v.lua , size = 5.576 KB
[23:17:27.362][info] [#0:script/workspace/loading.lua:113]: ++++As library of:	file:///home/selecaoone/Downloads/squashfs-root/usr/share/nvim/runtime
[23:17:27.362][info] [#0:script/workspace/loading.lua:98]: Skip loaded file: file:///home/selecaoone/Downloads/squashfs-root/usr/share/nvim/runtime/lua/jit/v.lua
[23:17:27.362][info] [#0:script/workspace/loading.lua:101]: Preload file at: file:///home/selecaoone/Downloads/squashfs-root/usr/share/nvim/runtime/lua/jit/vmdef.lua , size = 7.920 KB
[23:17:27.365][info] [#0:script/workspace/loading.lua:113]: ++++As library of:	file:///home/selecaoone/Downloads/squashfs-root/usr/share/nvim/runtime
[23:17:27.365][info] [#0:script/workspace/loading.lua:98]: Skip loaded file: file:///home/selecaoone/Downloads/squashfs-root/usr/share/nvim/runtime/lua/jit/vmdef.lua
[23:17:27.365][info] [#0:script/workspace/loading.lua:101]: Preload file at: file:///home/selecaoone/Downloads/squashfs-root/usr/share/nvim/runtime/lua/jit/zone.lua , size = 0.979 KB
[23:17:27.366][info] [#0:script/workspace/loading.lua:113]: ++++As library of:	file:///home/selecaoone/Downloads/squashfs-root/usr/share/nvim/runtime
[23:17:27.366][info] [#0:script/workspace/loading.lua:98]: Skip loaded file: file:///home/selecaoone/Downloads/squashfs-root/usr/share/nvim/runtime/lua/jit/zone.lua
[23:17:27.366][info] [#0:script/workspace/loading.lua:101]: Preload file at: file:///home/selecaoone/Downloads/squashfs-root/usr/share/nvim/runtime/lua/man.lua , size = 25.082 KB
[23:17:27.385][info] [#0:script/workspace/loading.lua:113]: ++++As library of:	file:///home/selecaoone/Downloads/squashfs-root/usr/share/nvim/runtime
[23:17:27.385][info] [#0:script/workspace/loading.lua:98]: Skip loaded file: file:///home/selecaoone/Downloads/squashfs-root/usr/share/nvim/runtime/lua/man.lua
[23:17:27.385][info] [#0:script/workspace/loading.lua:101]: Preload file at: file:///home/selecaoone/Downloads/squashfs-root/usr/share/nvim/runtime/lua/nvim/health.lua , size = 12.706 KB
[23:17:27.393][info] [#0:script/workspace/loading.lua:113]: ++++As library of:	file:///home/selecaoone/Downloads/squashfs-root/usr/share/nvim/runtime
[23:17:27.394][info] [#0:script/workspace/loading.lua:98]: Skip loaded file: file:///home/selecaoone/Downloads/squashfs-root/usr/share/nvim/runtime/lua/nvim/health.lua
[23:17:27.394][info] [#0:script/workspace/loading.lua:101]: Preload file at: file:///home/selecaoone/Downloads/squashfs-root/usr/share/nvim/runtime/lua/vim/F.lua , size = 0.824 KB
[23:17:27.395][info] [#0:script/workspace/loading.lua:113]: ++++As library of:	file:///home/selecaoone/Downloads/squashfs-root/usr/share/nvim/runtime
[23:17:27.395][info] [#0:script/workspace/loading.lua:98]: Skip loaded file: file:///home/selecaoone/Downloads/squashfs-root/usr/share/nvim/runtime/lua/vim/F.lua
[23:17:27.395][info] [#0:script/workspace/loading.lua:101]: Preload file at: file:///home/selecaoone/Downloads/squashfs-root/usr/share/nvim/runtime/lua/vim/_editor.lua , size = 29.364 KB
[23:17:27.416][info] [#0:script/workspace/loading.lua:113]: ++++As library of:	file:///home/selecaoone/Downloads/squashfs-root/usr/share/nvim/runtime
[23:17:27.417][info] [#0:script/workspace/loading.lua:98]: Skip loaded file: file:///home/selecaoone/Downloads/squashfs-root/usr/share/nvim/runtime/lua/vim/_editor.lua
[23:17:27.417][info] [#0:script/workspace/loading.lua:101]: Preload file at: file:///home/selecaoone/Downloads/squashfs-root/usr/share/nvim/runtime/lua/vim/_init_packages.lua , size = 2.773 KB
[23:17:27.419][info] [#0:script/workspace/loading.lua:113]: ++++As library of:	file:///home/selecaoone/Downloads/squashfs-root/usr/share/nvim/runtime
[23:17:27.419][info] [#0:script/workspace/loading.lua:98]: Skip loaded file: file:///home/selecaoone/Downloads/squashfs-root/usr/share/nvim/runtime/lua/vim/_init_packages.lua
[23:17:27.419][info] [#0:script/workspace/loading.lua:101]: Preload file at: file:///home/selecaoone/Downloads/squashfs-root/usr/share/nvim/runtime/lua/vim/_inspector.lua , size = 7.915 KB
[23:17:27.426][info] [#0:script/workspace/loading.lua:113]: ++++As library of:	file:///home/selecaoone/Downloads/squashfs-root/usr/share/nvim/runtime
[23:17:27.426][info] [#0:script/workspace/loading.lua:98]: Skip loaded file: file:///home/selecaoone/Downloads/squashfs-root/usr/share/nvim/runtime/lua/vim/_inspector.lua
[23:17:27.426][info] [#0:script/workspace/loading.lua:101]: Preload file at: file:///home/selecaoone/Downloads/squashfs-root/usr/share/nvim/runtime/lua/vim/_options.lua , size = 12.261 KB
[23:17:27.436][info] [#0:script/workspace/loading.lua:113]: ++++As library of:	file:///home/selecaoone/Downloads/squashfs-root/usr/share/nvim/runtime
[23:17:27.436][info] [#0:script/workspace/loading.lua:98]: Skip loaded file: file:///home/selecaoone/Downloads/squashfs-root/usr/share/nvim/runtime/lua/vim/_options.lua
[23:17:27.436][info] [#0:script/workspace/loading.lua:101]: Preload file at: file:///home/selecaoone/Downloads/squashfs-root/usr/share/nvim/runtime/lua/vim/_watch.lua , size = 5.387 KB
[23:17:27.441][info] [#0:script/workspace/loading.lua:113]: ++++As library of:	file:///home/selecaoone/Downloads/squashfs-root/usr/share/nvim/runtime
[23:17:27.441][info] [#0:script/workspace/loading.lua:98]: Skip loaded file: file:///home/selecaoone/Downloads/squashfs-root/usr/share/nvim/runtime/lua/vim/_watch.lua
[23:17:27.441][info] [#0:script/workspace/loading.lua:101]: Preload file at: file:///home/selecaoone/Downloads/squashfs-root/usr/share/nvim/runtime/lua/vim/diagnostic.lua , size = 56.640 KB
[23:17:27.479][info] [#0:script/workspace/loading.lua:113]: ++++As library of:	file:///home/selecaoone/Downloads/squashfs-root/usr/share/nvim/runtime
[23:17:27.479][info] [#0:script/workspace/loading.lua:98]: Skip loaded file: file:///home/selecaoone/Downloads/squashfs-root/usr/share/nvim/runtime/lua/vim/diagnostic.lua
[23:17:27.480][info] [#0:script/workspace/loading.lua:101]: Preload file at: file:///home/selecaoone/Downloads/squashfs-root/usr/share/nvim/runtime/lua/vim/filetype/detect.lua , size = 47.659 KB
[23:17:27.530][info] [#0:script/workspace/loading.lua:113]: ++++As library of:	file:///home/selecaoone/Downloads/squashfs-root/usr/share/nvim/runtime
[23:17:27.531][info] [#0:script/workspace/loading.lua:98]: Skip loaded file: file:///home/selecaoone/Downloads/squashfs-root/usr/share/nvim/runtime/lua/vim/filetype/detect.lua
[23:17:27.531][info] [#0:script/workspace/loading.lua:101]: Preload file at: file:///home/selecaoone/Downloads/squashfs-root/usr/share/nvim/runtime/lua/vim/filetype/options.lua , size = 2.561 KB
[23:17:27.533][info] [#0:script/workspace/loading.lua:113]: ++++As library of:	file:///home/selecaoone/Downloads/squashfs-root/usr/share/nvim/runtime
[23:17:27.533][info] [#0:script/workspace/loading.lua:98]: Skip loaded file: file:///home/selecaoone/Downloads/squashfs-root/usr/share/nvim/runtime/lua/vim/filetype/options.lua
[23:17:27.533][info] [#0:script/workspace/loading.lua:101]: Preload file at: file:///home/selecaoone/Downloads/squashfs-root/usr/share/nvim/runtime/lua/vim/filetype.lua , size = 74.400 KB
[23:17:27.585][info] [#0:script/workspace/loading.lua:113]: ++++As library of:	file:///home/selecaoone/Downloads/squashfs-root/usr/share/nvim/runtime
[23:17:27.585][info] [#0:script/workspace/loading.lua:98]: Skip loaded file: file:///home/selecaoone/Downloads/squashfs-root/usr/share/nvim/runtime/lua/vim/filetype.lua
[23:17:27.585][info] [#0:script/workspace/loading.lua:101]: Preload file at: file:///home/selecaoone/Downloads/squashfs-root/usr/share/nvim/runtime/lua/vim/fs.lua , size = 10.702 KB
[23:17:27.593][info] [#0:script/workspace/loading.lua:113]: ++++As library of:	file:///home/selecaoone/Downloads/squashfs-root/usr/share/nvim/runtime
[23:17:27.594][info] [#0:script/workspace/loading.lua:98]: Skip loaded file: file:///home/selecaoone/Downloads/squashfs-root/usr/share/nvim/runtime/lua/vim/fs.lua
[23:17:27.594][info] [#0:script/workspace/loading.lua:101]: Preload file at: file:///home/selecaoone/Downloads/squashfs-root/usr/share/nvim/runtime/lua/vim/health.lua , size = 1.782 KB
[23:17:27.596][info] [#0:script/workspace/loading.lua:113]: ++++As library of:	file:///home/selecaoone/Downloads/squashfs-root/usr/share/nvim/runtime
[23:17:27.596][info] [#0:script/workspace/loading.lua:98]: Skip loaded file: file:///home/selecaoone/Downloads/squashfs-root/usr/share/nvim/runtime/lua/vim/health.lua
[23:17:27.596][info] [#0:script/workspace/loading.lua:101]: Preload file at: file:///home/selecaoone/Downloads/squashfs-root/usr/share/nvim/runtime/lua/vim/highlight.lua , size = 3.749 KB
[23:17:27.599][info] [#0:script/workspace/loading.lua:113]: ++++As library of:	file:///home/selecaoone/Downloads/squashfs-root/usr/share/nvim/runtime
[23:17:27.599][info] [#0:script/workspace/loading.lua:98]: Skip loaded file: file:///home/selecaoone/Downloads/squashfs-root/usr/share/nvim/runtime/lua/vim/highlight.lua
[23:17:27.599][info] [#0:script/workspace/loading.lua:101]: Preload file at: file:///home/selecaoone/Downloads/squashfs-root/usr/share/nvim/runtime/lua/vim/inspect.lua , size = 8.864 KB
[23:17:27.607][info] [#0:script/workspace/loading.lua:113]: ++++As library of:	file:///home/selecaoone/Downloads/squashfs-root/usr/share/nvim/runtime
[23:17:27.607][info] [#0:script/workspace/loading.lua:98]: Skip loaded file: file:///home/selecaoone/Downloads/squashfs-root/usr/share/nvim/runtime/lua/vim/inspect.lua
[23:17:27.607][info] [#0:script/workspace/loading.lua:101]: Preload file at: file:///home/selecaoone/Downloads/squashfs-root/usr/share/nvim/runtime/lua/vim/keymap.lua , size = 3.573 KB
[23:17:27.610][info] [#0:script/workspace/loading.lua:113]: ++++As library of:	file:///home/selecaoone/Downloads/squashfs-root/usr/share/nvim/runtime
[23:17:27.610][info] [#0:script/workspace/loading.lua:98]: Skip loaded file: file:///home/selecaoone/Downloads/squashfs-root/usr/share/nvim/runtime/lua/vim/keymap.lua
[23:17:27.610][info] [#0:script/workspace/loading.lua:101]: Preload file at: file:///home/selecaoone/Downloads/squashfs-root/usr/share/nvim/runtime/lua/vim/loader.lua , size = 16.182 KB
[23:17:27.625][info] [#0:script/workspace/loading.lua:113]: ++++As library of:	file:///home/selecaoone/Downloads/squashfs-root/usr/share/nvim/runtime
[23:17:27.625][info] [#0:script/workspace/loading.lua:98]: Skip loaded file: file:///home/selecaoone/Downloads/squashfs-root/usr/share/nvim/runtime/lua/vim/loader.lua
[23:17:27.625][info] [#0:script/workspace/loading.lua:101]: Preload file at: file:///home/selecaoone/Downloads/squashfs-root/usr/share/nvim/runtime/lua/vim/lsp/_snippet.lua , size = 10.744 KB
[23:17:27.636][info] [#0:script/workspace/loading.lua:113]: ++++As library of:	file:///home/selecaoone/Downloads/squashfs-root/usr/share/nvim/runtime
[23:17:27.636][info] [#0:script/workspace/loading.lua:98]: Skip loaded file: file:///home/selecaoone/Downloads/squashfs-root/usr/share/nvim/runtime/lua/vim/lsp/_snippet.lua
[23:17:27.636][info] [#0:script/workspace/loading.lua:101]: Preload file at: file:///home/selecaoone/Downloads/squashfs-root/usr/share/nvim/runtime/lua/vim/lsp/_watchfiles.lua , size = 9.692 KB
[23:17:27.644][info] [#0:script/workspace/loading.lua:113]: ++++As library of:	file:///home/selecaoone/Downloads/squashfs-root/usr/share/nvim/runtime
[23:17:27.644][info] [#0:script/workspace/loading.lua:98]: Skip loaded file: file:///home/selecaoone/Downloads/squashfs-root/usr/share/nvim/runtime/lua/vim/lsp/_watchfiles.lua
[23:17:27.644][info] [#0:script/workspace/loading.lua:101]: Preload file at: file:///home/selecaoone/Downloads/squashfs-root/usr/share/nvim/runtime/lua/vim/lsp/buf.lua , size = 27.969 KB
[23:17:27.661][info] [#0:script/workspace/loading.lua:113]: ++++As library of:	file:///home/selecaoone/Downloads/squashfs-root/usr/share/nvim/runtime
[23:17:27.661][info] [#0:script/workspace/loading.lua:98]: Skip loaded file: file:///home/selecaoone/Downloads/squashfs-root/usr/share/nvim/runtime/lua/vim/lsp/buf.lua
[23:17:27.662][info] [#0:script/workspace/loading.lua:101]: Preload file at: file:///home/selecaoone/Downloads/squashfs-root/usr/share/nvim/runtime/lua/vim/lsp/codelens.lua , size = 8.554 KB
[23:17:27.669][info] [#0:script/workspace/loading.lua:113]: ++++As library of:	file:///home/selecaoone/Downloads/squashfs-root/usr/share/nvim/runtime
[23:17:27.669][info] [#0:script/workspace/loading.lua:98]: Skip loaded file: file:///home/selecaoone/Downloads/squashfs-root/usr/share/nvim/runtime/lua/vim/lsp/codelens.lua
[23:17:27.669][info] [#0:script/workspace/loading.lua:101]: Preload file at: file:///home/selecaoone/Downloads/squashfs-root/usr/share/nvim/runtime/lua/vim/lsp/diagnostic.lua , size = 8.867 KB
[23:17:27.676][info] [#0:script/workspace/loading.lua:113]: ++++As library of:	file:///home/selecaoone/Downloads/squashfs-root/usr/share/nvim/runtime
[23:17:27.676][info] [#0:script/workspace/loading.lua:98]: Skip loaded file: file:///home/selecaoone/Downloads/squashfs-root/usr/share/nvim/runtime/lua/vim/lsp/diagnostic.lua
[23:17:27.676][info] [#0:script/workspace/loading.lua:101]: Preload file at: file:///home/selecaoone/Downloads/squashfs-root/usr/share/nvim/runtime/lua/vim/lsp/handlers.lua , size = 23.587 KB
[23:17:27.692][info] [#0:script/workspace/loading.lua:113]: ++++As library of:	file:///home/selecaoone/Downloads/squashfs-root/usr/share/nvim/runtime
[23:17:27.692][info] [#0:script/workspace/loading.lua:98]: Skip loaded file: file:///home/selecaoone/Downloads/squashfs-root/usr/share/nvim/runtime/lua/vim/lsp/handlers.lua
[23:17:27.692][info] [#0:script/workspace/loading.lua:101]: Preload file at: file:///home/selecaoone/Downloads/squashfs-root/usr/share/nvim/runtime/lua/vim/lsp/health.lua , size = 1.240 KB
[23:17:27.693][info] [#0:script/workspace/loading.lua:113]: ++++As library of:	file:///home/selecaoone/Downloads/squashfs-root/usr/share/nvim/runtime
[23:17:27.693][info] [#0:script/workspace/loading.lua:98]: Skip loaded file: file:///home/selecaoone/Downloads/squashfs-root/usr/share/nvim/runtime/lua/vim/lsp/health.lua
[23:17:27.693][info] [#0:script/workspace/loading.lua:101]: Preload file at: file:///home/selecaoone/Downloads/squashfs-root/usr/share/nvim/runtime/lua/vim/lsp/log.lua , size = 5.151 KB
[23:17:27.698][info] [#0:script/workspace/loading.lua:113]: ++++As library of:	file:///home/selecaoone/Downloads/squashfs-root/usr/share/nvim/runtime
[23:17:27.698][info] [#0:script/workspace/loading.lua:98]: Skip loaded file: file:///home/selecaoone/Downloads/squashfs-root/usr/share/nvim/runtime/lua/vim/lsp/log.lua
[23:17:27.698][info] [#0:script/workspace/loading.lua:101]: Preload file at: file:///home/selecaoone/Downloads/squashfs-root/usr/share/nvim/runtime/lua/vim/lsp/protocol.lua , size = 28.367 KB
[23:17:27.706][info] [#0:script/workspace/loading.lua:113]: ++++As library of:	file:///home/selecaoone/Downloads/squashfs-root/usr/share/nvim/runtime
[23:17:27.706][info] [#0:script/workspace/loading.lua:98]: Skip loaded file: file:///home/selecaoone/Downloads/squashfs-root/usr/share/nvim/runtime/lua/vim/lsp/protocol.lua
[23:17:27.707][info] [#0:script/workspace/loading.lua:101]: Preload file at: file:///home/selecaoone/Downloads/squashfs-root/usr/share/nvim/runtime/lua/vim/lsp/rpc.lua , size = 23.695 KB
[23:17:27.724][info] [#0:script/workspace/loading.lua:113]: ++++As library of:	file:///home/selecaoone/Downloads/squashfs-root/usr/share/nvim/runtime
[23:17:27.724][info] [#0:script/workspace/loading.lua:98]: Skip loaded file: file:///home/selecaoone/Downloads/squashfs-root/usr/share/nvim/runtime/lua/vim/lsp/rpc.lua
[23:17:27.724][info] [#0:script/workspace/loading.lua:101]: Preload file at: file:///home/selecaoone/Downloads/squashfs-root/usr/share/nvim/runtime/lua/vim/lsp/semantic_tokens.lua , size = 25.936 KB
[23:17:27.779][info] [#0:script/workspace/loading.lua:113]: ++++As library of:	file:///home/selecaoone/Downloads/squashfs-root/usr/share/nvim/runtime
[23:17:27.779][info] [#0:script/workspace/loading.lua:101]: Preload file at: file:///home/selecaoone/Downloads/squashfs-root/usr/share/nvim/runtime/lua/vim/lsp/sync.lua , size = 15.681 KB
[23:17:27.788][info] [#0:script/workspace/loading.lua:113]: ++++As library of:	file:///home/selecaoone/Downloads/squashfs-root/usr/share/nvim/runtime
[23:17:27.788][info] [#0:script/workspace/loading.lua:98]: Skip loaded file: file:///home/selecaoone/Downloads/squashfs-root/usr/share/nvim/runtime/lua/vim/lsp/semantic_tokens.lua
[23:17:27.788][info] [#0:script/workspace/loading.lua:98]: Skip loaded file: file:///home/selecaoone/Downloads/squashfs-root/usr/share/nvim/runtime/lua/vim/lsp/sync.lua
[23:17:27.788][info] [#0:script/workspace/loading.lua:101]: Preload file at: file:///home/selecaoone/Downloads/squashfs-root/usr/share/nvim/runtime/lua/vim/lsp/tagfunc.lua , size = 2.339 KB
[23:17:27.790][info] [#0:script/workspace/loading.lua:113]: ++++As library of:	file:///home/selecaoone/Downloads/squashfs-root/usr/share/nvim/runtime
[23:17:27.790][info] [#0:script/workspace/loading.lua:98]: Skip loaded file: file:///home/selecaoone/Downloads/squashfs-root/usr/share/nvim/runtime/lua/vim/lsp/tagfunc.lua
[23:17:27.790][info] [#0:script/workspace/loading.lua:101]: Preload file at: file:///home/selecaoone/Downloads/squashfs-root/usr/share/nvim/runtime/lua/vim/lsp/types.lua , size = 0.924 KB
[23:17:27.791][info] [#0:script/workspace/loading.lua:113]: ++++As library of:	file:///home/selecaoone/Downloads/squashfs-root/usr/share/nvim/runtime
[23:17:27.791][info] [#0:script/workspace/loading.lua:98]: Skip loaded file: file:///home/selecaoone/Downloads/squashfs-root/usr/share/nvim/runtime/lua/vim/lsp/types.lua
[23:17:27.792][info] [#0:script/workspace/loading.lua:101]: Preload file at: file:///home/selecaoone/Downloads/squashfs-root/usr/share/nvim/runtime/lua/vim/lsp/util.lua , size = 70.764 KB
[23:17:27.839][info] [#0:script/workspace/loading.lua:113]: ++++As library of:	file:///home/selecaoone/Downloads/squashfs-root/usr/share/nvim/runtime
[23:17:27.839][info] [#0:script/workspace/loading.lua:98]: Skip loaded file: file:///home/selecaoone/Downloads/squashfs-root/usr/share/nvim/runtime/lua/vim/lsp/util.lua
[23:17:27.839][info] [#0:script/workspace/loading.lua:101]: Preload file at: file:///home/selecaoone/Downloads/squashfs-root/usr/share/nvim/runtime/lua/vim/lsp.lua , size = 82.377 KB
[23:17:27.887][info] [#0:script/workspace/loading.lua:113]: ++++As library of:	file:///home/selecaoone/Downloads/squashfs-root/usr/share/nvim/runtime
[23:17:27.887][info] [#0:script/workspace/loading.lua:89]: Skip loaded file: file:///home/selecaoone/Downloads/squashfs-root/usr/share/nvim/runtime/lua/vim/lsp.lua
[23:17:27.887][info] [#0:script/workspace/loading.lua:113]: ++++As library of:	file:///home/selecaoone/Downloads/squashfs-root/usr/share/nvim/runtime
[23:17:27.889][info] [#0:script/workspace/loading.lua:89]: Skip loaded file: file:///home/selecaoone/personal/.config/nvim/bundle/assembly-explorer.nvim/lua/assembly-explorer/_core/viewer_utilities/highlighter.lua
[23:17:27.989][info] [#0:script/workspace/loading.lua:101]: Preload file at: file:///home/selecaoone/Downloads/squashfs-root/usr/share/nvim/runtime/lua/vim/secure.lua , size = 4.830 KB
[23:17:27.999][info] [#0:script/workspace/loading.lua:113]: ++++As library of:	file:///home/selecaoone/Downloads/squashfs-root/usr/share/nvim/runtime
[23:17:27.999][info] [#0:script/workspace/loading.lua:98]: Skip loaded file: file:///home/selecaoone/Downloads/squashfs-root/usr/share/nvim/runtime/lua/vim/secure.lua
[23:17:27.999][info] [#0:script/workspace/loading.lua:101]: Preload file at: file:///home/selecaoone/Downloads/squashfs-root/usr/share/nvim/runtime/lua/vim/shared.lua , size = 22.292 KB
[23:17:28.032][info] [#0:script/workspace/loading.lua:113]: ++++As library of:	file:///home/selecaoone/Downloads/squashfs-root/usr/share/nvim/runtime
[23:17:28.032][info] [#0:script/workspace/loading.lua:98]: Skip loaded file: file:///home/selecaoone/Downloads/squashfs-root/usr/share/nvim/runtime/lua/vim/shared.lua
[23:17:28.032][info] [#0:script/workspace/loading.lua:101]: Preload file at: file:///home/selecaoone/Downloads/squashfs-root/usr/share/nvim/runtime/lua/vim/treesitter/_fold.lua , size = 8.207 KB
[23:17:28.044][info] [#0:script/workspace/loading.lua:113]: ++++As library of:	file:///home/selecaoone/Downloads/squashfs-root/usr/share/nvim/runtime
[23:17:28.045][info] [#0:script/workspace/loading.lua:98]: Skip loaded file: file:///home/selecaoone/Downloads/squashfs-root/usr/share/nvim/runtime/lua/vim/treesitter/_fold.lua
[23:17:28.045][info] [#0:script/workspace/loading.lua:101]: Preload file at: file:///home/selecaoone/Downloads/squashfs-root/usr/share/nvim/runtime/lua/vim/treesitter/_meta.lua , size = 2.839 KB
[23:17:28.051][info] [#0:script/workspace/loading.lua:113]: ++++As library of:	file:///home/selecaoone/Downloads/squashfs-root/usr/share/nvim/runtime
[23:17:28.051][info] [#0:script/workspace/loading.lua:98]: Skip loaded file: file:///home/selecaoone/Downloads/squashfs-root/usr/share/nvim/runtime/lua/vim/treesitter/_meta.lua
[23:17:28.051][info] [#0:script/workspace/loading.lua:101]: Preload file at: file:///home/selecaoone/Downloads/squashfs-root/usr/share/nvim/runtime/lua/vim/treesitter/_range.lua , size = 3.646 KB
[23:17:28.058][info] [#0:script/workspace/loading.lua:113]: ++++As library of:	file:///home/selecaoone/Downloads/squashfs-root/usr/share/nvim/runtime
[23:17:28.058][info] [#0:script/workspace/loading.lua:98]: Skip loaded file: file:///home/selecaoone/Downloads/squashfs-root/usr/share/nvim/runtime/lua/vim/treesitter/_range.lua
[23:17:28.058][info] [#0:script/workspace/loading.lua:101]: Preload file at: file:///home/selecaoone/Downloads/squashfs-root/usr/share/nvim/runtime/lua/vim/treesitter/health.lua , size = 0.888 KB
[23:17:28.060][info] [#0:script/workspace/loading.lua:113]: ++++As library of:	file:///home/selecaoone/Downloads/squashfs-root/usr/share/nvim/runtime
[23:17:28.060][info] [#0:script/workspace/loading.lua:98]: Skip loaded file: file:///home/selecaoone/Downloads/squashfs-root/usr/share/nvim/runtime/lua/vim/treesitter/health.lua
[23:17:28.060][info] [#0:script/workspace/loading.lua:101]: Preload file at: file:///home/selecaoone/Downloads/squashfs-root/usr/share/nvim/runtime/lua/vim/treesitter/highlighter.lua , size = 8.781 KB
[23:17:28.072][info] [#0:script/workspace/loading.lua:113]: ++++As library of:	file:///home/selecaoone/Downloads/squashfs-root/usr/share/nvim/runtime
[23:17:28.072][info] [#0:script/workspace/loading.lua:98]: Skip loaded file: file:///home/selecaoone/Downloads/squashfs-root/usr/share/nvim/runtime/lua/vim/treesitter/highlighter.lua
[23:17:28.072][info] [#0:script/workspace/loading.lua:101]: Preload file at: file:///home/selecaoone/Downloads/squashfs-root/usr/share/nvim/runtime/lua/vim/treesitter/language.lua , size = 3.558 KB
[23:17:28.077][info] [#0:script/workspace/loading.lua:113]: ++++As library of:	file:///home/selecaoone/Downloads/squashfs-root/usr/share/nvim/runtime
[23:17:28.077][info] [#0:script/workspace/loading.lua:98]: Skip loaded file: file:///home/selecaoone/Downloads/squashfs-root/usr/share/nvim/runtime/lua/vim/treesitter/language.lua
[23:17:28.077][info] [#0:script/workspace/loading.lua:101]: Preload file at: file:///home/selecaoone/Downloads/squashfs-root/usr/share/nvim/runtime/lua/vim/treesitter/languagetree.lua , size = 27.647 KB
[23:17:28.105][info] [#0:script/workspace/loading.lua:113]: ++++As library of:	file:///home/selecaoone/Downloads/squashfs-root/usr/share/nvim/runtime
[23:17:28.105][info] [#0:script/workspace/loading.lua:98]: Skip loaded file: file:///home/selecaoone/Downloads/squashfs-root/usr/share/nvim/runtime/lua/vim/treesitter/languagetree.lua
[23:17:28.105][info] [#0:script/workspace/loading.lua:101]: Preload file at: file:///home/selecaoone/Downloads/squashfs-root/usr/share/nvim/runtime/lua/vim/treesitter/playground.lua , size = 12.562 KB
[23:17:28.118][info] [#0:script/workspace/loading.lua:113]: ++++As library of:	file:///home/selecaoone/Downloads/squashfs-root/usr/share/nvim/runtime
[23:17:28.118][info] [#0:script/workspace/loading.lua:98]: Skip loaded file: file:///home/selecaoone/Downloads/squashfs-root/usr/share/nvim/runtime/lua/vim/treesitter/playground.lua
[23:17:28.118][info] [#0:script/workspace/loading.lua:101]: Preload file at: file:///home/selecaoone/Downloads/squashfs-root/usr/share/nvim/runtime/lua/vim/treesitter/query.lua , size = 21.253 KB
[23:17:28.136][info] [#0:script/workspace/loading.lua:113]: ++++As library of:	file:///home/selecaoone/Downloads/squashfs-root/usr/share/nvim/runtime
[23:17:28.136][info] [#0:script/workspace/loading.lua:98]: Skip loaded file: file:///home/selecaoone/Downloads/squashfs-root/usr/share/nvim/runtime/lua/vim/treesitter/query.lua
[23:17:28.136][info] [#0:script/workspace/loading.lua:101]: Preload file at: file:///home/selecaoone/Downloads/squashfs-root/usr/share/nvim/runtime/lua/vim/treesitter.lua , size = 15.225 KB
[23:17:28.148][info] [#0:script/workspace/loading.lua:113]: ++++As library of:	file:///home/selecaoone/Downloads/squashfs-root/usr/share/nvim/runtime
[23:17:28.149][info] [#0:script/workspace/loading.lua:98]: Skip loaded file: file:///home/selecaoone/Downloads/squashfs-root/usr/share/nvim/runtime/lua/vim/treesitter.lua
[23:17:28.149][info] [#0:script/workspace/loading.lua:101]: Preload file at: file:///home/selecaoone/Downloads/squashfs-root/usr/share/nvim/runtime/lua/vim/ui.lua , size = 3.672 KB
[23:17:28.151][info] [#0:script/workspace/loading.lua:113]: ++++As library of:	file:///home/selecaoone/Downloads/squashfs-root/usr/share/nvim/runtime
[23:17:28.151][info] [#0:script/workspace/loading.lua:98]: Skip loaded file: file:///home/selecaoone/Downloads/squashfs-root/usr/share/nvim/runtime/lua/vim/ui.lua
[23:17:28.151][info] [#0:script/workspace/loading.lua:101]: Preload file at: file:///home/selecaoone/Downloads/squashfs-root/usr/share/nvim/runtime/lua/vim/uri.lua , size = 3.376 KB
[23:17:28.154][info] [#0:script/workspace/loading.lua:113]: ++++As library of:	file:///home/selecaoone/Downloads/squashfs-root/usr/share/nvim/runtime
[23:17:28.154][info] [#0:script/workspace/loading.lua:98]: Skip loaded file: file:///home/selecaoone/Downloads/squashfs-root/usr/share/nvim/runtime/lua/vim/uri.lua
[23:17:28.155][info] [#0:script/workspace/loading.lua:101]: Preload file at: file:///home/selecaoone/Downloads/squashfs-root/usr/share/nvim/runtime/lua/vim/version.lua , size = 12.146 KB
[23:17:28.165][info] [#0:script/workspace/loading.lua:113]: ++++As library of:	file:///home/selecaoone/Downloads/squashfs-root/usr/share/nvim/runtime
[23:17:28.165][info] [#0:script/workspace/loading.lua:98]: Skip loaded file: file:///home/selecaoone/Downloads/squashfs-root/usr/share/nvim/runtime/lua/vim/version.lua
[23:17:28.165][info] [#0:script/workspace/loading.lua:101]: Preload file at: file:///home/selecaoone/Downloads/squashfs-root/usr/share/nvim/runtime/pack/dist/opt/cfilter/plugin/cfilter.lua , size = 3.266 KB
[23:17:28.168][info] [#0:script/workspace/loading.lua:113]: ++++As library of:	file:///home/selecaoone/Downloads/squashfs-root/usr/share/nvim/runtime
[23:17:28.168][info] [#0:script/workspace/loading.lua:98]: Skip loaded file: file:///home/selecaoone/Downloads/squashfs-root/usr/share/nvim/runtime/pack/dist/opt/cfilter/plugin/cfilter.lua
[23:17:28.168][info] [#0:script/workspace/loading.lua:101]: Preload file at: file:///home/selecaoone/Downloads/squashfs-root/usr/share/nvim/runtime/plugin/editorconfig.lua , size = 0.410 KB
[23:17:28.169][info] [#0:script/workspace/loading.lua:113]: ++++As library of:	file:///home/selecaoone/Downloads/squashfs-root/usr/share/nvim/runtime
[23:17:28.169][info] [#0:script/workspace/loading.lua:98]: Skip loaded file: file:///home/selecaoone/Downloads/squashfs-root/usr/share/nvim/runtime/plugin/editorconfig.lua
[23:17:28.169][info] [#0:script/workspace/loading.lua:101]: Preload file at: file:///home/selecaoone/Downloads/squashfs-root/usr/share/nvim/runtime/plugin/man.lua , size = 0.772 KB
[23:17:28.170][info] [#0:script/workspace/loading.lua:113]: ++++As library of:	file:///home/selecaoone/Downloads/squashfs-root/usr/share/nvim/runtime
[23:17:28.170][info] [#0:script/workspace/loading.lua:98]: Skip loaded file: file:///home/selecaoone/Downloads/squashfs-root/usr/share/nvim/runtime/plugin/man.lua
[23:17:28.170][info] [#0:script/workspace/loading.lua:101]: Preload file at: file:///home/selecaoone/Downloads/squashfs-root/usr/share/nvim/runtime/plugin/nvim.lua , size = 0.639 KB
[23:17:28.171][info] [#0:script/workspace/loading.lua:113]: ++++As library of:	file:///home/selecaoone/Downloads/squashfs-root/usr/share/nvim/runtime
[23:17:28.171][info] [#0:script/workspace/loading.lua:98]: Skip loaded file: file:///home/selecaoone/Downloads/squashfs-root/usr/share/nvim/runtime/plugin/nvim.lua
[23:17:28.171][info] [#0:script/workspace/loading.lua:101]: Preload file at: file:///home/selecaoone/Downloads/squashfs-root/usr/share/nvim/runtime/syntax/query.lua , size = 0.135 KB
[23:17:28.171][info] [#0:script/workspace/loading.lua:113]: ++++As library of:	file:///home/selecaoone/Downloads/squashfs-root/usr/share/nvim/runtime
[23:17:28.171][info] [#0:script/workspace/loading.lua:98]: Skip loaded file: file:///home/selecaoone/Downloads/squashfs-root/usr/share/nvim/runtime/syntax/query.lua
[23:17:28.172][info] [#0:script/workspace/loading.lua:101]: Preload file at: file:///home/selecaoone/personal/.config/nvim/mason_packages/Linux/packages/lua-language-server/libexec/meta/LuaJIT%20en-us%20utf8/math.lua , size = 7.949 KB
[23:17:28.179][info] [#0:script/workspace/loading.lua:113]: ++++As library of:	file:///home/selecaoone/personal/.config/nvim/mason_packages/Linux/packages/lua-language-server/libexec/meta/LuaJIT%20en-us%20utf8/math.lua
[23:17:28.179][info] [#0:script/workspace/loading.lua:101]: Preload file at: file:///home/selecaoone/personal/.config/nvim/mason_packages/Linux/packages/lua-language-server/libexec/meta/LuaJIT%20en-us%20utf8/builtin.lua , size = 0.302 KB
[23:17:28.180][info] [#0:script/workspace/loading.lua:113]: ++++As library of:	file:///home/selecaoone/personal/.config/nvim/mason_packages/Linux/packages/lua-language-server/libexec/meta/LuaJIT%20en-us%20utf8/builtin.lua
[23:17:28.180][info] [#0:script/workspace/loading.lua:98]: Skip loaded file: file:///home/selecaoone/personal/.config/nvim/mason_packages/Linux/packages/lua-language-server/libexec/meta/LuaJIT%20en-us%20utf8/math.lua
[23:17:28.180][info] [#0:script/workspace/loading.lua:98]: Skip loaded file: file:///home/selecaoone/personal/.config/nvim/mason_packages/Linux/packages/lua-language-server/libexec/meta/LuaJIT%20en-us%20utf8/builtin.lua
[23:17:28.180][info] [#0:script/workspace/loading.lua:101]: Preload file at: file:///home/selecaoone/personal/.config/nvim/bundle/assembly-explorer.nvim/lua/assembly-explorer/_core/base/file_utility.lua , size = 1.888 KB
[23:17:28.182][info] [#0:script/workspace/loading.lua:101]: Preload file at: file:///home/selecaoone/personal/.config/nvim/bundle/assembly-explorer.nvim/lua/assembly-explorer/_core/base/text_utility.lua , size = 0.401 KB
[23:17:28.182][info] [#0:script/workspace/loading.lua:101]: Preload file at: file:///home/selecaoone/personal/.config/nvim/bundle/assembly-explorer.nvim/lua/assembly-explorer/_core/base/constant.lua , size = 0.283 KB
[23:17:28.183][info] [#0:script/workspace/loading.lua:101]: Preload file at: file:///home/selecaoone/personal/.config/nvim/bundle/assembly-explorer.nvim/lua/assembly-explorer/_core/base/buff.lua , size = 0.587 KB
[23:17:28.184][info] [#0:script/workspace/loading.lua:101]: Preload file at: file:///home/selecaoone/personal/.config/nvim/bundle/assembly-explorer.nvim/lua/assembly-explorer/_core/base/tabler.lua , size = 0.563 KB
[23:17:28.185][info] [#0:script/workspace/loading.lua:101]: Preload file at: file:///home/selecaoone/personal/.config/nvim/bundle/assembly-explorer.nvim/lua/assembly-explorer/_core/buffer_utilities/auto_command.lua , size = 14.874 KB
[23:17:28.192][info] [#0:script/workspace/loading.lua:101]: Preload file at: file:///home/selecaoone/personal/.config/nvim/bundle/assembly-explorer.nvim/lua/assembly-explorer/_core/types.lua , size = 5.137 KB
[23:17:28.195][info] [#0:script/workspace/loading.lua:101]: Preload file at: file:///home/selecaoone/personal/.config/nvim/bundle/assembly-explorer.nvim/lua/assembly-explorer/_core/viewer_utilities/assembly_view.lua , size = 3.268 KB
[23:17:28.197][info] [#0:script/workspace/loading.lua:101]: Preload file at: file:///home/selecaoone/personal/.config/nvim/bundle/assembly-explorer.nvim/lua/assembly-explorer/_core/viewer_utilities/windower.lua , size = 1.130 KB
[23:17:28.198][info] [#0:script/workspace/loading.lua:101]: Preload file at: file:///home/selecaoone/personal/.config/nvim/bundle/assembly-explorer.nvim/lua/assembly-explorer/_core/cache.lua , size = 3.697 KB
[23:17:28.201][info] [#0:script/workspace/loading.lua:101]: Preload file at: file:///home/selecaoone/personal/.config/nvim/bundle/assembly-explorer.nvim/lua/assembly-explorer/_core/cli.lua , size = 1.499 KB
[23:17:28.202][info] [#0:script/workspace/loading.lua:101]: Preload file at: file:///home/selecaoone/personal/.config/nvim/bundle/assembly-explorer.nvim/lua/assembly-explorer/_core/adapters/objdump.lua , size = 2.376 KB
[23:17:28.204][info] [#0:script/workspace/loading.lua:101]: Preload file at: file:///home/selecaoone/personal/.config/nvim/bundle/assembly-explorer.nvim/lua/assembly-explorer/_core/adapters/cmake.lua , size = 5.095 KB
[23:17:28.208][info] [#0:script/workspace/loading.lua:101]: Preload file at: file:///home/selecaoone/personal/.config/nvim/bundle/assembly-explorer.nvim/lua/assembly-explorer/_core/adapters/adapter.lua , size = 4.585 KB
[23:17:28.211][info] [#0:script/workspace/loading.lua:101]: Preload file at: file:///home/selecaoone/personal/.config/nvim/bundle/assembly-explorer.nvim/lua/assembly-explorer/_core/vendors/choicer.lua , size = 5.496 KB
[23:17:28.284][info] [#0:script/workspace/loading.lua:101]: Preload file at: file:///home/selecaoone/personal/.config/nvim/bundle/assembly-explorer.nvim/lua/assembly-explorer/_core/adapters/gcc.lua , size = 13.837 KB
[23:17:28.292][info] [#0:script/workspace/loading.lua:101]: Preload file at: file:///home/selecaoone/personal/.config/nvim/bundle/assembly-explorer.nvim/lua/assembly-explorer/_core/viewer.lua , size = 15.222 KB
[23:17:28.302][info] [#0:script/workspace/loading.lua:101]: Preload file at: file:///home/selecaoone/personal/.config/nvim/bundle/assembly-explorer.nvim/lua/assembly-explorer/config.lua , size = 1.774 KB
[23:17:28.303][info] [#0:script/workspace/loading.lua:101]: Preload file at: file:///home/selecaoone/personal/.config/nvim/bundle/assembly-explorer.nvim/lua/assembly-explorer/init.lua , size = 4.249 KB
[23:17:28.416][info] [#0:script/workspace/loading.lua:173]: Loaded files takes [1.230] sec: <fallback>
[23:17:28.416][info] [#0:script/workspace/loading.lua:182]: Compile files takes [0.000] sec: <fallback>
[23:17:28.416][info] [#0:script/workspace/loading.lua:183]: Loaded finish:	<fallback>
[23:17:28.416][info] [#0:script/workspace/workspace.lua:381]: Preload finish at:	<fallback>
[23:17:28.459][info] [#0:script/workspace/loading.lua:173]: Loaded files takes [1.280] sec: file:///home/selecaoone/personal/.config/nvim/bundle/assembly-explorer.nvim/lua/
[23:17:28.459][info] [#0:script/workspace/loading.lua:182]: Compile files takes [0.000] sec: file:///home/selecaoone/personal/.config/nvim/bundle/assembly-explorer.nvim/lua/
[23:17:28.459][info] [#0:script/workspace/loading.lua:183]: Loaded finish:	file:///home/selecaoone/personal/.config/nvim/bundle/assembly-explorer.nvim/lua/
[23:17:28.459][info] [#0:script/workspace/workspace.lua:381]: Preload finish at:	file:///home/selecaoone/personal/.config/nvim/bundle/assembly-explorer.nvim/lua/
[23:17:28.517][warn] [#0:script/proto/proto.lua:187]: Method [textDocument/didOpen] takes [1.720]sec. {
  jsonrpc = "2.0",
  method = "textDocument/didOpen",
  params = {
    textDocument = {
      languageId = "lua",
      text = '"***"',
      uri = "file:///home/selecaoone/personal/.config/nvim/bundle/assembly-explorer.nvim/lua/assembly-explorer/_core/viewer_utilities/highlighter.lua",
      version = 0
    }
  }
}
[23:17:28.527][info] [#0:script/provider/diagnostic.lua:557]: Diagnostics scope [file:///home/selecaoone/personal/.config/nvim/bundle/assembly-explorer.nvim/lua/], files count:[124]
[23:17:28.536][warn] [#0:script/proto/proto.lua:187]: Method [textDocument/semanticTokens/full] takes [1.650]sec. {
  id = 11,
  jsonrpc = "2.0",
  method = "textDocument/semanticTokens/full",
  params = {
    textDocument = {
      uri = "file:///home/selecaoone/personal/.config/nvim/bundle/assembly-explorer.nvim/lua/assembly-explorer/_core/viewer_utilities/highlighter.lua"
    }
  }
}
[23:17:28.539][warn] [#0:script/proto/proto.lua:187]: Method [textDocument/documentSymbol] takes [1.750]sec. {
  id = 2,
  jsonrpc = "2.0",
  method = "textDocument/documentSymbol",
  params = {
    textDocument = {
      uri = "file:///home/selecaoone/personal/.config/nvim/bundle/assembly-explorer.nvim/lua/assembly-explorer/_core/viewer_utilities/highlighter.lua"
    }
  }
}
[23:17:28.750][info] [#0:script/provider/diagnostic.lua:574]: Diagnostics scope [file:///home/selecaoone/personal/.config/nvim/bundle/assembly-explorer.nvim/lua/] finished, takes [0.220] sec.
[23:27:26.317][info] [#0:script/service/service.lua:144]: 
========= Medical Examination Report =========
    --------------- Memory ---------------
        Total: 68.121 MB
        # 00 : 67.619 MB
        # 01 : 0.053 MB
        # 02 : 0.241 MB
        # 03 : 0.053 MB
        # 04 : 0.155 MB
    --------------- Coroutine ---------------
        Total:     42
        Running:   0
        Suspended: 0
        Normal:    0
        Dead:      42
    --------------- Cache ---------------
        Total: 1
        Dead:  0
    ---------------  RPC  ---------------
        Holdon:   0
        Waiting:  0
==============================================
[23:28:13.807][info] [#0:script/provider/provider.lua:169]: Server shutdown.
[23:28:13.907][info] [#0:script/provider/provider.lua:162]: Server exited.
